04-Nov-2022 17:41:42.477 INFO [Thread-207] org.apache.coyote.AbstractProtocol.pause Pausing ProtocolHandler ["http-nio-8080"]
04-Nov-2022 17:41:42.736 INFO [Thread-207] org.apache.catalina.core.StandardService.stopInternal Stopping service [Catalina]
04-Nov-2022 17:41:43.103 WARNING [Thread-207] org.apache.catalina.loader.WebappClassLoaderBase.clearReferencesJdbc The web application [ScadaBR] registered the JDBC driver [org.apache.derby.jdbc.AutoloadedDriver] but failed to unregister it when the web application was stopped. To prevent a memory leak, the JDBC Driver has been forcibly unregistered.
04-Nov-2022 17:41:43.104 WARNING [Thread-207] org.apache.catalina.loader.WebappClassLoaderBase.clearReferencesJdbc The web application [ScadaBR] registered the JDBC driver [com.mysql.jdbc.Driver] but failed to unregister it when the web application was stopped. To prevent a memory leak, the JDBC Driver has been forcibly unregistered.
04-Nov-2022 17:41:43.104 WARNING [Thread-207] org.apache.catalina.loader.WebappClassLoaderBase.clearReferencesJdbc The web application [ScadaBR] registered the JDBC driver [com.mysql.jdbc.Driver] but failed to unregister it when the web application was stopped. To prevent a memory leak, the JDBC Driver has been forcibly unregistered.
04-Nov-2022 17:41:43.104 WARNING [Thread-207] org.apache.catalina.loader.WebappClassLoaderBase.clearReferencesThreads The web application [ScadaBR] appears to have started a thread named [Dispatcher-Thread-2] but has failed to stop it. This is very likely to create a memory leak. Stack trace of thread:
 java.base@11.0.17/java.lang.Object.wait(Native Method)
 java.base@11.0.17/java.lang.Object.wait(Object.java:328)
 org.apache.log4j.AsyncAppender$Dispatcher.run(AsyncAppender.java:540)
 java.base@11.0.17/java.lang.Thread.run(Thread.java:834)
04-Nov-2022 17:41:43.105 WARNING [Thread-207] org.apache.catalina.loader.WebappClassLoaderBase.clearReferencesThreads The web application [ScadaBR] appears to have started a thread named [Dispatcher-Thread-3] but has failed to stop it. This is very likely to create a memory leak. Stack trace of thread:
 java.base@11.0.17/java.lang.Object.wait(Native Method)
 java.base@11.0.17/java.lang.Object.wait(Object.java:328)
 org.apache.log4j.AsyncAppender$Dispatcher.run(AsyncAppender.java:540)
 java.base@11.0.17/java.lang.Thread.run(Thread.java:834)
04-Nov-2022 17:41:43.105 WARNING [Thread-207] org.apache.catalina.loader.WebappClassLoaderBase.clearReferencesThreads The web application [ScadaBR] appears to have started a thread named [MySQL Statement Cancellation Timer] but has failed to stop it. This is very likely to create a memory leak. Stack trace of thread:
 java.base@11.0.17/java.lang.Object.wait(Native Method)
 java.base@11.0.17/java.lang.Object.wait(Object.java:328)
 java.base@11.0.17/java.util.TimerThread.mainLoop(Timer.java:527)
 java.base@11.0.17/java.util.TimerThread.run(Timer.java:506)
04-Nov-2022 17:41:43.106 WARNING [Thread-207] org.apache.catalina.loader.WebappClassLoaderBase.clearReferencesThreads The web application [ScadaBR] appears to have started a thread named [File Reaper] but has failed to stop it. This is very likely to create a memory leak. Stack trace of thread:
 java.base@11.0.17/java.lang.Object.wait(Native Method)
 java.base@11.0.17/java.lang.ref.ReferenceQueue.remove(ReferenceQueue.java:155)
 java.base@11.0.17/java.lang.ref.ReferenceQueue.remove(ReferenceQueue.java:176)
 org.apache.commons.io.FileCleaner$1.run(FileCleaner.java:62)
04-Nov-2022 17:41:43.124 INFO [Thread-207] org.apache.coyote.AbstractProtocol.stop Stopping ProtocolHandler ["http-nio-8080"]
04-Nov-2022 17:41:43.139 INFO [Thread-207] org.apache.coyote.AbstractProtocol.destroy Destroying ProtocolHandler ["http-nio-8080"]
04-Nov-2022 17:41:50.050 INFO [main] org.apache.catalina.startup.VersionLoggerListener.log Server version name:   Apache Tomcat/9.0.52
04-Nov-2022 17:41:50.054 INFO [main] org.apache.catalina.startup.VersionLoggerListener.log Server built:          Jul 31 2021 04:12:17 UTC
04-Nov-2022 17:41:50.054 INFO [main] org.apache.catalina.startup.VersionLoggerListener.log Server version number: 9.0.52.0
04-Nov-2022 17:41:50.054 INFO [main] org.apache.catalina.startup.VersionLoggerListener.log OS Name:               Windows 10
04-Nov-2022 17:41:50.054 INFO [main] org.apache.catalina.startup.VersionLoggerListener.log OS Version:            10.0
04-Nov-2022 17:41:50.054 INFO [main] org.apache.catalina.startup.VersionLoggerListener.log Architecture:          amd64
04-Nov-2022 17:41:50.055 INFO [main] org.apache.catalina.startup.VersionLoggerListener.log Java Home:             C:\Program Files\Java\jdk-11.0.17
04-Nov-2022 17:41:50.055 INFO [main] org.apache.catalina.startup.VersionLoggerListener.log JVM Version:           11.0.17+10-LTS-269
04-Nov-2022 17:41:50.055 INFO [main] org.apache.catalina.startup.VersionLoggerListener.log JVM Vendor:            Oracle Corporation
04-Nov-2022 17:41:50.055 INFO [main] org.apache.catalina.startup.VersionLoggerListener.log CATALINA_BASE:         C:\Program Files\ScadaBR\tomcat
04-Nov-2022 17:41:50.055 INFO [main] org.apache.catalina.startup.VersionLoggerListener.log CATALINA_HOME:         C:\Program Files\ScadaBR\tomcat
04-Nov-2022 17:41:50.079 INFO [main] org.apache.catalina.startup.VersionLoggerListener.log Command line argument: -Dfile.encoding=UTF-8
04-Nov-2022 17:41:50.079 INFO [main] org.apache.catalina.startup.VersionLoggerListener.log Command line argument: -Djavax.servlet.request.encoding=UTF-8
04-Nov-2022 17:41:50.079 INFO [main] org.apache.catalina.startup.VersionLoggerListener.log Command line argument: -Dcatalina.home=C:\Program Files\ScadaBR\tomcat
04-Nov-2022 17:41:50.080 INFO [main] org.apache.catalina.startup.VersionLoggerListener.log Command line argument: -Dcatalina.base=C:\Program Files\ScadaBR\tomcat
04-Nov-2022 17:41:50.080 INFO [main] org.apache.catalina.startup.VersionLoggerListener.log Command line argument: -Djava.io.tmpdir=C:\Program Files\ScadaBR\tomcat\temp
04-Nov-2022 17:41:50.080 INFO [main] org.apache.catalina.startup.VersionLoggerListener.log Command line argument: -Djava.util.logging.manager=org.apache.juli.ClassLoaderLogManager
04-Nov-2022 17:41:50.080 INFO [main] org.apache.catalina.startup.VersionLoggerListener.log Command line argument: -Djava.util.logging.config.file=C:\Program Files\ScadaBR\tomcat\conf\logging.properties
04-Nov-2022 17:41:50.080 INFO [main] org.apache.catalina.startup.VersionLoggerListener.log Command line argument: --add-opens=java.base/java.lang=ALL-UNNAMED
04-Nov-2022 17:41:50.080 INFO [main] org.apache.catalina.startup.VersionLoggerListener.log Command line argument: --add-opens=java.base/java.io=ALL-UNNAMED
04-Nov-2022 17:41:50.080 INFO [main] org.apache.catalina.startup.VersionLoggerListener.log Command line argument: --add-opens=java.base/java.util=ALL-UNNAMED
04-Nov-2022 17:41:50.081 INFO [main] org.apache.catalina.startup.VersionLoggerListener.log Command line argument: --add-opens=java.base/java.util.concurrent=ALL-UNNAMED
04-Nov-2022 17:41:50.081 INFO [main] org.apache.catalina.startup.VersionLoggerListener.log Command line argument: --add-opens=java.rmi/sun.rmi.transport=ALL-UNNAMED
04-Nov-2022 17:41:50.081 INFO [main] org.apache.catalina.startup.VersionLoggerListener.log Command line argument: exit
04-Nov-2022 17:41:50.081 INFO [main] org.apache.catalina.startup.VersionLoggerListener.log Command line argument: abort
04-Nov-2022 17:41:50.081 INFO [main] org.apache.catalina.startup.VersionLoggerListener.log Command line argument: -Xms128m
04-Nov-2022 17:41:50.081 INFO [main] org.apache.catalina.startup.VersionLoggerListener.log Command line argument: -Xmx256m
04-Nov-2022 17:41:50.114 INFO [main] org.apache.catalina.core.AprLifecycleListener.lifecycleEvent Loaded Apache Tomcat Native library [1.2.30] using APR version [1.7.0].
04-Nov-2022 17:41:50.114 INFO [main] org.apache.catalina.core.AprLifecycleListener.lifecycleEvent APR capabilities: IPv6 [true], sendfile [true], accept filters [false], random [true], UDS [true].
04-Nov-2022 17:41:50.114 INFO [main] org.apache.catalina.core.AprLifecycleListener.lifecycleEvent APR/OpenSSL configuration: useAprConnector [false], useOpenSSL [true]
04-Nov-2022 17:41:50.120 INFO [main] org.apache.catalina.core.AprLifecycleListener.initializeSSL OpenSSL successfully initialized [OpenSSL 1.1.1k  25 Mar 2021]
04-Nov-2022 17:41:50.701 INFO [main] org.apache.coyote.AbstractProtocol.init Initializing ProtocolHandler ["http-nio-8080"]
04-Nov-2022 17:41:50.748 INFO [main] org.apache.catalina.startup.Catalina.load Server initialization in [1065] milliseconds
04-Nov-2022 17:41:50.843 INFO [main] org.apache.catalina.core.StandardService.startInternal Starting service [Catalina]
04-Nov-2022 17:41:50.844 INFO [main] org.apache.catalina.core.StandardEngine.startInternal Starting Servlet engine: [Apache Tomcat/9.0.52]
04-Nov-2022 17:41:50.887 INFO [main] org.apache.catalina.startup.HostConfig.deployWAR Deploying web application archive [C:\Program Files\ScadaBR\tomcat\webapps\ScadaBR.war]
04-Nov-2022 17:42:03.548 INFO [main] org.apache.jasper.servlet.TldScanner.scanJars At least one JAR was scanned for TLDs yet contained no TLDs. Enable debug logging for this logger for a complete list of JARs that were scanned but no TLDs were found in them. Skipping unneeded JARs during scanning can improve startup time and JSP compilation time.
04-Nov-2022 17:42:08.913 WARNING [main] org.apache.catalina.util.SessionIdGeneratorBase.createSecureRandom Creation of SecureRandom instance for session ID generation using [SHA1PRNG] took [242] milliseconds.
04-Nov-2022 17:42:10.404 INFO [main] org.apache.catalina.startup.HostConfig.deployWAR Deployment of web application archive [C:\Program Files\ScadaBR\tomcat\webapps\ScadaBR.war] has finished in [19.517] ms
04-Nov-2022 17:42:10.405 INFO [main] org.apache.catalina.startup.HostConfig.deployDirectory Diretório de instalação da aplicação web [C:\Program Files\ScadaBR\tomcat\webapps\docs]
04-Nov-2022 17:42:10.495 INFO [main] org.apache.catalina.startup.HostConfig.deployDirectory Deployment of web application directory [C:\Program Files\ScadaBR\tomcat\webapps\docs] has finished in [90] ms
04-Nov-2022 17:42:10.496 INFO [main] org.apache.catalina.startup.HostConfig.deployDirectory Diretório de instalação da aplicação web [C:\Program Files\ScadaBR\tomcat\webapps\examples]
04-Nov-2022 17:42:11.659 INFO [main] org.apache.catalina.startup.HostConfig.deployDirectory Deployment of web application directory [C:\Program Files\ScadaBR\tomcat\webapps\examples] has finished in [1.163] ms
04-Nov-2022 17:42:11.660 INFO [main] org.apache.catalina.startup.HostConfig.deployDirectory Diretório de instalação da aplicação web [C:\Program Files\ScadaBR\tomcat\webapps\host-manager]
04-Nov-2022 17:42:11.781 INFO [main] org.apache.catalina.startup.HostConfig.deployDirectory Deployment of web application directory [C:\Program Files\ScadaBR\tomcat\webapps\host-manager] has finished in [121] ms
04-Nov-2022 17:42:11.782 INFO [main] org.apache.catalina.startup.HostConfig.deployDirectory Diretório de instalação da aplicação web [C:\Program Files\ScadaBR\tomcat\webapps\manager]
04-Nov-2022 17:42:11.845 INFO [main] org.apache.catalina.startup.HostConfig.deployDirectory Deployment of web application directory [C:\Program Files\ScadaBR\tomcat\webapps\manager] has finished in [63] ms
04-Nov-2022 17:42:11.845 INFO [main] org.apache.catalina.startup.HostConfig.deployDirectory Diretório de instalação da aplicação web [C:\Program Files\ScadaBR\tomcat\webapps\ROOT]
04-Nov-2022 17:42:11.880 INFO [main] org.apache.catalina.startup.HostConfig.deployDirectory Deployment of web application directory [C:\Program Files\ScadaBR\tomcat\webapps\ROOT] has finished in [35] ms
04-Nov-2022 17:42:11.886 INFO [main] org.apache.coyote.AbstractProtocol.start Starting ProtocolHandler ["http-nio-8080"]
04-Nov-2022 17:42:12.190 INFO [main] org.apache.catalina.startup.Catalina.start Server startup in [21442] milliseconds
04-Nov-2022 20:03:22.913 INFO [Thread-300] org.apache.coyote.AbstractProtocol.pause Pausing ProtocolHandler ["http-nio-8080"]
04-Nov-2022 20:03:23.100 INFO [Thread-300] org.apache.catalina.core.StandardService.stopInternal Stopping service [Catalina]
04-Nov-2022 20:03:25.088 WARNING [Thread-300] org.apache.catalina.loader.WebappClassLoaderBase.clearReferencesJdbc The web application [ScadaBR] registered the JDBC driver [org.apache.derby.jdbc.AutoloadedDriver] but failed to unregister it when the web application was stopped. To prevent a memory leak, the JDBC Driver has been forcibly unregistered.
04-Nov-2022 20:03:25.089 WARNING [Thread-300] org.apache.catalina.loader.WebappClassLoaderBase.clearReferencesJdbc The web application [ScadaBR] registered the JDBC driver [com.mysql.jdbc.Driver] but failed to unregister it when the web application was stopped. To prevent a memory leak, the JDBC Driver has been forcibly unregistered.
04-Nov-2022 20:03:25.089 WARNING [Thread-300] org.apache.catalina.loader.WebappClassLoaderBase.clearReferencesJdbc The web application [ScadaBR] registered the JDBC driver [com.mysql.jdbc.Driver] but failed to unregister it when the web application was stopped. To prevent a memory leak, the JDBC Driver has been forcibly unregistered.
04-Nov-2022 20:03:25.089 WARNING [Thread-300] org.apache.catalina.loader.WebappClassLoaderBase.clearReferencesJdbc The web application [ScadaBR] registered the JDBC driver [com.mysql.jdbc.Driver] but failed to unregister it when the web application was stopped. To prevent a memory leak, the JDBC Driver has been forcibly unregistered.
04-Nov-2022 20:03:25.089 WARNING [Thread-300] org.apache.catalina.loader.WebappClassLoaderBase.clearReferencesThreads The web application [ScadaBR] appears to have started a thread named [Dispatcher-Thread-2] but has failed to stop it. This is very likely to create a memory leak. Stack trace of thread:
 java.base@11.0.17/java.lang.Object.wait(Native Method)
 java.base@11.0.17/java.lang.Object.wait(Object.java:328)
 org.apache.log4j.AsyncAppender$Dispatcher.run(AsyncAppender.java:540)
 java.base@11.0.17/java.lang.Thread.run(Thread.java:834)
04-Nov-2022 20:03:25.090 WARNING [Thread-300] org.apache.catalina.loader.WebappClassLoaderBase.clearReferencesThreads The web application [ScadaBR] appears to have started a thread named [Dispatcher-Thread-3] but has failed to stop it. This is very likely to create a memory leak. Stack trace of thread:
 java.base@11.0.17/java.lang.Object.wait(Native Method)
 java.base@11.0.17/java.lang.Object.wait(Object.java:328)
 org.apache.log4j.AsyncAppender$Dispatcher.run(AsyncAppender.java:540)
 java.base@11.0.17/java.lang.Thread.run(Thread.java:834)
04-Nov-2022 20:03:25.090 WARNING [Thread-300] org.apache.catalina.loader.WebappClassLoaderBase.clearReferencesThreads The web application [ScadaBR] appears to have started a thread named [MySQL Statement Cancellation Timer] but has failed to stop it. This is very likely to create a memory leak. Stack trace of thread:
 java.base@11.0.17/java.lang.Object.wait(Native Method)
 java.base@11.0.17/java.lang.Object.wait(Object.java:328)
 java.base@11.0.17/java.util.TimerThread.mainLoop(Timer.java:527)
 java.base@11.0.17/java.util.TimerThread.run(Timer.java:506)
04-Nov-2022 20:03:25.090 WARNING [Thread-300] org.apache.catalina.loader.WebappClassLoaderBase.clearReferencesThreads The web application [ScadaBR] appears to have started a thread named [File Reaper] but has failed to stop it. This is very likely to create a memory leak. Stack trace of thread:
 java.base@11.0.17/java.lang.Object.wait(Native Method)
 java.base@11.0.17/java.lang.ref.ReferenceQueue.remove(ReferenceQueue.java:155)
 java.base@11.0.17/java.lang.ref.ReferenceQueue.remove(ReferenceQueue.java:176)
 org.apache.commons.io.FileCleaner$1.run(FileCleaner.java:62)
04-Nov-2022 20:03:25.106 INFO [Thread-300] org.apache.coyote.AbstractProtocol.stop Stopping ProtocolHandler ["http-nio-8080"]
04-Nov-2022 20:03:25.160 INFO [Thread-300] org.apache.coyote.AbstractProtocol.destroy Destroying ProtocolHandler ["http-nio-8080"]
