12-Nov-2022 04:30:30.705 INFO [main] org.apache.catalina.startup.VersionLoggerListener.log Server version name:   Apache Tomcat/9.0.52
12-Nov-2022 04:30:30.715 INFO [main] org.apache.catalina.startup.VersionLoggerListener.log Server built:          Jul 31 2021 04:12:17 UTC
12-Nov-2022 04:30:30.715 INFO [main] org.apache.catalina.startup.VersionLoggerListener.log Server version number: 9.0.52.0
12-Nov-2022 04:30:30.715 INFO [main] org.apache.catalina.startup.VersionLoggerListener.log OS Name:               Windows 10
12-Nov-2022 04:30:30.715 INFO [main] org.apache.catalina.startup.VersionLoggerListener.log OS Version:            10.0
12-Nov-2022 04:30:30.715 INFO [main] org.apache.catalina.startup.VersionLoggerListener.log Architecture:          amd64
12-Nov-2022 04:30:30.715 INFO [main] org.apache.catalina.startup.VersionLoggerListener.log Java Home:             C:\Program Files\Java\jdk-11.0.17
12-Nov-2022 04:30:30.715 INFO [main] org.apache.catalina.startup.VersionLoggerListener.log JVM Version:           11.0.17+10-LTS-269
12-Nov-2022 04:30:30.715 INFO [main] org.apache.catalina.startup.VersionLoggerListener.log JVM Vendor:            Oracle Corporation
12-Nov-2022 04:30:30.715 INFO [main] org.apache.catalina.startup.VersionLoggerListener.log CATALINA_BASE:         C:\Program Files\ScadaBR\tomcat
12-Nov-2022 04:30:30.715 INFO [main] org.apache.catalina.startup.VersionLoggerListener.log CATALINA_HOME:         C:\Program Files\ScadaBR\tomcat
12-Nov-2022 04:30:30.757 INFO [main] org.apache.catalina.startup.VersionLoggerListener.log Command line argument: -Dfile.encoding=UTF-8
12-Nov-2022 04:30:30.757 INFO [main] org.apache.catalina.startup.VersionLoggerListener.log Command line argument: -Djavax.servlet.request.encoding=UTF-8
12-Nov-2022 04:30:30.757 INFO [main] org.apache.catalina.startup.VersionLoggerListener.log Command line argument: -Dcatalina.home=C:\Program Files\ScadaBR\tomcat
12-Nov-2022 04:30:30.757 INFO [main] org.apache.catalina.startup.VersionLoggerListener.log Command line argument: -Dcatalina.base=C:\Program Files\ScadaBR\tomcat
12-Nov-2022 04:30:30.757 INFO [main] org.apache.catalina.startup.VersionLoggerListener.log Command line argument: -Djava.io.tmpdir=C:\Program Files\ScadaBR\tomcat\temp
12-Nov-2022 04:30:30.757 INFO [main] org.apache.catalina.startup.VersionLoggerListener.log Command line argument: -Djava.util.logging.manager=org.apache.juli.ClassLoaderLogManager
12-Nov-2022 04:30:30.757 INFO [main] org.apache.catalina.startup.VersionLoggerListener.log Command line argument: -Djava.util.logging.config.file=C:\Program Files\ScadaBR\tomcat\conf\logging.properties
12-Nov-2022 04:30:30.757 INFO [main] org.apache.catalina.startup.VersionLoggerListener.log Command line argument: --add-opens=java.base/java.lang=ALL-UNNAMED
12-Nov-2022 04:30:30.757 INFO [main] org.apache.catalina.startup.VersionLoggerListener.log Command line argument: --add-opens=java.base/java.io=ALL-UNNAMED
12-Nov-2022 04:30:30.816 INFO [main] org.apache.catalina.startup.VersionLoggerListener.log Command line argument: --add-opens=java.base/java.util=ALL-UNNAMED
12-Nov-2022 04:30:30.816 INFO [main] org.apache.catalina.startup.VersionLoggerListener.log Command line argument: --add-opens=java.base/java.util.concurrent=ALL-UNNAMED
12-Nov-2022 04:30:30.816 INFO [main] org.apache.catalina.startup.VersionLoggerListener.log Command line argument: --add-opens=java.rmi/sun.rmi.transport=ALL-UNNAMED
12-Nov-2022 04:30:30.816 INFO [main] org.apache.catalina.startup.VersionLoggerListener.log Command line argument: exit
12-Nov-2022 04:30:30.816 INFO [main] org.apache.catalina.startup.VersionLoggerListener.log Command line argument: abort
12-Nov-2022 04:30:30.816 INFO [main] org.apache.catalina.startup.VersionLoggerListener.log Command line argument: -Xms128m
12-Nov-2022 04:30:30.816 INFO [main] org.apache.catalina.startup.VersionLoggerListener.log Command line argument: -Xmx256m
12-Nov-2022 04:30:30.838 INFO [main] org.apache.catalina.core.AprLifecycleListener.lifecycleEvent Loaded Apache Tomcat Native library [1.2.30] using APR version [1.7.0].
12-Nov-2022 04:30:30.838 INFO [main] org.apache.catalina.core.AprLifecycleListener.lifecycleEvent APR capabilities: IPv6 [true], sendfile [true], accept filters [false], random [true], UDS [true].
12-Nov-2022 04:30:30.838 INFO [main] org.apache.catalina.core.AprLifecycleListener.lifecycleEvent APR/OpenSSL configuration: useAprConnector [false], useOpenSSL [true]
12-Nov-2022 04:30:30.878 INFO [main] org.apache.catalina.core.AprLifecycleListener.initializeSSL OpenSSL successfully initialized [OpenSSL 1.1.1k  25 Mar 2021]
12-Nov-2022 04:30:31.956 INFO [main] org.apache.coyote.AbstractProtocol.init Initializing ProtocolHandler ["http-nio-8080"]
12-Nov-2022 04:30:32.064 INFO [main] org.apache.catalina.startup.Catalina.load Server initialization in [2507] milliseconds
12-Nov-2022 04:30:32.346 INFO [main] org.apache.catalina.core.StandardService.startInternal Starting service [Catalina]
12-Nov-2022 04:30:32.346 INFO [main] org.apache.catalina.core.StandardEngine.startInternal Starting Servlet engine: [Apache Tomcat/9.0.52]
12-Nov-2022 04:30:32.409 INFO [main] org.apache.catalina.startup.HostConfig.deployWAR Deploying web application archive [C:\Program Files\ScadaBR\tomcat\webapps\ScadaBR.war]
12-Nov-2022 04:30:40.576 INFO [main] org.apache.jasper.servlet.TldScanner.scanJars At least one JAR was scanned for TLDs yet contained no TLDs. Enable debug logging for this logger for a complete list of JARs that were scanned but no TLDs were found in them. Skipping unneeded JARs during scanning can improve startup time and JSP compilation time.
12-Nov-2022 04:30:47.324 WARNING [main] org.apache.catalina.util.SessionIdGeneratorBase.createSecureRandom Creation of SecureRandom instance for session ID generation using [SHA1PRNG] took [203] milliseconds.
12-Nov-2022 04:30:49.640 INFO [main] org.apache.catalina.startup.HostConfig.deployWAR Deployment of web application archive [C:\Program Files\ScadaBR\tomcat\webapps\ScadaBR.war] has finished in [17.231] ms
12-Nov-2022 04:30:49.640 INFO [main] org.apache.catalina.startup.HostConfig.deployDirectory Diretório de instalação da aplicação web [C:\Program Files\ScadaBR\tomcat\webapps\docs]
12-Nov-2022 04:30:49.734 INFO [main] org.apache.catalina.startup.HostConfig.deployDirectory Deployment of web application directory [C:\Program Files\ScadaBR\tomcat\webapps\docs] has finished in [94] ms
12-Nov-2022 04:30:49.734 INFO [main] org.apache.catalina.startup.HostConfig.deployDirectory Diretório de instalação da aplicação web [C:\Program Files\ScadaBR\tomcat\webapps\examples]
12-Nov-2022 04:30:51.437 INFO [main] org.apache.catalina.startup.HostConfig.deployDirectory Deployment of web application directory [C:\Program Files\ScadaBR\tomcat\webapps\examples] has finished in [1.703] ms
12-Nov-2022 04:30:51.437 INFO [main] org.apache.catalina.startup.HostConfig.deployDirectory Diretório de instalação da aplicação web [C:\Program Files\ScadaBR\tomcat\webapps\host-manager]
12-Nov-2022 04:30:51.515 INFO [main] org.apache.catalina.startup.HostConfig.deployDirectory Deployment of web application directory [C:\Program Files\ScadaBR\tomcat\webapps\host-manager] has finished in [78] ms
12-Nov-2022 04:30:51.515 INFO [main] org.apache.catalina.startup.HostConfig.deployDirectory Diretório de instalação da aplicação web [C:\Program Files\ScadaBR\tomcat\webapps\manager]
12-Nov-2022 04:30:51.608 INFO [main] org.apache.catalina.startup.HostConfig.deployDirectory Deployment of web application directory [C:\Program Files\ScadaBR\tomcat\webapps\manager] has finished in [93] ms
12-Nov-2022 04:30:51.608 INFO [main] org.apache.catalina.startup.HostConfig.deployDirectory Diretório de instalação da aplicação web [C:\Program Files\ScadaBR\tomcat\webapps\ROOT]
12-Nov-2022 04:30:51.655 INFO [main] org.apache.catalina.startup.HostConfig.deployDirectory Deployment of web application directory [C:\Program Files\ScadaBR\tomcat\webapps\ROOT] has finished in [47] ms
12-Nov-2022 04:30:51.655 INFO [main] org.apache.coyote.AbstractProtocol.start Starting ProtocolHandler ["http-nio-8080"]
12-Nov-2022 04:30:51.905 INFO [main] org.apache.catalina.startup.Catalina.start Server startup in [19842] milliseconds
