[2022-11-03 16:30:07] [info]  [ 8164] Apache Commons Daemon procrun (1.2.4.0 64-bit) started.
[2022-11-03 16:30:07] [info]  [ 8164] Running Service 'ScadaBR'...
[2022-11-03 16:30:07] [info]  [18408] Starting service...
[2022-11-03 16:30:09] [info]  [18408] Service started in 1772 milliseconds.
[2022-11-03 16:57:25] [info]  [ 6244] Stopping service...
[2022-11-03 16:57:26] [info]  [ 6244] Service stop thread completed.
[2022-11-03 16:57:26] [info]  [ 8164] Run service finished.
[2022-11-03 16:57:26] [info]  [ 8164] Apache Commons Daemon procrun finished.
[2022-11-03 16:57:35] [info]  [ 1076] Apache Commons Daemon procrun (1.2.4.0 64-bit) started.
[2022-11-03 16:57:35] [info]  [ 1076] Running Service 'ScadaBR'...
[2022-11-03 16:57:35] [info]  [ 1288] Starting service...
[2022-11-03 16:57:36] [info]  [ 1288] Service started in 1268 milliseconds.
[2022-11-03 17:06:50] [info]  [ 7724] Stopping service...
[2022-11-03 17:06:51] [info]  [ 7724] Service stop thread completed.
[2022-11-03 17:06:51] [info]  [ 1076] Run service finished.
[2022-11-03 17:06:51] [info]  [ 1076] Apache Commons Daemon procrun finished.
[2022-11-03 17:07:00] [info]  [15920] Apache Commons Daemon procrun (1.2.4.0 64-bit) started.
[2022-11-03 17:07:00] [info]  [15920] Running Service 'ScadaBR'...
[2022-11-03 17:07:00] [info]  [ 6928] Starting service...
[2022-11-03 17:07:01] [info]  [ 6928] Service started in 1253 milliseconds.
[2022-11-04 17:41:42] [info]  [17708] Stopping service...
[2022-11-04 17:41:43] [info]  [17708] Service stop thread completed.
[2022-11-04 17:41:43] [info]  [15920] Run service finished.
[2022-11-04 17:41:43] [info]  [15920] Apache Commons Daemon procrun finished.
