17-Nov-2022 18:16:52.981 INFO [Thread-23] org.apache.catalina.core.ApplicationContext.log SessionListener: contextDestroyed()
17-Nov-2022 18:16:52.981 INFO [Thread-23] org.apache.catalina.core.ApplicationContext.log ContextListener: contextDestroyed()
17-Nov-2022 18:16:55.430 INFO [Thread-23] org.apache.catalina.core.ApplicationContext.log Destroying Spring FrameworkServlet 'springDispatcher'
17-Nov-2022 18:16:57.726 INFO [Thread-23] org.apache.catalina.core.ApplicationContext.log Closing Spring root WebApplicationContext
17-Nov-2022 18:32:13.610 INFO [main] org.apache.catalina.core.ApplicationContext.log Initializing Spring root WebApplicationContext
17-Nov-2022 18:32:21.077 INFO [main] org.apache.catalina.core.ApplicationContext.log Initializing Spring FrameworkServlet 'springDispatcher'
17-Nov-2022 18:32:23.893 INFO [main] org.apache.catalina.core.ApplicationContext.log ContextListener: contextInitialized()
17-Nov-2022 18:32:23.893 INFO [main] org.apache.catalina.core.ApplicationContext.log SessionListener: contextInitialized()
17-Nov-2022 18:32:23.901 INFO [main] org.apache.catalina.core.ApplicationContext.log ContextListener: attributeAdded('StockTicker', 'async.Stockticker@4fba033c')
17-Nov-2022 20:40:52.579 SEVERE [http-nio-8080-exec-4] org.apache.catalina.core.StandardWrapperValve.invoke Servlet.service() for servlet [springDispatcher] in context with path [/ScadaBR] threw exception [Request processing failed; nested exception is com.serotonin.ShouldNeverHappenException: Invalid submit parameter] with root cause
	com.serotonin.ShouldNeverHappenException: Invalid submit parameter
		at com.serotonin.mango.web.mvc.controller.ViewEditController.onSubmit(ViewEditController.java:191)
		at org.springframework.web.servlet.mvc.SimpleFormController.processFormSubmission(SimpleFormController.java:267)
		at org.springframework.web.servlet.mvc.AbstractFormController.handleRequestInternal(AbstractFormController.java:265)
		at org.springframework.web.servlet.mvc.AbstractController.handleRequest(AbstractController.java:153)
		at org.springframework.web.servlet.mvc.SimpleControllerHandlerAdapter.handle(SimpleControllerHandlerAdapter.java:48)
		at org.springframework.web.servlet.DispatcherServlet.doDispatch(DispatcherServlet.java:875)
		at org.springframework.web.servlet.DispatcherServlet.doService(DispatcherServlet.java:809)
		at org.springframework.web.servlet.FrameworkServlet.processRequest(FrameworkServlet.java:523)
		at org.springframework.web.servlet.FrameworkServlet.doPost(FrameworkServlet.java:463)
		at javax.servlet.http.HttpServlet.service(HttpServlet.java:681)
		at javax.servlet.http.HttpServlet.service(HttpServlet.java:764)
		at org.apache.catalina.core.ApplicationFilterChain.internalDoFilter(ApplicationFilterChain.java:227)
		at org.apache.catalina.core.ApplicationFilterChain.doFilter(ApplicationFilterChain.java:162)
		at org.apache.tomcat.websocket.server.WsFilter.doFilter(WsFilter.java:53)
		at org.apache.catalina.core.ApplicationFilterChain.internalDoFilter(ApplicationFilterChain.java:189)
		at org.apache.catalina.core.ApplicationFilterChain.doFilter(ApplicationFilterChain.java:162)
		at com.serotonin.mango.web.filter.WebContextFilter.doFilter(WebContextFilter.java:57)
		at org.apache.catalina.core.ApplicationFilterChain.internalDoFilter(ApplicationFilterChain.java:189)
		at org.apache.catalina.core.ApplicationFilterChain.doFilter(ApplicationFilterChain.java:162)
		at com.serotonin.mango.web.filter.LoggedInFilter.doFilter(LoggedInFilter.java:75)
		at org.apache.catalina.core.ApplicationFilterChain.internalDoFilter(ApplicationFilterChain.java:189)
		at org.apache.catalina.core.ApplicationFilterChain.doFilter(ApplicationFilterChain.java:162)
		at com.serotonin.web.filter.CharacterSetFilter.doFilter(CharacterSetFilter.java:37)
		at org.apache.catalina.core.ApplicationFilterChain.internalDoFilter(ApplicationFilterChain.java:189)
		at org.apache.catalina.core.ApplicationFilterChain.doFilter(ApplicationFilterChain.java:162)
		at org.apache.catalina.core.StandardWrapperValve.invoke(StandardWrapperValve.java:197)
		at org.apache.catalina.core.StandardContextValve.invoke(StandardContextValve.java:97)
		at org.apache.catalina.authenticator.AuthenticatorBase.invoke(AuthenticatorBase.java:542)
		at org.apache.catalina.core.StandardHostValve.invoke(StandardHostValve.java:135)
		at org.apache.catalina.valves.ErrorReportValve.invoke(ErrorReportValve.java:92)
		at org.apache.catalina.valves.AbstractAccessLogValve.invoke(AbstractAccessLogValve.java:687)
		at org.apache.catalina.core.StandardEngineValve.invoke(StandardEngineValve.java:78)
		at org.apache.catalina.connector.CoyoteAdapter.service(CoyoteAdapter.java:357)
		at org.apache.coyote.http11.Http11Processor.service(Http11Processor.java:382)
		at org.apache.coyote.AbstractProcessorLight.process(AbstractProcessorLight.java:65)
		at org.apache.coyote.AbstractProtocol$ConnectionHandler.process(AbstractProtocol.java:893)
		at org.apache.tomcat.util.net.NioEndpoint$SocketProcessor.doRun(NioEndpoint.java:1726)
		at org.apache.tomcat.util.net.SocketProcessorBase.run(SocketProcessorBase.java:49)
		at org.apache.tomcat.util.threads.ThreadPoolExecutor.runWorker(ThreadPoolExecutor.java:1191)
		at org.apache.tomcat.util.threads.ThreadPoolExecutor$Worker.run(ThreadPoolExecutor.java:659)
		at org.apache.tomcat.util.threads.TaskThread$WrappingRunnable.run(TaskThread.java:61)
		at java.base/java.lang.Thread.run(Thread.java:834)
17-Nov-2022 20:40:55.970 SEVERE [http-nio-8080-exec-5] org.apache.catalina.core.StandardWrapperValve.invoke Servlet.service() for servlet [springDispatcher] in context with path [/ScadaBR] threw exception [Request processing failed; nested exception is com.serotonin.ShouldNeverHappenException: Invalid submit parameter] with root cause
	com.serotonin.ShouldNeverHappenException: Invalid submit parameter
		at com.serotonin.mango.web.mvc.controller.ViewEditController.onSubmit(ViewEditController.java:191)
		at org.springframework.web.servlet.mvc.SimpleFormController.processFormSubmission(SimpleFormController.java:267)
		at org.springframework.web.servlet.mvc.AbstractFormController.handleRequestInternal(AbstractFormController.java:265)
		at org.springframework.web.servlet.mvc.AbstractController.handleRequest(AbstractController.java:153)
		at org.springframework.web.servlet.mvc.SimpleControllerHandlerAdapter.handle(SimpleControllerHandlerAdapter.java:48)
		at org.springframework.web.servlet.DispatcherServlet.doDispatch(DispatcherServlet.java:875)
		at org.springframework.web.servlet.DispatcherServlet.doService(DispatcherServlet.java:809)
		at org.springframework.web.servlet.FrameworkServlet.processRequest(FrameworkServlet.java:523)
		at org.springframework.web.servlet.FrameworkServlet.doPost(FrameworkServlet.java:463)
		at javax.servlet.http.HttpServlet.service(HttpServlet.java:681)
		at javax.servlet.http.HttpServlet.service(HttpServlet.java:764)
		at org.apache.catalina.core.ApplicationFilterChain.internalDoFilter(ApplicationFilterChain.java:227)
		at org.apache.catalina.core.ApplicationFilterChain.doFilter(ApplicationFilterChain.java:162)
		at org.apache.tomcat.websocket.server.WsFilter.doFilter(WsFilter.java:53)
		at org.apache.catalina.core.ApplicationFilterChain.internalDoFilter(ApplicationFilterChain.java:189)
		at org.apache.catalina.core.ApplicationFilterChain.doFilter(ApplicationFilterChain.java:162)
		at com.serotonin.mango.web.filter.WebContextFilter.doFilter(WebContextFilter.java:57)
		at org.apache.catalina.core.ApplicationFilterChain.internalDoFilter(ApplicationFilterChain.java:189)
		at org.apache.catalina.core.ApplicationFilterChain.doFilter(ApplicationFilterChain.java:162)
		at com.serotonin.mango.web.filter.LoggedInFilter.doFilter(LoggedInFilter.java:75)
		at org.apache.catalina.core.ApplicationFilterChain.internalDoFilter(ApplicationFilterChain.java:189)
		at org.apache.catalina.core.ApplicationFilterChain.doFilter(ApplicationFilterChain.java:162)
		at com.serotonin.web.filter.CharacterSetFilter.doFilter(CharacterSetFilter.java:37)
		at org.apache.catalina.core.ApplicationFilterChain.internalDoFilter(ApplicationFilterChain.java:189)
		at org.apache.catalina.core.ApplicationFilterChain.doFilter(ApplicationFilterChain.java:162)
		at org.apache.catalina.core.StandardWrapperValve.invoke(StandardWrapperValve.java:197)
		at org.apache.catalina.core.StandardContextValve.invoke(StandardContextValve.java:97)
		at org.apache.catalina.authenticator.AuthenticatorBase.invoke(AuthenticatorBase.java:542)
		at org.apache.catalina.core.StandardHostValve.invoke(StandardHostValve.java:135)
		at org.apache.catalina.valves.ErrorReportValve.invoke(ErrorReportValve.java:92)
		at org.apache.catalina.valves.AbstractAccessLogValve.invoke(AbstractAccessLogValve.java:687)
		at org.apache.catalina.core.StandardEngineValve.invoke(StandardEngineValve.java:78)
		at org.apache.catalina.connector.CoyoteAdapter.service(CoyoteAdapter.java:357)
		at org.apache.coyote.http11.Http11Processor.service(Http11Processor.java:382)
		at org.apache.coyote.AbstractProcessorLight.process(AbstractProcessorLight.java:65)
		at org.apache.coyote.AbstractProtocol$ConnectionHandler.process(AbstractProtocol.java:893)
		at org.apache.tomcat.util.net.NioEndpoint$SocketProcessor.doRun(NioEndpoint.java:1726)
		at org.apache.tomcat.util.net.SocketProcessorBase.run(SocketProcessorBase.java:49)
		at org.apache.tomcat.util.threads.ThreadPoolExecutor.runWorker(ThreadPoolExecutor.java:1191)
		at org.apache.tomcat.util.threads.ThreadPoolExecutor$Worker.run(ThreadPoolExecutor.java:659)
		at org.apache.tomcat.util.threads.TaskThread$WrappingRunnable.run(TaskThread.java:61)
		at java.base/java.lang.Thread.run(Thread.java:834)
