03-Nov-2022 16:30:03.246 INFO [Thread-462] org.apache.catalina.core.ApplicationContext.log SessionListener: contextDestroyed()
03-Nov-2022 16:30:03.247 INFO [Thread-462] org.apache.catalina.core.ApplicationContext.log ContextListener: contextDestroyed()
03-Nov-2022 16:30:03.468 INFO [Thread-462] org.apache.catalina.core.ApplicationContext.log Destroying Spring FrameworkServlet 'springDispatcher'
03-Nov-2022 16:30:03.604 INFO [Thread-462] org.apache.catalina.core.ApplicationContext.log Closing Spring root WebApplicationContext
03-Nov-2022 16:30:24.089 INFO [main] org.apache.catalina.core.ApplicationContext.log Initializing Spring root WebApplicationContext
03-Nov-2022 16:30:28.573 INFO [main] org.apache.catalina.core.ApplicationContext.log Initializing Spring FrameworkServlet 'springDispatcher'
03-Nov-2022 16:30:31.236 INFO [main] org.apache.catalina.core.ApplicationContext.log ContextListener: contextInitialized()
03-Nov-2022 16:30:31.236 INFO [main] org.apache.catalina.core.ApplicationContext.log SessionListener: contextInitialized()
03-Nov-2022 16:30:31.238 INFO [main] org.apache.catalina.core.ApplicationContext.log ContextListener: attributeAdded('StockTicker', 'async.Stockticker@3a95fd1c')
03-Nov-2022 16:57:25.410 INFO [Thread-43] org.apache.catalina.core.ApplicationContext.log SessionListener: contextDestroyed()
03-Nov-2022 16:57:25.411 INFO [Thread-43] org.apache.catalina.core.ApplicationContext.log ContextListener: contextDestroyed()
03-Nov-2022 16:57:25.647 SEVERE [http-nio-8080-exec-9] org.apache.catalina.core.ApplicationContext.log Error during mapping
	java.lang.NullPointerException
		at org.apache.catalina.mapper.Mapper.internalMapWrapper(Mapper.java:870)
		at org.apache.catalina.mapper.Mapper.map(Mapper.java:725)
		at org.apache.catalina.core.ApplicationContext.getRequestDispatcher(ApplicationContext.java:472)
		at org.apache.catalina.core.ApplicationContextFacade.getRequestDispatcher(ApplicationContextFacade.java:225)
		at org.apache.catalina.connector.Request.getRequestDispatcher(Request.java:1417)
		at org.apache.catalina.connector.RequestFacade.getRequestDispatcher(RequestFacade.java:614)
		at com.serotonin.web.content.ContentGenerator.generateContent(ContentGenerator.java:48)
		at com.serotonin.mango.web.dwr.BaseDwr.generateContent(BaseDwr.java:305)
		at com.serotonin.mango.web.dwr.ViewDwr.preparePointComponentState(ViewDwr.java:314)
		at com.serotonin.mango.web.dwr.ViewDwr.addPointComponentState(ViewDwr.java:270)
		at com.serotonin.mango.web.dwr.ViewDwr.getViewPointData(ViewDwr.java:242)
		at com.serotonin.mango.web.dwr.ViewDwr.getViewPointData(ViewDwr.java:182)
		at com.serotonin.mango.web.dwr.MiscDwr.doLongPoll(MiscDwr.java:402)
		at jdk.internal.reflect.GeneratedMethodAccessor133.invoke(Unknown Source)
		at java.base/jdk.internal.reflect.DelegatingMethodAccessorImpl.invoke(DelegatingMethodAccessorImpl.java:43)
		at java.base/java.lang.reflect.Method.invoke(Method.java:566)
		at org.directwebremoting.impl.ExecuteAjaxFilter.doFilter(ExecuteAjaxFilter.java:34)
		at org.directwebremoting.impl.DefaultRemoter$1.doFilter(DefaultRemoter.java:428)
		at com.serotonin.mango.web.dwr.util.LoggedInAjaxMethodFilter.doFilter(LoggedInAjaxMethodFilter.java:52)
		at org.directwebremoting.impl.DefaultRemoter$1.doFilter(DefaultRemoter.java:428)
		at com.serotonin.web.dwr.LocalizationFilter.doFilter(LocalizationFilter.java:42)
		at org.directwebremoting.impl.DefaultRemoter$1.doFilter(DefaultRemoter.java:428)
		at com.serotonin.mango.web.filter.ExceptionDetectionFilter.doFilter(ExceptionDetectionFilter.java:40)
		at org.directwebremoting.impl.DefaultRemoter$1.doFilter(DefaultRemoter.java:428)
		at org.directwebremoting.impl.DefaultRemoter.execute(DefaultRemoter.java:431)
		at org.directwebremoting.impl.DefaultRemoter.execute(DefaultRemoter.java:283)
		at org.directwebremoting.servlet.PlainCallHandler.handle(PlainCallHandler.java:52)
		at org.directwebremoting.servlet.UrlProcessor.handle(UrlProcessor.java:101)
		at org.directwebremoting.servlet.DwrServlet.doPost(DwrServlet.java:146)
		at javax.servlet.http.HttpServlet.service(HttpServlet.java:681)
		at javax.servlet.http.HttpServlet.service(HttpServlet.java:764)
		at org.apache.catalina.core.ApplicationFilterChain.internalDoFilter(ApplicationFilterChain.java:227)
		at org.apache.catalina.core.ApplicationFilterChain.doFilter(ApplicationFilterChain.java:162)
		at org.apache.tomcat.websocket.server.WsFilter.doFilter(WsFilter.java:53)
		at org.apache.catalina.core.ApplicationFilterChain.internalDoFilter(ApplicationFilterChain.java:189)
		at org.apache.catalina.core.ApplicationFilterChain.doFilter(ApplicationFilterChain.java:162)
		at org.apache.catalina.core.StandardWrapperValve.invoke(StandardWrapperValve.java:197)
		at org.apache.catalina.core.StandardContextValve.invoke(StandardContextValve.java:97)
		at org.apache.catalina.authenticator.AuthenticatorBase.invoke(AuthenticatorBase.java:542)
		at org.apache.catalina.core.StandardHostValve.invoke(StandardHostValve.java:135)
		at org.apache.catalina.valves.ErrorReportValve.invoke(ErrorReportValve.java:92)
		at org.apache.catalina.valves.AbstractAccessLogValve.invoke(AbstractAccessLogValve.java:687)
		at org.apache.catalina.core.StandardEngineValve.invoke(StandardEngineValve.java:78)
		at org.apache.catalina.connector.CoyoteAdapter.service(CoyoteAdapter.java:357)
		at org.apache.coyote.http11.Http11Processor.service(Http11Processor.java:382)
		at org.apache.coyote.AbstractProcessorLight.process(AbstractProcessorLight.java:65)
		at org.apache.coyote.AbstractProtocol$ConnectionHandler.process(AbstractProtocol.java:893)
		at org.apache.tomcat.util.net.NioEndpoint$SocketProcessor.doRun(NioEndpoint.java:1726)
		at org.apache.tomcat.util.net.SocketProcessorBase.run(SocketProcessorBase.java:49)
		at org.apache.tomcat.util.threads.ThreadPoolExecutor.runWorker(ThreadPoolExecutor.java:1191)
		at org.apache.tomcat.util.threads.ThreadPoolExecutor$Worker.run(ThreadPoolExecutor.java:659)
		at org.apache.tomcat.util.threads.TaskThread$WrappingRunnable.run(TaskThread.java:61)
		at java.base/java.lang.Thread.run(Thread.java:834)
03-Nov-2022 16:57:25.649 SEVERE [http-nio-8080-exec-9] org.apache.catalina.core.ApplicationContext.log Error during mapping
	java.lang.NullPointerException
		at org.apache.catalina.mapper.Mapper.internalMapWrapper(Mapper.java:870)
		at org.apache.catalina.mapper.Mapper.map(Mapper.java:725)
		at org.apache.catalina.core.ApplicationContext.getRequestDispatcher(ApplicationContext.java:472)
		at org.apache.catalina.core.ApplicationContextFacade.getRequestDispatcher(ApplicationContextFacade.java:225)
		at org.apache.catalina.connector.Request.getRequestDispatcher(Request.java:1417)
		at org.apache.catalina.connector.RequestFacade.getRequestDispatcher(RequestFacade.java:614)
		at com.serotonin.web.content.ContentGenerator.generateContent(ContentGenerator.java:48)
		at com.serotonin.mango.web.dwr.BaseDwr.generateContent(BaseDwr.java:305)
		at com.serotonin.mango.web.dwr.ViewDwr.preparePointComponentState(ViewDwr.java:318)
		at com.serotonin.mango.web.dwr.ViewDwr.addPointComponentState(ViewDwr.java:270)
		at com.serotonin.mango.web.dwr.ViewDwr.getViewPointData(ViewDwr.java:242)
		at com.serotonin.mango.web.dwr.ViewDwr.getViewPointData(ViewDwr.java:182)
		at com.serotonin.mango.web.dwr.MiscDwr.doLongPoll(MiscDwr.java:402)
		at jdk.internal.reflect.GeneratedMethodAccessor133.invoke(Unknown Source)
		at java.base/jdk.internal.reflect.DelegatingMethodAccessorImpl.invoke(DelegatingMethodAccessorImpl.java:43)
		at java.base/java.lang.reflect.Method.invoke(Method.java:566)
		at org.directwebremoting.impl.ExecuteAjaxFilter.doFilter(ExecuteAjaxFilter.java:34)
		at org.directwebremoting.impl.DefaultRemoter$1.doFilter(DefaultRemoter.java:428)
		at com.serotonin.mango.web.dwr.util.LoggedInAjaxMethodFilter.doFilter(LoggedInAjaxMethodFilter.java:52)
		at org.directwebremoting.impl.DefaultRemoter$1.doFilter(DefaultRemoter.java:428)
		at com.serotonin.web.dwr.LocalizationFilter.doFilter(LocalizationFilter.java:42)
		at org.directwebremoting.impl.DefaultRemoter$1.doFilter(DefaultRemoter.java:428)
		at com.serotonin.mango.web.filter.ExceptionDetectionFilter.doFilter(ExceptionDetectionFilter.java:40)
		at org.directwebremoting.impl.DefaultRemoter$1.doFilter(DefaultRemoter.java:428)
		at org.directwebremoting.impl.DefaultRemoter.execute(DefaultRemoter.java:431)
		at org.directwebremoting.impl.DefaultRemoter.execute(DefaultRemoter.java:283)
		at org.directwebremoting.servlet.PlainCallHandler.handle(PlainCallHandler.java:52)
		at org.directwebremoting.servlet.UrlProcessor.handle(UrlProcessor.java:101)
		at org.directwebremoting.servlet.DwrServlet.doPost(DwrServlet.java:146)
		at javax.servlet.http.HttpServlet.service(HttpServlet.java:681)
		at javax.servlet.http.HttpServlet.service(HttpServlet.java:764)
		at org.apache.catalina.core.ApplicationFilterChain.internalDoFilter(ApplicationFilterChain.java:227)
		at org.apache.catalina.core.ApplicationFilterChain.doFilter(ApplicationFilterChain.java:162)
		at org.apache.tomcat.websocket.server.WsFilter.doFilter(WsFilter.java:53)
		at org.apache.catalina.core.ApplicationFilterChain.internalDoFilter(ApplicationFilterChain.java:189)
		at org.apache.catalina.core.ApplicationFilterChain.doFilter(ApplicationFilterChain.java:162)
		at org.apache.catalina.core.StandardWrapperValve.invoke(StandardWrapperValve.java:197)
		at org.apache.catalina.core.StandardContextValve.invoke(StandardContextValve.java:97)
		at org.apache.catalina.authenticator.AuthenticatorBase.invoke(AuthenticatorBase.java:542)
		at org.apache.catalina.core.StandardHostValve.invoke(StandardHostValve.java:135)
		at org.apache.catalina.valves.ErrorReportValve.invoke(ErrorReportValve.java:92)
		at org.apache.catalina.valves.AbstractAccessLogValve.invoke(AbstractAccessLogValve.java:687)
		at org.apache.catalina.core.StandardEngineValve.invoke(StandardEngineValve.java:78)
		at org.apache.catalina.connector.CoyoteAdapter.service(CoyoteAdapter.java:357)
		at org.apache.coyote.http11.Http11Processor.service(Http11Processor.java:382)
		at org.apache.coyote.AbstractProcessorLight.process(AbstractProcessorLight.java:65)
		at org.apache.coyote.AbstractProtocol$ConnectionHandler.process(AbstractProtocol.java:893)
		at org.apache.tomcat.util.net.NioEndpoint$SocketProcessor.doRun(NioEndpoint.java:1726)
		at org.apache.tomcat.util.net.SocketProcessorBase.run(SocketProcessorBase.java:49)
		at org.apache.tomcat.util.threads.ThreadPoolExecutor.runWorker(ThreadPoolExecutor.java:1191)
		at org.apache.tomcat.util.threads.ThreadPoolExecutor$Worker.run(ThreadPoolExecutor.java:659)
		at org.apache.tomcat.util.threads.TaskThread$WrappingRunnable.run(TaskThread.java:61)
		at java.base/java.lang.Thread.run(Thread.java:834)
03-Nov-2022 16:57:25.651 SEVERE [http-nio-8080-exec-9] org.apache.catalina.core.ApplicationContext.log Error during mapping
	java.lang.NullPointerException
		at org.apache.catalina.mapper.Mapper.internalMapWrapper(Mapper.java:870)
		at org.apache.catalina.mapper.Mapper.map(Mapper.java:725)
		at org.apache.catalina.core.ApplicationContext.getRequestDispatcher(ApplicationContext.java:472)
		at org.apache.catalina.core.ApplicationContextFacade.getRequestDispatcher(ApplicationContextFacade.java:225)
		at org.apache.catalina.connector.Request.getRequestDispatcher(Request.java:1417)
		at org.apache.catalina.connector.RequestFacade.getRequestDispatcher(RequestFacade.java:614)
		at com.serotonin.web.content.ContentGenerator.generateContent(ContentGenerator.java:48)
		at com.serotonin.mango.web.dwr.BaseDwr.generateContent(BaseDwr.java:305)
		at com.serotonin.mango.web.dwr.BaseDwr.setMessages(BaseDwr.java:166)
		at com.serotonin.mango.web.dwr.ViewDwr.preparePointComponentState(ViewDwr.java:319)
		at com.serotonin.mango.web.dwr.ViewDwr.addPointComponentState(ViewDwr.java:270)
		at com.serotonin.mango.web.dwr.ViewDwr.getViewPointData(ViewDwr.java:242)
		at com.serotonin.mango.web.dwr.ViewDwr.getViewPointData(ViewDwr.java:182)
		at com.serotonin.mango.web.dwr.MiscDwr.doLongPoll(MiscDwr.java:402)
		at jdk.internal.reflect.GeneratedMethodAccessor133.invoke(Unknown Source)
		at java.base/jdk.internal.reflect.DelegatingMethodAccessorImpl.invoke(DelegatingMethodAccessorImpl.java:43)
		at java.base/java.lang.reflect.Method.invoke(Method.java:566)
		at org.directwebremoting.impl.ExecuteAjaxFilter.doFilter(ExecuteAjaxFilter.java:34)
		at org.directwebremoting.impl.DefaultRemoter$1.doFilter(DefaultRemoter.java:428)
		at com.serotonin.mango.web.dwr.util.LoggedInAjaxMethodFilter.doFilter(LoggedInAjaxMethodFilter.java:52)
		at org.directwebremoting.impl.DefaultRemoter$1.doFilter(DefaultRemoter.java:428)
		at com.serotonin.web.dwr.LocalizationFilter.doFilter(LocalizationFilter.java:42)
		at org.directwebremoting.impl.DefaultRemoter$1.doFilter(DefaultRemoter.java:428)
		at com.serotonin.mango.web.filter.ExceptionDetectionFilter.doFilter(ExceptionDetectionFilter.java:40)
		at org.directwebremoting.impl.DefaultRemoter$1.doFilter(DefaultRemoter.java:428)
		at org.directwebremoting.impl.DefaultRemoter.execute(DefaultRemoter.java:431)
		at org.directwebremoting.impl.DefaultRemoter.execute(DefaultRemoter.java:283)
		at org.directwebremoting.servlet.PlainCallHandler.handle(PlainCallHandler.java:52)
		at org.directwebremoting.servlet.UrlProcessor.handle(UrlProcessor.java:101)
		at org.directwebremoting.servlet.DwrServlet.doPost(DwrServlet.java:146)
		at javax.servlet.http.HttpServlet.service(HttpServlet.java:681)
		at javax.servlet.http.HttpServlet.service(HttpServlet.java:764)
		at org.apache.catalina.core.ApplicationFilterChain.internalDoFilter(ApplicationFilterChain.java:227)
		at org.apache.catalina.core.ApplicationFilterChain.doFilter(ApplicationFilterChain.java:162)
		at org.apache.tomcat.websocket.server.WsFilter.doFilter(WsFilter.java:53)
		at org.apache.catalina.core.ApplicationFilterChain.internalDoFilter(ApplicationFilterChain.java:189)
		at org.apache.catalina.core.ApplicationFilterChain.doFilter(ApplicationFilterChain.java:162)
		at org.apache.catalina.core.StandardWrapperValve.invoke(StandardWrapperValve.java:197)
		at org.apache.catalina.core.StandardContextValve.invoke(StandardContextValve.java:97)
		at org.apache.catalina.authenticator.AuthenticatorBase.invoke(AuthenticatorBase.java:542)
		at org.apache.catalina.core.StandardHostValve.invoke(StandardHostValve.java:135)
		at org.apache.catalina.valves.ErrorReportValve.invoke(ErrorReportValve.java:92)
		at org.apache.catalina.valves.AbstractAccessLogValve.invoke(AbstractAccessLogValve.java:687)
		at org.apache.catalina.core.StandardEngineValve.invoke(StandardEngineValve.java:78)
		at org.apache.catalina.connector.CoyoteAdapter.service(CoyoteAdapter.java:357)
		at org.apache.coyote.http11.Http11Processor.service(Http11Processor.java:382)
		at org.apache.coyote.AbstractProcessorLight.process(AbstractProcessorLight.java:65)
		at org.apache.coyote.AbstractProtocol$ConnectionHandler.process(AbstractProtocol.java:893)
		at org.apache.tomcat.util.net.NioEndpoint$SocketProcessor.doRun(NioEndpoint.java:1726)
		at org.apache.tomcat.util.net.SocketProcessorBase.run(SocketProcessorBase.java:49)
		at org.apache.tomcat.util.threads.ThreadPoolExecutor.runWorker(ThreadPoolExecutor.java:1191)
		at org.apache.tomcat.util.threads.ThreadPoolExecutor$Worker.run(ThreadPoolExecutor.java:659)
		at org.apache.tomcat.util.threads.TaskThread$WrappingRunnable.run(TaskThread.java:61)
		at java.base/java.lang.Thread.run(Thread.java:834)
03-Nov-2022 16:57:25.757 INFO [Thread-43] org.apache.catalina.core.ApplicationContext.log Destroying Spring FrameworkServlet 'springDispatcher'
03-Nov-2022 16:57:25.901 INFO [Thread-43] org.apache.catalina.core.ApplicationContext.log Closing Spring root WebApplicationContext
03-Nov-2022 16:57:41.736 INFO [main] org.apache.catalina.core.ApplicationContext.log Initializing Spring root WebApplicationContext
03-Nov-2022 16:57:45.648 INFO [main] org.apache.catalina.core.ApplicationContext.log Initializing Spring FrameworkServlet 'springDispatcher'
03-Nov-2022 16:57:47.328 INFO [main] org.apache.catalina.core.ApplicationContext.log ContextListener: contextInitialized()
03-Nov-2022 16:57:47.328 INFO [main] org.apache.catalina.core.ApplicationContext.log SessionListener: contextInitialized()
03-Nov-2022 16:57:47.331 INFO [main] org.apache.catalina.core.ApplicationContext.log ContextListener: attributeAdded('StockTicker', 'async.Stockticker@5914a346')
03-Nov-2022 17:06:50.611 INFO [Thread-31] org.apache.catalina.core.ApplicationContext.log SessionListener: contextDestroyed()
03-Nov-2022 17:06:50.611 INFO [Thread-31] org.apache.catalina.core.ApplicationContext.log ContextListener: contextDestroyed()
03-Nov-2022 17:06:50.628 INFO [Thread-31] org.apache.catalina.core.ApplicationContext.log Destroying Spring FrameworkServlet 'springDispatcher'
03-Nov-2022 17:06:50.787 INFO [Thread-31] org.apache.catalina.core.ApplicationContext.log Closing Spring root WebApplicationContext
03-Nov-2022 17:07:07.435 INFO [main] org.apache.catalina.core.ApplicationContext.log Initializing Spring root WebApplicationContext
03-Nov-2022 17:07:12.280 INFO [main] org.apache.catalina.core.ApplicationContext.log Initializing Spring FrameworkServlet 'springDispatcher'
03-Nov-2022 17:07:14.455 INFO [main] org.apache.catalina.core.ApplicationContext.log ContextListener: contextInitialized()
03-Nov-2022 17:07:14.456 INFO [main] org.apache.catalina.core.ApplicationContext.log SessionListener: contextInitialized()
03-Nov-2022 17:07:14.458 INFO [main] org.apache.catalina.core.ApplicationContext.log ContextListener: attributeAdded('StockTicker', 'async.Stockticker@2012ed86')
03-Nov-2022 17:21:50.632 SEVERE [http-nio-8080-exec-4] org.apache.catalina.core.StandardWrapperValve.invoke Servlet.service() for servlet [springDispatcher] in context with path [/ScadaBR] threw exception [Request processing failed; nested exception is com.serotonin.ShouldNeverHappenException: Invalid submit parameter] with root cause
	com.serotonin.ShouldNeverHappenException: Invalid submit parameter
		at com.serotonin.mango.web.mvc.controller.ViewEditController.onSubmit(ViewEditController.java:191)
		at org.springframework.web.servlet.mvc.SimpleFormController.processFormSubmission(SimpleFormController.java:267)
		at org.springframework.web.servlet.mvc.AbstractFormController.handleRequestInternal(AbstractFormController.java:265)
		at org.springframework.web.servlet.mvc.AbstractController.handleRequest(AbstractController.java:153)
		at org.springframework.web.servlet.mvc.SimpleControllerHandlerAdapter.handle(SimpleControllerHandlerAdapter.java:48)
		at org.springframework.web.servlet.DispatcherServlet.doDispatch(DispatcherServlet.java:875)
		at org.springframework.web.servlet.DispatcherServlet.doService(DispatcherServlet.java:809)
		at org.springframework.web.servlet.FrameworkServlet.processRequest(FrameworkServlet.java:523)
		at org.springframework.web.servlet.FrameworkServlet.doPost(FrameworkServlet.java:463)
		at javax.servlet.http.HttpServlet.service(HttpServlet.java:681)
		at javax.servlet.http.HttpServlet.service(HttpServlet.java:764)
		at org.apache.catalina.core.ApplicationFilterChain.internalDoFilter(ApplicationFilterChain.java:227)
		at org.apache.catalina.core.ApplicationFilterChain.doFilter(ApplicationFilterChain.java:162)
		at org.apache.tomcat.websocket.server.WsFilter.doFilter(WsFilter.java:53)
		at org.apache.catalina.core.ApplicationFilterChain.internalDoFilter(ApplicationFilterChain.java:189)
		at org.apache.catalina.core.ApplicationFilterChain.doFilter(ApplicationFilterChain.java:162)
		at com.serotonin.mango.web.filter.WebContextFilter.doFilter(WebContextFilter.java:57)
		at org.apache.catalina.core.ApplicationFilterChain.internalDoFilter(ApplicationFilterChain.java:189)
		at org.apache.catalina.core.ApplicationFilterChain.doFilter(ApplicationFilterChain.java:162)
		at com.serotonin.mango.web.filter.LoggedInFilter.doFilter(LoggedInFilter.java:75)
		at org.apache.catalina.core.ApplicationFilterChain.internalDoFilter(ApplicationFilterChain.java:189)
		at org.apache.catalina.core.ApplicationFilterChain.doFilter(ApplicationFilterChain.java:162)
		at com.serotonin.web.filter.CharacterSetFilter.doFilter(CharacterSetFilter.java:37)
		at org.apache.catalina.core.ApplicationFilterChain.internalDoFilter(ApplicationFilterChain.java:189)
		at org.apache.catalina.core.ApplicationFilterChain.doFilter(ApplicationFilterChain.java:162)
		at org.apache.catalina.core.StandardWrapperValve.invoke(StandardWrapperValve.java:197)
		at org.apache.catalina.core.StandardContextValve.invoke(StandardContextValve.java:97)
		at org.apache.catalina.authenticator.AuthenticatorBase.invoke(AuthenticatorBase.java:542)
		at org.apache.catalina.core.StandardHostValve.invoke(StandardHostValve.java:135)
		at org.apache.catalina.valves.ErrorReportValve.invoke(ErrorReportValve.java:92)
		at org.apache.catalina.valves.AbstractAccessLogValve.invoke(AbstractAccessLogValve.java:687)
		at org.apache.catalina.core.StandardEngineValve.invoke(StandardEngineValve.java:78)
		at org.apache.catalina.connector.CoyoteAdapter.service(CoyoteAdapter.java:357)
		at org.apache.coyote.http11.Http11Processor.service(Http11Processor.java:382)
		at org.apache.coyote.AbstractProcessorLight.process(AbstractProcessorLight.java:65)
		at org.apache.coyote.AbstractProtocol$ConnectionHandler.process(AbstractProtocol.java:893)
		at org.apache.tomcat.util.net.NioEndpoint$SocketProcessor.doRun(NioEndpoint.java:1726)
		at org.apache.tomcat.util.net.SocketProcessorBase.run(SocketProcessorBase.java:49)
		at org.apache.tomcat.util.threads.ThreadPoolExecutor.runWorker(ThreadPoolExecutor.java:1191)
		at org.apache.tomcat.util.threads.ThreadPoolExecutor$Worker.run(ThreadPoolExecutor.java:659)
		at org.apache.tomcat.util.threads.TaskThread$WrappingRunnable.run(TaskThread.java:61)
		at java.base/java.lang.Thread.run(Thread.java:834)
03-Nov-2022 17:21:59.319 SEVERE [http-nio-8080-exec-6] org.apache.catalina.core.StandardWrapperValve.invoke Servlet.service() for servlet [springDispatcher] in context with path [/ScadaBR] threw exception [Request processing failed; nested exception is com.serotonin.ShouldNeverHappenException: Invalid submit parameter] with root cause
	com.serotonin.ShouldNeverHappenException: Invalid submit parameter
		at com.serotonin.mango.web.mvc.controller.ViewEditController.onSubmit(ViewEditController.java:191)
		at org.springframework.web.servlet.mvc.SimpleFormController.processFormSubmission(SimpleFormController.java:267)
		at org.springframework.web.servlet.mvc.AbstractFormController.handleRequestInternal(AbstractFormController.java:265)
		at org.springframework.web.servlet.mvc.AbstractController.handleRequest(AbstractController.java:153)
		at org.springframework.web.servlet.mvc.SimpleControllerHandlerAdapter.handle(SimpleControllerHandlerAdapter.java:48)
		at org.springframework.web.servlet.DispatcherServlet.doDispatch(DispatcherServlet.java:875)
		at org.springframework.web.servlet.DispatcherServlet.doService(DispatcherServlet.java:809)
		at org.springframework.web.servlet.FrameworkServlet.processRequest(FrameworkServlet.java:523)
		at org.springframework.web.servlet.FrameworkServlet.doPost(FrameworkServlet.java:463)
		at javax.servlet.http.HttpServlet.service(HttpServlet.java:681)
		at javax.servlet.http.HttpServlet.service(HttpServlet.java:764)
		at org.apache.catalina.core.ApplicationFilterChain.internalDoFilter(ApplicationFilterChain.java:227)
		at org.apache.catalina.core.ApplicationFilterChain.doFilter(ApplicationFilterChain.java:162)
		at org.apache.tomcat.websocket.server.WsFilter.doFilter(WsFilter.java:53)
		at org.apache.catalina.core.ApplicationFilterChain.internalDoFilter(ApplicationFilterChain.java:189)
		at org.apache.catalina.core.ApplicationFilterChain.doFilter(ApplicationFilterChain.java:162)
		at com.serotonin.mango.web.filter.WebContextFilter.doFilter(WebContextFilter.java:57)
		at org.apache.catalina.core.ApplicationFilterChain.internalDoFilter(ApplicationFilterChain.java:189)
		at org.apache.catalina.core.ApplicationFilterChain.doFilter(ApplicationFilterChain.java:162)
		at com.serotonin.mango.web.filter.LoggedInFilter.doFilter(LoggedInFilter.java:75)
		at org.apache.catalina.core.ApplicationFilterChain.internalDoFilter(ApplicationFilterChain.java:189)
		at org.apache.catalina.core.ApplicationFilterChain.doFilter(ApplicationFilterChain.java:162)
		at com.serotonin.web.filter.CharacterSetFilter.doFilter(CharacterSetFilter.java:37)
		at org.apache.catalina.core.ApplicationFilterChain.internalDoFilter(ApplicationFilterChain.java:189)
		at org.apache.catalina.core.ApplicationFilterChain.doFilter(ApplicationFilterChain.java:162)
		at org.apache.catalina.core.StandardWrapperValve.invoke(StandardWrapperValve.java:197)
		at org.apache.catalina.core.StandardContextValve.invoke(StandardContextValve.java:97)
		at org.apache.catalina.authenticator.AuthenticatorBase.invoke(AuthenticatorBase.java:542)
		at org.apache.catalina.core.StandardHostValve.invoke(StandardHostValve.java:135)
		at org.apache.catalina.valves.ErrorReportValve.invoke(ErrorReportValve.java:92)
		at org.apache.catalina.valves.AbstractAccessLogValve.invoke(AbstractAccessLogValve.java:687)
		at org.apache.catalina.core.StandardEngineValve.invoke(StandardEngineValve.java:78)
		at org.apache.catalina.connector.CoyoteAdapter.service(CoyoteAdapter.java:357)
		at org.apache.coyote.http11.Http11Processor.service(Http11Processor.java:382)
		at org.apache.coyote.AbstractProcessorLight.process(AbstractProcessorLight.java:65)
		at org.apache.coyote.AbstractProtocol$ConnectionHandler.process(AbstractProtocol.java:893)
		at org.apache.tomcat.util.net.NioEndpoint$SocketProcessor.doRun(NioEndpoint.java:1726)
		at org.apache.tomcat.util.net.SocketProcessorBase.run(SocketProcessorBase.java:49)
		at org.apache.tomcat.util.threads.ThreadPoolExecutor.runWorker(ThreadPoolExecutor.java:1191)
		at org.apache.tomcat.util.threads.ThreadPoolExecutor$Worker.run(ThreadPoolExecutor.java:659)
		at org.apache.tomcat.util.threads.TaskThread$WrappingRunnable.run(TaskThread.java:61)
		at java.base/java.lang.Thread.run(Thread.java:834)
