01-Nov-2022 16:48:33.353 SEVERE [http-nio-8080-exec-10] org.apache.catalina.core.StandardWrapperValve.invoke Servlet.service() for servlet [springDispatcher] in context with path [/ScadaBR] threw exception [Request processing failed; nested exception is com.serotonin.mango.vo.permission.PermissionException: Not logged in] with root cause
	com.serotonin.mango.vo.permission.PermissionException: Not logged in
		at com.serotonin.mango.vo.permission.Permissions.ensureValidUser(Permissions.java:67)
		at com.serotonin.mango.vo.permission.Permissions.hasAdmin(Permissions.java:84)
		at com.serotonin.mango.vo.permission.Permissions.ensureAdmin(Permissions.java:97)
		at com.serotonin.mango.web.dwr.EmportDwr.createExportJSON(EmportDwr.java:113)
		at br.org.scadabr.vo.exporter.ZIPProjectManager.buildJSONFile(ZIPProjectManager.java:194)
		at br.org.scadabr.vo.exporter.ZIPProjectManager.exportProject(ZIPProjectManager.java:61)
		at br.org.scadabr.web.mvc.controller.ProjectExporterController.handleRequestInternal(ProjectExporterController.java:22)
		at org.springframework.web.servlet.mvc.AbstractController.handleRequest(AbstractController.java:153)
		at org.springframework.web.servlet.mvc.SimpleControllerHandlerAdapter.handle(SimpleControllerHandlerAdapter.java:48)
		at org.springframework.web.servlet.DispatcherServlet.doDispatch(DispatcherServlet.java:875)
		at org.springframework.web.servlet.DispatcherServlet.doService(DispatcherServlet.java:809)
		at org.springframework.web.servlet.FrameworkServlet.processRequest(FrameworkServlet.java:523)
		at org.springframework.web.servlet.FrameworkServlet.doGet(FrameworkServlet.java:453)
		at javax.servlet.http.HttpServlet.service(HttpServlet.java:655)
		at javax.servlet.http.HttpServlet.service(HttpServlet.java:764)
		at org.apache.catalina.core.ApplicationFilterChain.internalDoFilter(ApplicationFilterChain.java:227)
		at org.apache.catalina.core.ApplicationFilterChain.doFilter(ApplicationFilterChain.java:162)
		at org.apache.tomcat.websocket.server.WsFilter.doFilter(WsFilter.java:53)
		at org.apache.catalina.core.ApplicationFilterChain.internalDoFilter(ApplicationFilterChain.java:189)
		at org.apache.catalina.core.ApplicationFilterChain.doFilter(ApplicationFilterChain.java:162)
		at com.serotonin.web.filter.CharacterSetFilter.doFilter(CharacterSetFilter.java:37)
		at org.apache.catalina.core.ApplicationFilterChain.internalDoFilter(ApplicationFilterChain.java:189)
		at org.apache.catalina.core.ApplicationFilterChain.doFilter(ApplicationFilterChain.java:162)
		at org.apache.catalina.core.StandardWrapperValve.invoke(StandardWrapperValve.java:197)
		at org.apache.catalina.core.StandardContextValve.invoke(StandardContextValve.java:97)
		at org.apache.catalina.authenticator.AuthenticatorBase.invoke(AuthenticatorBase.java:542)
		at org.apache.catalina.core.StandardHostValve.invoke(StandardHostValve.java:135)
		at org.apache.catalina.valves.ErrorReportValve.invoke(ErrorReportValve.java:92)
		at org.apache.catalina.valves.AbstractAccessLogValve.invoke(AbstractAccessLogValve.java:687)
		at org.apache.catalina.core.StandardEngineValve.invoke(StandardEngineValve.java:78)
		at org.apache.catalina.connector.CoyoteAdapter.service(CoyoteAdapter.java:357)
		at org.apache.coyote.http11.Http11Processor.service(Http11Processor.java:382)
		at org.apache.coyote.AbstractProcessorLight.process(AbstractProcessorLight.java:65)
		at org.apache.coyote.AbstractProtocol$ConnectionHandler.process(AbstractProtocol.java:893)
		at org.apache.tomcat.util.net.NioEndpoint$SocketProcessor.doRun(NioEndpoint.java:1726)
		at org.apache.tomcat.util.net.SocketProcessorBase.run(SocketProcessorBase.java:49)
		at org.apache.tomcat.util.threads.ThreadPoolExecutor.runWorker(ThreadPoolExecutor.java:1191)
		at org.apache.tomcat.util.threads.ThreadPoolExecutor$Worker.run(ThreadPoolExecutor.java:659)
		at org.apache.tomcat.util.threads.TaskThread$WrappingRunnable.run(TaskThread.java:61)
		at java.base/java.lang.Thread.run(Thread.java:834)
01-Nov-2022 16:48:35.127 SEVERE [http-nio-8080-exec-9] org.apache.catalina.core.StandardWrapperValve.invoke Servlet.service() for servlet [springDispatcher] in context with path [/ScadaBR] threw exception [Request processing failed; nested exception is com.serotonin.mango.vo.permission.PermissionException: Not logged in] with root cause
	com.serotonin.mango.vo.permission.PermissionException: Not logged in
		at com.serotonin.mango.vo.permission.Permissions.ensureValidUser(Permissions.java:67)
		at com.serotonin.mango.vo.permission.Permissions.hasAdmin(Permissions.java:84)
		at com.serotonin.mango.vo.permission.Permissions.ensureAdmin(Permissions.java:97)
		at com.serotonin.mango.web.dwr.EmportDwr.createExportJSON(EmportDwr.java:113)
		at br.org.scadabr.vo.exporter.ZIPProjectManager.buildJSONFile(ZIPProjectManager.java:194)
		at br.org.scadabr.vo.exporter.ZIPProjectManager.exportProject(ZIPProjectManager.java:61)
		at br.org.scadabr.web.mvc.controller.ProjectExporterController.handleRequestInternal(ProjectExporterController.java:22)
		at org.springframework.web.servlet.mvc.AbstractController.handleRequest(AbstractController.java:153)
		at org.springframework.web.servlet.mvc.SimpleControllerHandlerAdapter.handle(SimpleControllerHandlerAdapter.java:48)
		at org.springframework.web.servlet.DispatcherServlet.doDispatch(DispatcherServlet.java:875)
		at org.springframework.web.servlet.DispatcherServlet.doService(DispatcherServlet.java:809)
		at org.springframework.web.servlet.FrameworkServlet.processRequest(FrameworkServlet.java:523)
		at org.springframework.web.servlet.FrameworkServlet.doGet(FrameworkServlet.java:453)
		at javax.servlet.http.HttpServlet.service(HttpServlet.java:655)
		at javax.servlet.http.HttpServlet.service(HttpServlet.java:764)
		at org.apache.catalina.core.ApplicationFilterChain.internalDoFilter(ApplicationFilterChain.java:227)
		at org.apache.catalina.core.ApplicationFilterChain.doFilter(ApplicationFilterChain.java:162)
		at org.apache.tomcat.websocket.server.WsFilter.doFilter(WsFilter.java:53)
		at org.apache.catalina.core.ApplicationFilterChain.internalDoFilter(ApplicationFilterChain.java:189)
		at org.apache.catalina.core.ApplicationFilterChain.doFilter(ApplicationFilterChain.java:162)
		at com.serotonin.web.filter.CharacterSetFilter.doFilter(CharacterSetFilter.java:37)
		at org.apache.catalina.core.ApplicationFilterChain.internalDoFilter(ApplicationFilterChain.java:189)
		at org.apache.catalina.core.ApplicationFilterChain.doFilter(ApplicationFilterChain.java:162)
		at org.apache.catalina.core.StandardWrapperValve.invoke(StandardWrapperValve.java:197)
		at org.apache.catalina.core.StandardContextValve.invoke(StandardContextValve.java:97)
		at org.apache.catalina.authenticator.AuthenticatorBase.invoke(AuthenticatorBase.java:542)
		at org.apache.catalina.core.StandardHostValve.invoke(StandardHostValve.java:135)
		at org.apache.catalina.valves.ErrorReportValve.invoke(ErrorReportValve.java:92)
		at org.apache.catalina.valves.AbstractAccessLogValve.invoke(AbstractAccessLogValve.java:687)
		at org.apache.catalina.core.StandardEngineValve.invoke(StandardEngineValve.java:78)
		at org.apache.catalina.connector.CoyoteAdapter.service(CoyoteAdapter.java:357)
		at org.apache.coyote.http11.Http11Processor.service(Http11Processor.java:382)
		at org.apache.coyote.AbstractProcessorLight.process(AbstractProcessorLight.java:65)
		at org.apache.coyote.AbstractProtocol$ConnectionHandler.process(AbstractProtocol.java:893)
		at org.apache.tomcat.util.net.NioEndpoint$SocketProcessor.doRun(NioEndpoint.java:1726)
		at org.apache.tomcat.util.net.SocketProcessorBase.run(SocketProcessorBase.java:49)
		at org.apache.tomcat.util.threads.ThreadPoolExecutor.runWorker(ThreadPoolExecutor.java:1191)
		at org.apache.tomcat.util.threads.ThreadPoolExecutor$Worker.run(ThreadPoolExecutor.java:659)
		at org.apache.tomcat.util.threads.TaskThread$WrappingRunnable.run(TaskThread.java:61)
		at java.base/java.lang.Thread.run(Thread.java:834)
01-Nov-2022 16:48:40.167 SEVERE [http-nio-8080-exec-3] org.apache.catalina.core.StandardWrapperValve.invoke Servlet.service() for servlet [springDispatcher] in context with path [/ScadaBR] threw exception [Request processing failed; nested exception is com.serotonin.mango.vo.permission.PermissionException: Not logged in] with root cause
	com.serotonin.mango.vo.permission.PermissionException: Not logged in
		at com.serotonin.mango.vo.permission.Permissions.ensureValidUser(Permissions.java:67)
		at com.serotonin.mango.vo.permission.Permissions.hasAdmin(Permissions.java:84)
		at com.serotonin.mango.vo.permission.Permissions.ensureAdmin(Permissions.java:97)
		at com.serotonin.mango.web.dwr.EmportDwr.createExportJSON(EmportDwr.java:113)
		at br.org.scadabr.vo.exporter.ZIPProjectManager.buildJSONFile(ZIPProjectManager.java:194)
		at br.org.scadabr.vo.exporter.ZIPProjectManager.exportProject(ZIPProjectManager.java:61)
		at br.org.scadabr.web.mvc.controller.ProjectExporterController.handleRequestInternal(ProjectExporterController.java:22)
		at org.springframework.web.servlet.mvc.AbstractController.handleRequest(AbstractController.java:153)
		at org.springframework.web.servlet.mvc.SimpleControllerHandlerAdapter.handle(SimpleControllerHandlerAdapter.java:48)
		at org.springframework.web.servlet.DispatcherServlet.doDispatch(DispatcherServlet.java:875)
		at org.springframework.web.servlet.DispatcherServlet.doService(DispatcherServlet.java:809)
		at org.springframework.web.servlet.FrameworkServlet.processRequest(FrameworkServlet.java:523)
		at org.springframework.web.servlet.FrameworkServlet.doGet(FrameworkServlet.java:453)
		at javax.servlet.http.HttpServlet.service(HttpServlet.java:655)
		at javax.servlet.http.HttpServlet.service(HttpServlet.java:764)
		at org.apache.catalina.core.ApplicationFilterChain.internalDoFilter(ApplicationFilterChain.java:227)
		at org.apache.catalina.core.ApplicationFilterChain.doFilter(ApplicationFilterChain.java:162)
		at org.apache.tomcat.websocket.server.WsFilter.doFilter(WsFilter.java:53)
		at org.apache.catalina.core.ApplicationFilterChain.internalDoFilter(ApplicationFilterChain.java:189)
		at org.apache.catalina.core.ApplicationFilterChain.doFilter(ApplicationFilterChain.java:162)
		at com.serotonin.web.filter.CharacterSetFilter.doFilter(CharacterSetFilter.java:37)
		at org.apache.catalina.core.ApplicationFilterChain.internalDoFilter(ApplicationFilterChain.java:189)
		at org.apache.catalina.core.ApplicationFilterChain.doFilter(ApplicationFilterChain.java:162)
		at org.apache.catalina.core.StandardWrapperValve.invoke(StandardWrapperValve.java:197)
		at org.apache.catalina.core.StandardContextValve.invoke(StandardContextValve.java:97)
		at org.apache.catalina.authenticator.AuthenticatorBase.invoke(AuthenticatorBase.java:542)
		at org.apache.catalina.core.StandardHostValve.invoke(StandardHostValve.java:135)
		at org.apache.catalina.valves.ErrorReportValve.invoke(ErrorReportValve.java:92)
		at org.apache.catalina.valves.AbstractAccessLogValve.invoke(AbstractAccessLogValve.java:687)
		at org.apache.catalina.core.StandardEngineValve.invoke(StandardEngineValve.java:78)
		at org.apache.catalina.connector.CoyoteAdapter.service(CoyoteAdapter.java:357)
		at org.apache.coyote.http11.Http11Processor.service(Http11Processor.java:382)
		at org.apache.coyote.AbstractProcessorLight.process(AbstractProcessorLight.java:65)
		at org.apache.coyote.AbstractProtocol$ConnectionHandler.process(AbstractProtocol.java:893)
		at org.apache.tomcat.util.net.NioEndpoint$SocketProcessor.doRun(NioEndpoint.java:1726)
		at org.apache.tomcat.util.net.SocketProcessorBase.run(SocketProcessorBase.java:49)
		at org.apache.tomcat.util.threads.ThreadPoolExecutor.runWorker(ThreadPoolExecutor.java:1191)
		at org.apache.tomcat.util.threads.ThreadPoolExecutor$Worker.run(ThreadPoolExecutor.java:659)
		at org.apache.tomcat.util.threads.TaskThread$WrappingRunnable.run(TaskThread.java:61)
		at java.base/java.lang.Thread.run(Thread.java:834)
01-Nov-2022 16:49:28.405 SEVERE [http-nio-8080-exec-2] org.apache.catalina.core.StandardWrapperValve.invoke Servlet.service() for servlet [springDispatcher] in context with path [/ScadaBR] threw exception [Request processing failed; nested exception is com.serotonin.mango.vo.permission.PermissionException: Not logged in] with root cause
	com.serotonin.mango.vo.permission.PermissionException: Not logged in
		at com.serotonin.mango.vo.permission.Permissions.ensureValidUser(Permissions.java:67)
		at com.serotonin.mango.vo.permission.Permissions.hasAdmin(Permissions.java:84)
		at com.serotonin.mango.vo.permission.Permissions.ensureAdmin(Permissions.java:97)
		at com.serotonin.mango.web.dwr.EmportDwr.createExportJSON(EmportDwr.java:113)
		at br.org.scadabr.vo.exporter.ZIPProjectManager.buildJSONFile(ZIPProjectManager.java:194)
		at br.org.scadabr.vo.exporter.ZIPProjectManager.exportProject(ZIPProjectManager.java:61)
		at br.org.scadabr.web.mvc.controller.ProjectExporterController.handleRequestInternal(ProjectExporterController.java:22)
		at org.springframework.web.servlet.mvc.AbstractController.handleRequest(AbstractController.java:153)
		at org.springframework.web.servlet.mvc.SimpleControllerHandlerAdapter.handle(SimpleControllerHandlerAdapter.java:48)
		at org.springframework.web.servlet.DispatcherServlet.doDispatch(DispatcherServlet.java:875)
		at org.springframework.web.servlet.DispatcherServlet.doService(DispatcherServlet.java:809)
		at org.springframework.web.servlet.FrameworkServlet.processRequest(FrameworkServlet.java:523)
		at org.springframework.web.servlet.FrameworkServlet.doGet(FrameworkServlet.java:453)
		at javax.servlet.http.HttpServlet.service(HttpServlet.java:655)
		at javax.servlet.http.HttpServlet.service(HttpServlet.java:764)
		at org.apache.catalina.core.ApplicationFilterChain.internalDoFilter(ApplicationFilterChain.java:227)
		at org.apache.catalina.core.ApplicationFilterChain.doFilter(ApplicationFilterChain.java:162)
		at org.apache.tomcat.websocket.server.WsFilter.doFilter(WsFilter.java:53)
		at org.apache.catalina.core.ApplicationFilterChain.internalDoFilter(ApplicationFilterChain.java:189)
		at org.apache.catalina.core.ApplicationFilterChain.doFilter(ApplicationFilterChain.java:162)
		at com.serotonin.web.filter.CharacterSetFilter.doFilter(CharacterSetFilter.java:37)
		at org.apache.catalina.core.ApplicationFilterChain.internalDoFilter(ApplicationFilterChain.java:189)
		at org.apache.catalina.core.ApplicationFilterChain.doFilter(ApplicationFilterChain.java:162)
		at org.apache.catalina.core.StandardWrapperValve.invoke(StandardWrapperValve.java:197)
		at org.apache.catalina.core.StandardContextValve.invoke(StandardContextValve.java:97)
		at org.apache.catalina.authenticator.AuthenticatorBase.invoke(AuthenticatorBase.java:542)
		at org.apache.catalina.core.StandardHostValve.invoke(StandardHostValve.java:135)
		at org.apache.catalina.valves.ErrorReportValve.invoke(ErrorReportValve.java:92)
		at org.apache.catalina.valves.AbstractAccessLogValve.invoke(AbstractAccessLogValve.java:687)
		at org.apache.catalina.core.StandardEngineValve.invoke(StandardEngineValve.java:78)
		at org.apache.catalina.connector.CoyoteAdapter.service(CoyoteAdapter.java:357)
		at org.apache.coyote.http11.Http11Processor.service(Http11Processor.java:382)
		at org.apache.coyote.AbstractProcessorLight.process(AbstractProcessorLight.java:65)
		at org.apache.coyote.AbstractProtocol$ConnectionHandler.process(AbstractProtocol.java:893)
		at org.apache.tomcat.util.net.NioEndpoint$SocketProcessor.doRun(NioEndpoint.java:1726)
		at org.apache.tomcat.util.net.SocketProcessorBase.run(SocketProcessorBase.java:49)
		at org.apache.tomcat.util.threads.ThreadPoolExecutor.runWorker(ThreadPoolExecutor.java:1191)
		at org.apache.tomcat.util.threads.ThreadPoolExecutor$Worker.run(ThreadPoolExecutor.java:659)
		at org.apache.tomcat.util.threads.TaskThread$WrappingRunnable.run(TaskThread.java:61)
		at java.base/java.lang.Thread.run(Thread.java:834)
01-Nov-2022 16:49:29.669 SEVERE [http-nio-8080-exec-8] org.apache.catalina.core.StandardWrapperValve.invoke Servlet.service() for servlet [springDispatcher] in context with path [/ScadaBR] threw exception [Request processing failed; nested exception is com.serotonin.mango.vo.permission.PermissionException: Not logged in] with root cause
	com.serotonin.mango.vo.permission.PermissionException: Not logged in
		at com.serotonin.mango.vo.permission.Permissions.ensureValidUser(Permissions.java:67)
		at com.serotonin.mango.vo.permission.Permissions.hasAdmin(Permissions.java:84)
		at com.serotonin.mango.vo.permission.Permissions.ensureAdmin(Permissions.java:97)
		at com.serotonin.mango.web.dwr.EmportDwr.createExportJSON(EmportDwr.java:113)
		at br.org.scadabr.vo.exporter.ZIPProjectManager.buildJSONFile(ZIPProjectManager.java:194)
		at br.org.scadabr.vo.exporter.ZIPProjectManager.exportProject(ZIPProjectManager.java:61)
		at br.org.scadabr.web.mvc.controller.ProjectExporterController.handleRequestInternal(ProjectExporterController.java:22)
		at org.springframework.web.servlet.mvc.AbstractController.handleRequest(AbstractController.java:153)
		at org.springframework.web.servlet.mvc.SimpleControllerHandlerAdapter.handle(SimpleControllerHandlerAdapter.java:48)
		at org.springframework.web.servlet.DispatcherServlet.doDispatch(DispatcherServlet.java:875)
		at org.springframework.web.servlet.DispatcherServlet.doService(DispatcherServlet.java:809)
		at org.springframework.web.servlet.FrameworkServlet.processRequest(FrameworkServlet.java:523)
		at org.springframework.web.servlet.FrameworkServlet.doGet(FrameworkServlet.java:453)
		at javax.servlet.http.HttpServlet.service(HttpServlet.java:655)
		at javax.servlet.http.HttpServlet.service(HttpServlet.java:764)
		at org.apache.catalina.core.ApplicationFilterChain.internalDoFilter(ApplicationFilterChain.java:227)
		at org.apache.catalina.core.ApplicationFilterChain.doFilter(ApplicationFilterChain.java:162)
		at org.apache.tomcat.websocket.server.WsFilter.doFilter(WsFilter.java:53)
		at org.apache.catalina.core.ApplicationFilterChain.internalDoFilter(ApplicationFilterChain.java:189)
		at org.apache.catalina.core.ApplicationFilterChain.doFilter(ApplicationFilterChain.java:162)
		at com.serotonin.web.filter.CharacterSetFilter.doFilter(CharacterSetFilter.java:37)
		at org.apache.catalina.core.ApplicationFilterChain.internalDoFilter(ApplicationFilterChain.java:189)
		at org.apache.catalina.core.ApplicationFilterChain.doFilter(ApplicationFilterChain.java:162)
		at org.apache.catalina.core.StandardWrapperValve.invoke(StandardWrapperValve.java:197)
		at org.apache.catalina.core.StandardContextValve.invoke(StandardContextValve.java:97)
		at org.apache.catalina.authenticator.AuthenticatorBase.invoke(AuthenticatorBase.java:542)
		at org.apache.catalina.core.StandardHostValve.invoke(StandardHostValve.java:135)
		at org.apache.catalina.valves.ErrorReportValve.invoke(ErrorReportValve.java:92)
		at org.apache.catalina.valves.AbstractAccessLogValve.invoke(AbstractAccessLogValve.java:687)
		at org.apache.catalina.core.StandardEngineValve.invoke(StandardEngineValve.java:78)
		at org.apache.catalina.connector.CoyoteAdapter.service(CoyoteAdapter.java:357)
		at org.apache.coyote.http11.Http11Processor.service(Http11Processor.java:382)
		at org.apache.coyote.AbstractProcessorLight.process(AbstractProcessorLight.java:65)
		at org.apache.coyote.AbstractProtocol$ConnectionHandler.process(AbstractProtocol.java:893)
		at org.apache.tomcat.util.net.NioEndpoint$SocketProcessor.doRun(NioEndpoint.java:1726)
		at org.apache.tomcat.util.net.SocketProcessorBase.run(SocketProcessorBase.java:49)
		at org.apache.tomcat.util.threads.ThreadPoolExecutor.runWorker(ThreadPoolExecutor.java:1191)
		at org.apache.tomcat.util.threads.ThreadPoolExecutor$Worker.run(ThreadPoolExecutor.java:659)
		at org.apache.tomcat.util.threads.TaskThread$WrappingRunnable.run(TaskThread.java:61)
		at java.base/java.lang.Thread.run(Thread.java:834)
01-Nov-2022 16:49:34.744 SEVERE [http-nio-8080-exec-7] org.apache.catalina.core.StandardWrapperValve.invoke Servlet.service() for servlet [springDispatcher] in context with path [/ScadaBR] threw exception [Request processing failed; nested exception is com.serotonin.mango.vo.permission.PermissionException: Not logged in] with root cause
	com.serotonin.mango.vo.permission.PermissionException: Not logged in
		at com.serotonin.mango.vo.permission.Permissions.ensureValidUser(Permissions.java:67)
		at com.serotonin.mango.vo.permission.Permissions.hasAdmin(Permissions.java:84)
		at com.serotonin.mango.vo.permission.Permissions.ensureAdmin(Permissions.java:97)
		at com.serotonin.mango.web.dwr.EmportDwr.createExportJSON(EmportDwr.java:113)
		at br.org.scadabr.vo.exporter.ZIPProjectManager.buildJSONFile(ZIPProjectManager.java:194)
		at br.org.scadabr.vo.exporter.ZIPProjectManager.exportProject(ZIPProjectManager.java:61)
		at br.org.scadabr.web.mvc.controller.ProjectExporterController.handleRequestInternal(ProjectExporterController.java:22)
		at org.springframework.web.servlet.mvc.AbstractController.handleRequest(AbstractController.java:153)
		at org.springframework.web.servlet.mvc.SimpleControllerHandlerAdapter.handle(SimpleControllerHandlerAdapter.java:48)
		at org.springframework.web.servlet.DispatcherServlet.doDispatch(DispatcherServlet.java:875)
		at org.springframework.web.servlet.DispatcherServlet.doService(DispatcherServlet.java:809)
		at org.springframework.web.servlet.FrameworkServlet.processRequest(FrameworkServlet.java:523)
		at org.springframework.web.servlet.FrameworkServlet.doGet(FrameworkServlet.java:453)
		at javax.servlet.http.HttpServlet.service(HttpServlet.java:655)
		at javax.servlet.http.HttpServlet.service(HttpServlet.java:764)
		at org.apache.catalina.core.ApplicationFilterChain.internalDoFilter(ApplicationFilterChain.java:227)
		at org.apache.catalina.core.ApplicationFilterChain.doFilter(ApplicationFilterChain.java:162)
		at org.apache.tomcat.websocket.server.WsFilter.doFilter(WsFilter.java:53)
		at org.apache.catalina.core.ApplicationFilterChain.internalDoFilter(ApplicationFilterChain.java:189)
		at org.apache.catalina.core.ApplicationFilterChain.doFilter(ApplicationFilterChain.java:162)
		at com.serotonin.web.filter.CharacterSetFilter.doFilter(CharacterSetFilter.java:37)
		at org.apache.catalina.core.ApplicationFilterChain.internalDoFilter(ApplicationFilterChain.java:189)
		at org.apache.catalina.core.ApplicationFilterChain.doFilter(ApplicationFilterChain.java:162)
		at org.apache.catalina.core.StandardWrapperValve.invoke(StandardWrapperValve.java:197)
		at org.apache.catalina.core.StandardContextValve.invoke(StandardContextValve.java:97)
		at org.apache.catalina.authenticator.AuthenticatorBase.invoke(AuthenticatorBase.java:542)
		at org.apache.catalina.core.StandardHostValve.invoke(StandardHostValve.java:135)
		at org.apache.catalina.valves.ErrorReportValve.invoke(ErrorReportValve.java:92)
		at org.apache.catalina.valves.AbstractAccessLogValve.invoke(AbstractAccessLogValve.java:687)
		at org.apache.catalina.core.StandardEngineValve.invoke(StandardEngineValve.java:78)
		at org.apache.catalina.connector.CoyoteAdapter.service(CoyoteAdapter.java:357)
		at org.apache.coyote.http11.Http11Processor.service(Http11Processor.java:382)
		at org.apache.coyote.AbstractProcessorLight.process(AbstractProcessorLight.java:65)
		at org.apache.coyote.AbstractProtocol$ConnectionHandler.process(AbstractProtocol.java:893)
		at org.apache.tomcat.util.net.NioEndpoint$SocketProcessor.doRun(NioEndpoint.java:1726)
		at org.apache.tomcat.util.net.SocketProcessorBase.run(SocketProcessorBase.java:49)
		at org.apache.tomcat.util.threads.ThreadPoolExecutor.runWorker(ThreadPoolExecutor.java:1191)
		at org.apache.tomcat.util.threads.ThreadPoolExecutor$Worker.run(ThreadPoolExecutor.java:659)
		at org.apache.tomcat.util.threads.TaskThread$WrappingRunnable.run(TaskThread.java:61)
		at java.base/java.lang.Thread.run(Thread.java:834)
01-Nov-2022 16:59:14.431 SEVERE [http-nio-8080-exec-2] org.apache.catalina.core.StandardWrapperValve.invoke Servlet.service() for servlet [springDispatcher] in context with path [/ScadaBR] threw exception [Request processing failed; nested exception is com.serotonin.mango.vo.permission.PermissionException: Not logged in] with root cause
	com.serotonin.mango.vo.permission.PermissionException: Not logged in
		at com.serotonin.mango.vo.permission.Permissions.ensureValidUser(Permissions.java:67)
		at com.serotonin.mango.vo.permission.Permissions.hasAdmin(Permissions.java:84)
		at com.serotonin.mango.vo.permission.Permissions.ensureAdmin(Permissions.java:97)
		at com.serotonin.mango.web.dwr.EmportDwr.createExportJSON(EmportDwr.java:113)
		at br.org.scadabr.vo.exporter.ZIPProjectManager.buildJSONFile(ZIPProjectManager.java:194)
		at br.org.scadabr.vo.exporter.ZIPProjectManager.exportProject(ZIPProjectManager.java:61)
		at br.org.scadabr.web.mvc.controller.ProjectExporterController.handleRequestInternal(ProjectExporterController.java:22)
		at org.springframework.web.servlet.mvc.AbstractController.handleRequest(AbstractController.java:153)
		at org.springframework.web.servlet.mvc.SimpleControllerHandlerAdapter.handle(SimpleControllerHandlerAdapter.java:48)
		at org.springframework.web.servlet.DispatcherServlet.doDispatch(DispatcherServlet.java:875)
		at org.springframework.web.servlet.DispatcherServlet.doService(DispatcherServlet.java:809)
		at org.springframework.web.servlet.FrameworkServlet.processRequest(FrameworkServlet.java:523)
		at org.springframework.web.servlet.FrameworkServlet.doGet(FrameworkServlet.java:453)
		at javax.servlet.http.HttpServlet.service(HttpServlet.java:655)
		at javax.servlet.http.HttpServlet.service(HttpServlet.java:764)
		at org.apache.catalina.core.ApplicationFilterChain.internalDoFilter(ApplicationFilterChain.java:227)
		at org.apache.catalina.core.ApplicationFilterChain.doFilter(ApplicationFilterChain.java:162)
		at org.apache.tomcat.websocket.server.WsFilter.doFilter(WsFilter.java:53)
		at org.apache.catalina.core.ApplicationFilterChain.internalDoFilter(ApplicationFilterChain.java:189)
		at org.apache.catalina.core.ApplicationFilterChain.doFilter(ApplicationFilterChain.java:162)
		at com.serotonin.web.filter.CharacterSetFilter.doFilter(CharacterSetFilter.java:37)
		at org.apache.catalina.core.ApplicationFilterChain.internalDoFilter(ApplicationFilterChain.java:189)
		at org.apache.catalina.core.ApplicationFilterChain.doFilter(ApplicationFilterChain.java:162)
		at org.apache.catalina.core.StandardWrapperValve.invoke(StandardWrapperValve.java:197)
		at org.apache.catalina.core.StandardContextValve.invoke(StandardContextValve.java:97)
		at org.apache.catalina.authenticator.AuthenticatorBase.invoke(AuthenticatorBase.java:542)
		at org.apache.catalina.core.StandardHostValve.invoke(StandardHostValve.java:135)
		at org.apache.catalina.valves.ErrorReportValve.invoke(ErrorReportValve.java:92)
		at org.apache.catalina.valves.AbstractAccessLogValve.invoke(AbstractAccessLogValve.java:687)
		at org.apache.catalina.core.StandardEngineValve.invoke(StandardEngineValve.java:78)
		at org.apache.catalina.connector.CoyoteAdapter.service(CoyoteAdapter.java:357)
		at org.apache.coyote.http11.Http11Processor.service(Http11Processor.java:382)
		at org.apache.coyote.AbstractProcessorLight.process(AbstractProcessorLight.java:65)
		at org.apache.coyote.AbstractProtocol$ConnectionHandler.process(AbstractProtocol.java:893)
		at org.apache.tomcat.util.net.NioEndpoint$SocketProcessor.doRun(NioEndpoint.java:1726)
		at org.apache.tomcat.util.net.SocketProcessorBase.run(SocketProcessorBase.java:49)
		at org.apache.tomcat.util.threads.ThreadPoolExecutor.runWorker(ThreadPoolExecutor.java:1191)
		at org.apache.tomcat.util.threads.ThreadPoolExecutor$Worker.run(ThreadPoolExecutor.java:659)
		at org.apache.tomcat.util.threads.TaskThread$WrappingRunnable.run(TaskThread.java:61)
		at java.base/java.lang.Thread.run(Thread.java:834)
01-Nov-2022 16:59:15.515 SEVERE [http-nio-8080-exec-6] org.apache.catalina.core.StandardWrapperValve.invoke Servlet.service() for servlet [springDispatcher] in context with path [/ScadaBR] threw exception [Request processing failed; nested exception is com.serotonin.mango.vo.permission.PermissionException: Not logged in] with root cause
	com.serotonin.mango.vo.permission.PermissionException: Not logged in
		at com.serotonin.mango.vo.permission.Permissions.ensureValidUser(Permissions.java:67)
		at com.serotonin.mango.vo.permission.Permissions.hasAdmin(Permissions.java:84)
		at com.serotonin.mango.vo.permission.Permissions.ensureAdmin(Permissions.java:97)
		at com.serotonin.mango.web.dwr.EmportDwr.createExportJSON(EmportDwr.java:113)
		at br.org.scadabr.vo.exporter.ZIPProjectManager.buildJSONFile(ZIPProjectManager.java:194)
		at br.org.scadabr.vo.exporter.ZIPProjectManager.exportProject(ZIPProjectManager.java:61)
		at br.org.scadabr.web.mvc.controller.ProjectExporterController.handleRequestInternal(ProjectExporterController.java:22)
		at org.springframework.web.servlet.mvc.AbstractController.handleRequest(AbstractController.java:153)
		at org.springframework.web.servlet.mvc.SimpleControllerHandlerAdapter.handle(SimpleControllerHandlerAdapter.java:48)
		at org.springframework.web.servlet.DispatcherServlet.doDispatch(DispatcherServlet.java:875)
		at org.springframework.web.servlet.DispatcherServlet.doService(DispatcherServlet.java:809)
		at org.springframework.web.servlet.FrameworkServlet.processRequest(FrameworkServlet.java:523)
		at org.springframework.web.servlet.FrameworkServlet.doGet(FrameworkServlet.java:453)
		at javax.servlet.http.HttpServlet.service(HttpServlet.java:655)
		at javax.servlet.http.HttpServlet.service(HttpServlet.java:764)
		at org.apache.catalina.core.ApplicationFilterChain.internalDoFilter(ApplicationFilterChain.java:227)
		at org.apache.catalina.core.ApplicationFilterChain.doFilter(ApplicationFilterChain.java:162)
		at org.apache.tomcat.websocket.server.WsFilter.doFilter(WsFilter.java:53)
		at org.apache.catalina.core.ApplicationFilterChain.internalDoFilter(ApplicationFilterChain.java:189)
		at org.apache.catalina.core.ApplicationFilterChain.doFilter(ApplicationFilterChain.java:162)
		at com.serotonin.web.filter.CharacterSetFilter.doFilter(CharacterSetFilter.java:37)
		at org.apache.catalina.core.ApplicationFilterChain.internalDoFilter(ApplicationFilterChain.java:189)
		at org.apache.catalina.core.ApplicationFilterChain.doFilter(ApplicationFilterChain.java:162)
		at org.apache.catalina.core.StandardWrapperValve.invoke(StandardWrapperValve.java:197)
		at org.apache.catalina.core.StandardContextValve.invoke(StandardContextValve.java:97)
		at org.apache.catalina.authenticator.AuthenticatorBase.invoke(AuthenticatorBase.java:542)
		at org.apache.catalina.core.StandardHostValve.invoke(StandardHostValve.java:135)
		at org.apache.catalina.valves.ErrorReportValve.invoke(ErrorReportValve.java:92)
		at org.apache.catalina.valves.AbstractAccessLogValve.invoke(AbstractAccessLogValve.java:687)
		at org.apache.catalina.core.StandardEngineValve.invoke(StandardEngineValve.java:78)
		at org.apache.catalina.connector.CoyoteAdapter.service(CoyoteAdapter.java:357)
		at org.apache.coyote.http11.Http11Processor.service(Http11Processor.java:382)
		at org.apache.coyote.AbstractProcessorLight.process(AbstractProcessorLight.java:65)
		at org.apache.coyote.AbstractProtocol$ConnectionHandler.process(AbstractProtocol.java:893)
		at org.apache.tomcat.util.net.NioEndpoint$SocketProcessor.doRun(NioEndpoint.java:1726)
		at org.apache.tomcat.util.net.SocketProcessorBase.run(SocketProcessorBase.java:49)
		at org.apache.tomcat.util.threads.ThreadPoolExecutor.runWorker(ThreadPoolExecutor.java:1191)
		at org.apache.tomcat.util.threads.ThreadPoolExecutor$Worker.run(ThreadPoolExecutor.java:659)
		at org.apache.tomcat.util.threads.TaskThread$WrappingRunnable.run(TaskThread.java:61)
		at java.base/java.lang.Thread.run(Thread.java:834)
01-Nov-2022 16:59:31.622 SEVERE [http-nio-8080-exec-1] org.apache.catalina.core.StandardWrapperValve.invoke Servlet.service() for servlet [springDispatcher] in context with path [/ScadaBR] threw exception [Request processing failed; nested exception is com.serotonin.mango.vo.permission.PermissionException: Not logged in] with root cause
	com.serotonin.mango.vo.permission.PermissionException: Not logged in
		at com.serotonin.mango.vo.permission.Permissions.ensureValidUser(Permissions.java:67)
		at com.serotonin.mango.vo.permission.Permissions.hasAdmin(Permissions.java:84)
		at com.serotonin.mango.vo.permission.Permissions.ensureAdmin(Permissions.java:97)
		at com.serotonin.mango.web.dwr.EmportDwr.createExportJSON(EmportDwr.java:113)
		at br.org.scadabr.vo.exporter.ZIPProjectManager.buildJSONFile(ZIPProjectManager.java:194)
		at br.org.scadabr.vo.exporter.ZIPProjectManager.exportProject(ZIPProjectManager.java:61)
		at br.org.scadabr.web.mvc.controller.ProjectExporterController.handleRequestInternal(ProjectExporterController.java:22)
		at org.springframework.web.servlet.mvc.AbstractController.handleRequest(AbstractController.java:153)
		at org.springframework.web.servlet.mvc.SimpleControllerHandlerAdapter.handle(SimpleControllerHandlerAdapter.java:48)
		at org.springframework.web.servlet.DispatcherServlet.doDispatch(DispatcherServlet.java:875)
		at org.springframework.web.servlet.DispatcherServlet.doService(DispatcherServlet.java:809)
		at org.springframework.web.servlet.FrameworkServlet.processRequest(FrameworkServlet.java:523)
		at org.springframework.web.servlet.FrameworkServlet.doGet(FrameworkServlet.java:453)
		at javax.servlet.http.HttpServlet.service(HttpServlet.java:655)
		at javax.servlet.http.HttpServlet.service(HttpServlet.java:764)
		at org.apache.catalina.core.ApplicationFilterChain.internalDoFilter(ApplicationFilterChain.java:227)
		at org.apache.catalina.core.ApplicationFilterChain.doFilter(ApplicationFilterChain.java:162)
		at org.apache.tomcat.websocket.server.WsFilter.doFilter(WsFilter.java:53)
		at org.apache.catalina.core.ApplicationFilterChain.internalDoFilter(ApplicationFilterChain.java:189)
		at org.apache.catalina.core.ApplicationFilterChain.doFilter(ApplicationFilterChain.java:162)
		at com.serotonin.web.filter.CharacterSetFilter.doFilter(CharacterSetFilter.java:37)
		at org.apache.catalina.core.ApplicationFilterChain.internalDoFilter(ApplicationFilterChain.java:189)
		at org.apache.catalina.core.ApplicationFilterChain.doFilter(ApplicationFilterChain.java:162)
		at org.apache.catalina.core.StandardWrapperValve.invoke(StandardWrapperValve.java:197)
		at org.apache.catalina.core.StandardContextValve.invoke(StandardContextValve.java:97)
		at org.apache.catalina.authenticator.AuthenticatorBase.invoke(AuthenticatorBase.java:542)
		at org.apache.catalina.core.StandardHostValve.invoke(StandardHostValve.java:135)
		at org.apache.catalina.valves.ErrorReportValve.invoke(ErrorReportValve.java:92)
		at org.apache.catalina.valves.AbstractAccessLogValve.invoke(AbstractAccessLogValve.java:687)
		at org.apache.catalina.core.StandardEngineValve.invoke(StandardEngineValve.java:78)
		at org.apache.catalina.connector.CoyoteAdapter.service(CoyoteAdapter.java:357)
		at org.apache.coyote.http11.Http11Processor.service(Http11Processor.java:382)
		at org.apache.coyote.AbstractProcessorLight.process(AbstractProcessorLight.java:65)
		at org.apache.coyote.AbstractProtocol$ConnectionHandler.process(AbstractProtocol.java:893)
		at org.apache.tomcat.util.net.NioEndpoint$SocketProcessor.doRun(NioEndpoint.java:1726)
		at org.apache.tomcat.util.net.SocketProcessorBase.run(SocketProcessorBase.java:49)
		at org.apache.tomcat.util.threads.ThreadPoolExecutor.runWorker(ThreadPoolExecutor.java:1191)
		at org.apache.tomcat.util.threads.ThreadPoolExecutor$Worker.run(ThreadPoolExecutor.java:659)
		at org.apache.tomcat.util.threads.TaskThread$WrappingRunnable.run(TaskThread.java:61)
		at java.base/java.lang.Thread.run(Thread.java:834)
01-Nov-2022 16:59:32.967 SEVERE [http-nio-8080-exec-7] org.apache.catalina.core.StandardWrapperValve.invoke Servlet.service() for servlet [springDispatcher] in context with path [/ScadaBR] threw exception [Request processing failed; nested exception is com.serotonin.mango.vo.permission.PermissionException: Not logged in] with root cause
	com.serotonin.mango.vo.permission.PermissionException: Not logged in
		at com.serotonin.mango.vo.permission.Permissions.ensureValidUser(Permissions.java:67)
		at com.serotonin.mango.vo.permission.Permissions.hasAdmin(Permissions.java:84)
		at com.serotonin.mango.vo.permission.Permissions.ensureAdmin(Permissions.java:97)
		at com.serotonin.mango.web.dwr.EmportDwr.createExportJSON(EmportDwr.java:113)
		at br.org.scadabr.vo.exporter.ZIPProjectManager.buildJSONFile(ZIPProjectManager.java:194)
		at br.org.scadabr.vo.exporter.ZIPProjectManager.exportProject(ZIPProjectManager.java:61)
		at br.org.scadabr.web.mvc.controller.ProjectExporterController.handleRequestInternal(ProjectExporterController.java:22)
		at org.springframework.web.servlet.mvc.AbstractController.handleRequest(AbstractController.java:153)
		at org.springframework.web.servlet.mvc.SimpleControllerHandlerAdapter.handle(SimpleControllerHandlerAdapter.java:48)
		at org.springframework.web.servlet.DispatcherServlet.doDispatch(DispatcherServlet.java:875)
		at org.springframework.web.servlet.DispatcherServlet.doService(DispatcherServlet.java:809)
		at org.springframework.web.servlet.FrameworkServlet.processRequest(FrameworkServlet.java:523)
		at org.springframework.web.servlet.FrameworkServlet.doGet(FrameworkServlet.java:453)
		at javax.servlet.http.HttpServlet.service(HttpServlet.java:655)
		at javax.servlet.http.HttpServlet.service(HttpServlet.java:764)
		at org.apache.catalina.core.ApplicationFilterChain.internalDoFilter(ApplicationFilterChain.java:227)
		at org.apache.catalina.core.ApplicationFilterChain.doFilter(ApplicationFilterChain.java:162)
		at org.apache.tomcat.websocket.server.WsFilter.doFilter(WsFilter.java:53)
		at org.apache.catalina.core.ApplicationFilterChain.internalDoFilter(ApplicationFilterChain.java:189)
		at org.apache.catalina.core.ApplicationFilterChain.doFilter(ApplicationFilterChain.java:162)
		at com.serotonin.web.filter.CharacterSetFilter.doFilter(CharacterSetFilter.java:37)
		at org.apache.catalina.core.ApplicationFilterChain.internalDoFilter(ApplicationFilterChain.java:189)
		at org.apache.catalina.core.ApplicationFilterChain.doFilter(ApplicationFilterChain.java:162)
		at org.apache.catalina.core.StandardWrapperValve.invoke(StandardWrapperValve.java:197)
		at org.apache.catalina.core.StandardContextValve.invoke(StandardContextValve.java:97)
		at org.apache.catalina.authenticator.AuthenticatorBase.invoke(AuthenticatorBase.java:542)
		at org.apache.catalina.core.StandardHostValve.invoke(StandardHostValve.java:135)
		at org.apache.catalina.valves.ErrorReportValve.invoke(ErrorReportValve.java:92)
		at org.apache.catalina.valves.AbstractAccessLogValve.invoke(AbstractAccessLogValve.java:687)
		at org.apache.catalina.core.StandardEngineValve.invoke(StandardEngineValve.java:78)
		at org.apache.catalina.connector.CoyoteAdapter.service(CoyoteAdapter.java:357)
		at org.apache.coyote.http11.Http11Processor.service(Http11Processor.java:382)
		at org.apache.coyote.AbstractProcessorLight.process(AbstractProcessorLight.java:65)
		at org.apache.coyote.AbstractProtocol$ConnectionHandler.process(AbstractProtocol.java:893)
		at org.apache.tomcat.util.net.NioEndpoint$SocketProcessor.doRun(NioEndpoint.java:1726)
		at org.apache.tomcat.util.net.SocketProcessorBase.run(SocketProcessorBase.java:49)
		at org.apache.tomcat.util.threads.ThreadPoolExecutor.runWorker(ThreadPoolExecutor.java:1191)
		at org.apache.tomcat.util.threads.ThreadPoolExecutor$Worker.run(ThreadPoolExecutor.java:659)
		at org.apache.tomcat.util.threads.TaskThread$WrappingRunnable.run(TaskThread.java:61)
		at java.base/java.lang.Thread.run(Thread.java:834)
01-Nov-2022 16:59:37.998 SEVERE [http-nio-8080-exec-8] org.apache.catalina.core.StandardWrapperValve.invoke Servlet.service() for servlet [springDispatcher] in context with path [/ScadaBR] threw exception [Request processing failed; nested exception is com.serotonin.mango.vo.permission.PermissionException: Not logged in] with root cause
	com.serotonin.mango.vo.permission.PermissionException: Not logged in
		at com.serotonin.mango.vo.permission.Permissions.ensureValidUser(Permissions.java:67)
		at com.serotonin.mango.vo.permission.Permissions.hasAdmin(Permissions.java:84)
		at com.serotonin.mango.vo.permission.Permissions.ensureAdmin(Permissions.java:97)
		at com.serotonin.mango.web.dwr.EmportDwr.createExportJSON(EmportDwr.java:113)
		at br.org.scadabr.vo.exporter.ZIPProjectManager.buildJSONFile(ZIPProjectManager.java:194)
		at br.org.scadabr.vo.exporter.ZIPProjectManager.exportProject(ZIPProjectManager.java:61)
		at br.org.scadabr.web.mvc.controller.ProjectExporterController.handleRequestInternal(ProjectExporterController.java:22)
		at org.springframework.web.servlet.mvc.AbstractController.handleRequest(AbstractController.java:153)
		at org.springframework.web.servlet.mvc.SimpleControllerHandlerAdapter.handle(SimpleControllerHandlerAdapter.java:48)
		at org.springframework.web.servlet.DispatcherServlet.doDispatch(DispatcherServlet.java:875)
		at org.springframework.web.servlet.DispatcherServlet.doService(DispatcherServlet.java:809)
		at org.springframework.web.servlet.FrameworkServlet.processRequest(FrameworkServlet.java:523)
		at org.springframework.web.servlet.FrameworkServlet.doGet(FrameworkServlet.java:453)
		at javax.servlet.http.HttpServlet.service(HttpServlet.java:655)
		at javax.servlet.http.HttpServlet.service(HttpServlet.java:764)
		at org.apache.catalina.core.ApplicationFilterChain.internalDoFilter(ApplicationFilterChain.java:227)
		at org.apache.catalina.core.ApplicationFilterChain.doFilter(ApplicationFilterChain.java:162)
		at org.apache.tomcat.websocket.server.WsFilter.doFilter(WsFilter.java:53)
		at org.apache.catalina.core.ApplicationFilterChain.internalDoFilter(ApplicationFilterChain.java:189)
		at org.apache.catalina.core.ApplicationFilterChain.doFilter(ApplicationFilterChain.java:162)
		at com.serotonin.web.filter.CharacterSetFilter.doFilter(CharacterSetFilter.java:37)
		at org.apache.catalina.core.ApplicationFilterChain.internalDoFilter(ApplicationFilterChain.java:189)
		at org.apache.catalina.core.ApplicationFilterChain.doFilter(ApplicationFilterChain.java:162)
		at org.apache.catalina.core.StandardWrapperValve.invoke(StandardWrapperValve.java:197)
		at org.apache.catalina.core.StandardContextValve.invoke(StandardContextValve.java:97)
		at org.apache.catalina.authenticator.AuthenticatorBase.invoke(AuthenticatorBase.java:542)
		at org.apache.catalina.core.StandardHostValve.invoke(StandardHostValve.java:135)
		at org.apache.catalina.valves.ErrorReportValve.invoke(ErrorReportValve.java:92)
		at org.apache.catalina.valves.AbstractAccessLogValve.invoke(AbstractAccessLogValve.java:687)
		at org.apache.catalina.core.StandardEngineValve.invoke(StandardEngineValve.java:78)
		at org.apache.catalina.connector.CoyoteAdapter.service(CoyoteAdapter.java:357)
		at org.apache.coyote.http11.Http11Processor.service(Http11Processor.java:382)
		at org.apache.coyote.AbstractProcessorLight.process(AbstractProcessorLight.java:65)
		at org.apache.coyote.AbstractProtocol$ConnectionHandler.process(AbstractProtocol.java:893)
		at org.apache.tomcat.util.net.NioEndpoint$SocketProcessor.doRun(NioEndpoint.java:1726)
		at org.apache.tomcat.util.net.SocketProcessorBase.run(SocketProcessorBase.java:49)
		at org.apache.tomcat.util.threads.ThreadPoolExecutor.runWorker(ThreadPoolExecutor.java:1191)
		at org.apache.tomcat.util.threads.ThreadPoolExecutor$Worker.run(ThreadPoolExecutor.java:659)
		at org.apache.tomcat.util.threads.TaskThread$WrappingRunnable.run(TaskThread.java:61)
		at java.base/java.lang.Thread.run(Thread.java:834)
01-Nov-2022 16:59:47.085 SEVERE [http-nio-8080-exec-4] org.apache.catalina.core.StandardWrapperValve.invoke Servlet.service() for servlet [springDispatcher] in context with path [/ScadaBR] threw exception [Request processing failed; nested exception is com.serotonin.mango.vo.permission.PermissionException: Not logged in] with root cause
	com.serotonin.mango.vo.permission.PermissionException: Not logged in
		at com.serotonin.mango.vo.permission.Permissions.ensureValidUser(Permissions.java:67)
		at com.serotonin.mango.vo.permission.Permissions.hasAdmin(Permissions.java:84)
		at com.serotonin.mango.vo.permission.Permissions.ensureAdmin(Permissions.java:97)
		at com.serotonin.mango.web.dwr.EmportDwr.createExportJSON(EmportDwr.java:113)
		at br.org.scadabr.vo.exporter.ZIPProjectManager.buildJSONFile(ZIPProjectManager.java:194)
		at br.org.scadabr.vo.exporter.ZIPProjectManager.exportProject(ZIPProjectManager.java:61)
		at br.org.scadabr.web.mvc.controller.ProjectExporterController.handleRequestInternal(ProjectExporterController.java:22)
		at org.springframework.web.servlet.mvc.AbstractController.handleRequest(AbstractController.java:153)
		at org.springframework.web.servlet.mvc.SimpleControllerHandlerAdapter.handle(SimpleControllerHandlerAdapter.java:48)
		at org.springframework.web.servlet.DispatcherServlet.doDispatch(DispatcherServlet.java:875)
		at org.springframework.web.servlet.DispatcherServlet.doService(DispatcherServlet.java:809)
		at org.springframework.web.servlet.FrameworkServlet.processRequest(FrameworkServlet.java:523)
		at org.springframework.web.servlet.FrameworkServlet.doGet(FrameworkServlet.java:453)
		at javax.servlet.http.HttpServlet.service(HttpServlet.java:655)
		at javax.servlet.http.HttpServlet.service(HttpServlet.java:764)
		at org.apache.catalina.core.ApplicationFilterChain.internalDoFilter(ApplicationFilterChain.java:227)
		at org.apache.catalina.core.ApplicationFilterChain.doFilter(ApplicationFilterChain.java:162)
		at org.apache.tomcat.websocket.server.WsFilter.doFilter(WsFilter.java:53)
		at org.apache.catalina.core.ApplicationFilterChain.internalDoFilter(ApplicationFilterChain.java:189)
		at org.apache.catalina.core.ApplicationFilterChain.doFilter(ApplicationFilterChain.java:162)
		at com.serotonin.web.filter.CharacterSetFilter.doFilter(CharacterSetFilter.java:37)
		at org.apache.catalina.core.ApplicationFilterChain.internalDoFilter(ApplicationFilterChain.java:189)
		at org.apache.catalina.core.ApplicationFilterChain.doFilter(ApplicationFilterChain.java:162)
		at org.apache.catalina.core.StandardWrapperValve.invoke(StandardWrapperValve.java:197)
		at org.apache.catalina.core.StandardContextValve.invoke(StandardContextValve.java:97)
		at org.apache.catalina.authenticator.AuthenticatorBase.invoke(AuthenticatorBase.java:542)
		at org.apache.catalina.core.StandardHostValve.invoke(StandardHostValve.java:135)
		at org.apache.catalina.valves.ErrorReportValve.invoke(ErrorReportValve.java:92)
		at org.apache.catalina.valves.AbstractAccessLogValve.invoke(AbstractAccessLogValve.java:687)
		at org.apache.catalina.core.StandardEngineValve.invoke(StandardEngineValve.java:78)
		at org.apache.catalina.connector.CoyoteAdapter.service(CoyoteAdapter.java:357)
		at org.apache.coyote.http11.Http11Processor.service(Http11Processor.java:382)
		at org.apache.coyote.AbstractProcessorLight.process(AbstractProcessorLight.java:65)
		at org.apache.coyote.AbstractProtocol$ConnectionHandler.process(AbstractProtocol.java:893)
		at org.apache.tomcat.util.net.NioEndpoint$SocketProcessor.doRun(NioEndpoint.java:1726)
		at org.apache.tomcat.util.net.SocketProcessorBase.run(SocketProcessorBase.java:49)
		at org.apache.tomcat.util.threads.ThreadPoolExecutor.runWorker(ThreadPoolExecutor.java:1191)
		at org.apache.tomcat.util.threads.ThreadPoolExecutor$Worker.run(ThreadPoolExecutor.java:659)
		at org.apache.tomcat.util.threads.TaskThread$WrappingRunnable.run(TaskThread.java:61)
		at java.base/java.lang.Thread.run(Thread.java:834)
01-Nov-2022 16:59:48.381 SEVERE [http-nio-8080-exec-5] org.apache.catalina.core.StandardWrapperValve.invoke Servlet.service() for servlet [springDispatcher] in context with path [/ScadaBR] threw exception [Request processing failed; nested exception is com.serotonin.mango.vo.permission.PermissionException: Not logged in] with root cause
	com.serotonin.mango.vo.permission.PermissionException: Not logged in
		at com.serotonin.mango.vo.permission.Permissions.ensureValidUser(Permissions.java:67)
		at com.serotonin.mango.vo.permission.Permissions.hasAdmin(Permissions.java:84)
		at com.serotonin.mango.vo.permission.Permissions.ensureAdmin(Permissions.java:97)
		at com.serotonin.mango.web.dwr.EmportDwr.createExportJSON(EmportDwr.java:113)
		at br.org.scadabr.vo.exporter.ZIPProjectManager.buildJSONFile(ZIPProjectManager.java:194)
		at br.org.scadabr.vo.exporter.ZIPProjectManager.exportProject(ZIPProjectManager.java:61)
		at br.org.scadabr.web.mvc.controller.ProjectExporterController.handleRequestInternal(ProjectExporterController.java:22)
		at org.springframework.web.servlet.mvc.AbstractController.handleRequest(AbstractController.java:153)
		at org.springframework.web.servlet.mvc.SimpleControllerHandlerAdapter.handle(SimpleControllerHandlerAdapter.java:48)
		at org.springframework.web.servlet.DispatcherServlet.doDispatch(DispatcherServlet.java:875)
		at org.springframework.web.servlet.DispatcherServlet.doService(DispatcherServlet.java:809)
		at org.springframework.web.servlet.FrameworkServlet.processRequest(FrameworkServlet.java:523)
		at org.springframework.web.servlet.FrameworkServlet.doGet(FrameworkServlet.java:453)
		at javax.servlet.http.HttpServlet.service(HttpServlet.java:655)
		at javax.servlet.http.HttpServlet.service(HttpServlet.java:764)
		at org.apache.catalina.core.ApplicationFilterChain.internalDoFilter(ApplicationFilterChain.java:227)
		at org.apache.catalina.core.ApplicationFilterChain.doFilter(ApplicationFilterChain.java:162)
		at org.apache.tomcat.websocket.server.WsFilter.doFilter(WsFilter.java:53)
		at org.apache.catalina.core.ApplicationFilterChain.internalDoFilter(ApplicationFilterChain.java:189)
		at org.apache.catalina.core.ApplicationFilterChain.doFilter(ApplicationFilterChain.java:162)
		at com.serotonin.web.filter.CharacterSetFilter.doFilter(CharacterSetFilter.java:37)
		at org.apache.catalina.core.ApplicationFilterChain.internalDoFilter(ApplicationFilterChain.java:189)
		at org.apache.catalina.core.ApplicationFilterChain.doFilter(ApplicationFilterChain.java:162)
		at org.apache.catalina.core.StandardWrapperValve.invoke(StandardWrapperValve.java:197)
		at org.apache.catalina.core.StandardContextValve.invoke(StandardContextValve.java:97)
		at org.apache.catalina.authenticator.AuthenticatorBase.invoke(AuthenticatorBase.java:542)
		at org.apache.catalina.core.StandardHostValve.invoke(StandardHostValve.java:135)
		at org.apache.catalina.valves.ErrorReportValve.invoke(ErrorReportValve.java:92)
		at org.apache.catalina.valves.AbstractAccessLogValve.invoke(AbstractAccessLogValve.java:687)
		at org.apache.catalina.core.StandardEngineValve.invoke(StandardEngineValve.java:78)
		at org.apache.catalina.connector.CoyoteAdapter.service(CoyoteAdapter.java:357)
		at org.apache.coyote.http11.Http11Processor.service(Http11Processor.java:382)
		at org.apache.coyote.AbstractProcessorLight.process(AbstractProcessorLight.java:65)
		at org.apache.coyote.AbstractProtocol$ConnectionHandler.process(AbstractProtocol.java:893)
		at org.apache.tomcat.util.net.NioEndpoint$SocketProcessor.doRun(NioEndpoint.java:1726)
		at org.apache.tomcat.util.net.SocketProcessorBase.run(SocketProcessorBase.java:49)
		at org.apache.tomcat.util.threads.ThreadPoolExecutor.runWorker(ThreadPoolExecutor.java:1191)
		at org.apache.tomcat.util.threads.ThreadPoolExecutor$Worker.run(ThreadPoolExecutor.java:659)
		at org.apache.tomcat.util.threads.TaskThread$WrappingRunnable.run(TaskThread.java:61)
		at java.base/java.lang.Thread.run(Thread.java:834)
