29-Oct-2022 14:42:43.068 INFO [main] org.apache.catalina.core.ApplicationContext.log Initializing Spring root WebApplicationContext
29-Oct-2022 14:42:54.236 INFO [main] org.apache.catalina.core.ApplicationContext.log Initializing Spring FrameworkServlet 'springDispatcher'
29-Oct-2022 14:42:58.781 INFO [main] org.apache.catalina.core.ApplicationContext.log ContextListener: contextInitialized()
29-Oct-2022 14:42:58.781 INFO [main] org.apache.catalina.core.ApplicationContext.log SessionListener: contextInitialized()
29-Oct-2022 14:42:58.784 INFO [main] org.apache.catalina.core.ApplicationContext.log ContextListener: attributeAdded('StockTicker', 'async.Stockticker@5c4d30a5')
29-Oct-2022 14:48:17.346 SEVERE [http-nio-8080-exec-4] org.apache.catalina.core.StandardWrapperValve.invoke Servlet.service() for servlet [springDispatcher] in context with path [/ScadaBR] threw exception [Request processing failed; nested exception is com.serotonin.ShouldNeverHappenException: Invalid submit parameter] with root cause
	com.serotonin.ShouldNeverHappenException: Invalid submit parameter
		at com.serotonin.mango.web.mvc.controller.ViewEditController.onSubmit(ViewEditController.java:191)
		at org.springframework.web.servlet.mvc.SimpleFormController.processFormSubmission(SimpleFormController.java:267)
		at org.springframework.web.servlet.mvc.AbstractFormController.handleRequestInternal(AbstractFormController.java:265)
		at org.springframework.web.servlet.mvc.AbstractController.handleRequest(AbstractController.java:153)
		at org.springframework.web.servlet.mvc.SimpleControllerHandlerAdapter.handle(SimpleControllerHandlerAdapter.java:48)
		at org.springframework.web.servlet.DispatcherServlet.doDispatch(DispatcherServlet.java:875)
		at org.springframework.web.servlet.DispatcherServlet.doService(DispatcherServlet.java:809)
		at org.springframework.web.servlet.FrameworkServlet.processRequest(FrameworkServlet.java:523)
		at org.springframework.web.servlet.FrameworkServlet.doPost(FrameworkServlet.java:463)
		at javax.servlet.http.HttpServlet.service(HttpServlet.java:681)
		at javax.servlet.http.HttpServlet.service(HttpServlet.java:764)
		at org.apache.catalina.core.ApplicationFilterChain.internalDoFilter(ApplicationFilterChain.java:227)
		at org.apache.catalina.core.ApplicationFilterChain.doFilter(ApplicationFilterChain.java:162)
		at org.apache.tomcat.websocket.server.WsFilter.doFilter(WsFilter.java:53)
		at org.apache.catalina.core.ApplicationFilterChain.internalDoFilter(ApplicationFilterChain.java:189)
		at org.apache.catalina.core.ApplicationFilterChain.doFilter(ApplicationFilterChain.java:162)
		at com.serotonin.mango.web.filter.WebContextFilter.doFilter(WebContextFilter.java:57)
		at org.apache.catalina.core.ApplicationFilterChain.internalDoFilter(ApplicationFilterChain.java:189)
		at org.apache.catalina.core.ApplicationFilterChain.doFilter(ApplicationFilterChain.java:162)
		at com.serotonin.mango.web.filter.LoggedInFilter.doFilter(LoggedInFilter.java:75)
		at org.apache.catalina.core.ApplicationFilterChain.internalDoFilter(ApplicationFilterChain.java:189)
		at org.apache.catalina.core.ApplicationFilterChain.doFilter(ApplicationFilterChain.java:162)
		at com.serotonin.web.filter.CharacterSetFilter.doFilter(CharacterSetFilter.java:37)
		at org.apache.catalina.core.ApplicationFilterChain.internalDoFilter(ApplicationFilterChain.java:189)
		at org.apache.catalina.core.ApplicationFilterChain.doFilter(ApplicationFilterChain.java:162)
		at org.apache.catalina.core.StandardWrapperValve.invoke(StandardWrapperValve.java:197)
		at org.apache.catalina.core.StandardContextValve.invoke(StandardContextValve.java:97)
		at org.apache.catalina.authenticator.AuthenticatorBase.invoke(AuthenticatorBase.java:542)
		at org.apache.catalina.core.StandardHostValve.invoke(StandardHostValve.java:135)
		at org.apache.catalina.valves.ErrorReportValve.invoke(ErrorReportValve.java:92)
		at org.apache.catalina.valves.AbstractAccessLogValve.invoke(AbstractAccessLogValve.java:687)
		at org.apache.catalina.core.StandardEngineValve.invoke(StandardEngineValve.java:78)
		at org.apache.catalina.connector.CoyoteAdapter.service(CoyoteAdapter.java:357)
		at org.apache.coyote.http11.Http11Processor.service(Http11Processor.java:382)
		at org.apache.coyote.AbstractProcessorLight.process(AbstractProcessorLight.java:65)
		at org.apache.coyote.AbstractProtocol$ConnectionHandler.process(AbstractProtocol.java:893)
		at org.apache.tomcat.util.net.NioEndpoint$SocketProcessor.doRun(NioEndpoint.java:1726)
		at org.apache.tomcat.util.net.SocketProcessorBase.run(SocketProcessorBase.java:49)
		at org.apache.tomcat.util.threads.ThreadPoolExecutor.runWorker(ThreadPoolExecutor.java:1191)
		at org.apache.tomcat.util.threads.ThreadPoolExecutor$Worker.run(ThreadPoolExecutor.java:659)
		at org.apache.tomcat.util.threads.TaskThread$WrappingRunnable.run(TaskThread.java:61)
		at java.base/java.lang.Thread.run(Thread.java:834)
29-Oct-2022 14:48:20.736 SEVERE [http-nio-8080-exec-8] org.apache.catalina.core.StandardWrapperValve.invoke Servlet.service() for servlet [springDispatcher] in context with path [/ScadaBR] threw exception [Request processing failed; nested exception is com.serotonin.ShouldNeverHappenException: Invalid submit parameter] with root cause
	com.serotonin.ShouldNeverHappenException: Invalid submit parameter
		at com.serotonin.mango.web.mvc.controller.ViewEditController.onSubmit(ViewEditController.java:191)
		at org.springframework.web.servlet.mvc.SimpleFormController.processFormSubmission(SimpleFormController.java:267)
		at org.springframework.web.servlet.mvc.AbstractFormController.handleRequestInternal(AbstractFormController.java:265)
		at org.springframework.web.servlet.mvc.AbstractController.handleRequest(AbstractController.java:153)
		at org.springframework.web.servlet.mvc.SimpleControllerHandlerAdapter.handle(SimpleControllerHandlerAdapter.java:48)
		at org.springframework.web.servlet.DispatcherServlet.doDispatch(DispatcherServlet.java:875)
		at org.springframework.web.servlet.DispatcherServlet.doService(DispatcherServlet.java:809)
		at org.springframework.web.servlet.FrameworkServlet.processRequest(FrameworkServlet.java:523)
		at org.springframework.web.servlet.FrameworkServlet.doPost(FrameworkServlet.java:463)
		at javax.servlet.http.HttpServlet.service(HttpServlet.java:681)
		at javax.servlet.http.HttpServlet.service(HttpServlet.java:764)
		at org.apache.catalina.core.ApplicationFilterChain.internalDoFilter(ApplicationFilterChain.java:227)
		at org.apache.catalina.core.ApplicationFilterChain.doFilter(ApplicationFilterChain.java:162)
		at org.apache.tomcat.websocket.server.WsFilter.doFilter(WsFilter.java:53)
		at org.apache.catalina.core.ApplicationFilterChain.internalDoFilter(ApplicationFilterChain.java:189)
		at org.apache.catalina.core.ApplicationFilterChain.doFilter(ApplicationFilterChain.java:162)
		at com.serotonin.mango.web.filter.WebContextFilter.doFilter(WebContextFilter.java:57)
		at org.apache.catalina.core.ApplicationFilterChain.internalDoFilter(ApplicationFilterChain.java:189)
		at org.apache.catalina.core.ApplicationFilterChain.doFilter(ApplicationFilterChain.java:162)
		at com.serotonin.mango.web.filter.LoggedInFilter.doFilter(LoggedInFilter.java:75)
		at org.apache.catalina.core.ApplicationFilterChain.internalDoFilter(ApplicationFilterChain.java:189)
		at org.apache.catalina.core.ApplicationFilterChain.doFilter(ApplicationFilterChain.java:162)
		at com.serotonin.web.filter.CharacterSetFilter.doFilter(CharacterSetFilter.java:37)
		at org.apache.catalina.core.ApplicationFilterChain.internalDoFilter(ApplicationFilterChain.java:189)
		at org.apache.catalina.core.ApplicationFilterChain.doFilter(ApplicationFilterChain.java:162)
		at org.apache.catalina.core.StandardWrapperValve.invoke(StandardWrapperValve.java:197)
		at org.apache.catalina.core.StandardContextValve.invoke(StandardContextValve.java:97)
		at org.apache.catalina.authenticator.AuthenticatorBase.invoke(AuthenticatorBase.java:542)
		at org.apache.catalina.core.StandardHostValve.invoke(StandardHostValve.java:135)
		at org.apache.catalina.valves.ErrorReportValve.invoke(ErrorReportValve.java:92)
		at org.apache.catalina.valves.AbstractAccessLogValve.invoke(AbstractAccessLogValve.java:687)
		at org.apache.catalina.core.StandardEngineValve.invoke(StandardEngineValve.java:78)
		at org.apache.catalina.connector.CoyoteAdapter.service(CoyoteAdapter.java:357)
		at org.apache.coyote.http11.Http11Processor.service(Http11Processor.java:382)
		at org.apache.coyote.AbstractProcessorLight.process(AbstractProcessorLight.java:65)
		at org.apache.coyote.AbstractProtocol$ConnectionHandler.process(AbstractProtocol.java:893)
		at org.apache.tomcat.util.net.NioEndpoint$SocketProcessor.doRun(NioEndpoint.java:1726)
		at org.apache.tomcat.util.net.SocketProcessorBase.run(SocketProcessorBase.java:49)
		at org.apache.tomcat.util.threads.ThreadPoolExecutor.runWorker(ThreadPoolExecutor.java:1191)
		at org.apache.tomcat.util.threads.ThreadPoolExecutor$Worker.run(ThreadPoolExecutor.java:659)
		at org.apache.tomcat.util.threads.TaskThread$WrappingRunnable.run(TaskThread.java:61)
		at java.base/java.lang.Thread.run(Thread.java:834)
29-Oct-2022 15:01:41.182 SEVERE [http-nio-8080-exec-8] org.apache.catalina.core.StandardWrapperValve.invoke Servlet.service() for servlet [springDispatcher] in context with path [/ScadaBR] threw exception [Request processing failed; nested exception is com.serotonin.ShouldNeverHappenException: Invalid submit parameter] with root cause
	com.serotonin.ShouldNeverHappenException: Invalid submit parameter
		at com.serotonin.mango.web.mvc.controller.ViewEditController.onSubmit(ViewEditController.java:191)
		at org.springframework.web.servlet.mvc.SimpleFormController.processFormSubmission(SimpleFormController.java:267)
		at org.springframework.web.servlet.mvc.AbstractFormController.handleRequestInternal(AbstractFormController.java:265)
		at org.springframework.web.servlet.mvc.AbstractController.handleRequest(AbstractController.java:153)
		at org.springframework.web.servlet.mvc.SimpleControllerHandlerAdapter.handle(SimpleControllerHandlerAdapter.java:48)
		at org.springframework.web.servlet.DispatcherServlet.doDispatch(DispatcherServlet.java:875)
		at org.springframework.web.servlet.DispatcherServlet.doService(DispatcherServlet.java:809)
		at org.springframework.web.servlet.FrameworkServlet.processRequest(FrameworkServlet.java:523)
		at org.springframework.web.servlet.FrameworkServlet.doPost(FrameworkServlet.java:463)
		at javax.servlet.http.HttpServlet.service(HttpServlet.java:681)
		at javax.servlet.http.HttpServlet.service(HttpServlet.java:764)
		at org.apache.catalina.core.ApplicationFilterChain.internalDoFilter(ApplicationFilterChain.java:227)
		at org.apache.catalina.core.ApplicationFilterChain.doFilter(ApplicationFilterChain.java:162)
		at org.apache.tomcat.websocket.server.WsFilter.doFilter(WsFilter.java:53)
		at org.apache.catalina.core.ApplicationFilterChain.internalDoFilter(ApplicationFilterChain.java:189)
		at org.apache.catalina.core.ApplicationFilterChain.doFilter(ApplicationFilterChain.java:162)
		at com.serotonin.mango.web.filter.WebContextFilter.doFilter(WebContextFilter.java:57)
		at org.apache.catalina.core.ApplicationFilterChain.internalDoFilter(ApplicationFilterChain.java:189)
		at org.apache.catalina.core.ApplicationFilterChain.doFilter(ApplicationFilterChain.java:162)
		at com.serotonin.mango.web.filter.LoggedInFilter.doFilter(LoggedInFilter.java:75)
		at org.apache.catalina.core.ApplicationFilterChain.internalDoFilter(ApplicationFilterChain.java:189)
		at org.apache.catalina.core.ApplicationFilterChain.doFilter(ApplicationFilterChain.java:162)
		at com.serotonin.web.filter.CharacterSetFilter.doFilter(CharacterSetFilter.java:37)
		at org.apache.catalina.core.ApplicationFilterChain.internalDoFilter(ApplicationFilterChain.java:189)
		at org.apache.catalina.core.ApplicationFilterChain.doFilter(ApplicationFilterChain.java:162)
		at org.apache.catalina.core.StandardWrapperValve.invoke(StandardWrapperValve.java:197)
		at org.apache.catalina.core.StandardContextValve.invoke(StandardContextValve.java:97)
		at org.apache.catalina.authenticator.AuthenticatorBase.invoke(AuthenticatorBase.java:542)
		at org.apache.catalina.core.StandardHostValve.invoke(StandardHostValve.java:135)
		at org.apache.catalina.valves.ErrorReportValve.invoke(ErrorReportValve.java:92)
		at org.apache.catalina.valves.AbstractAccessLogValve.invoke(AbstractAccessLogValve.java:687)
		at org.apache.catalina.core.StandardEngineValve.invoke(StandardEngineValve.java:78)
		at org.apache.catalina.connector.CoyoteAdapter.service(CoyoteAdapter.java:357)
		at org.apache.coyote.http11.Http11Processor.service(Http11Processor.java:382)
		at org.apache.coyote.AbstractProcessorLight.process(AbstractProcessorLight.java:65)
		at org.apache.coyote.AbstractProtocol$ConnectionHandler.process(AbstractProtocol.java:893)
		at org.apache.tomcat.util.net.NioEndpoint$SocketProcessor.doRun(NioEndpoint.java:1726)
		at org.apache.tomcat.util.net.SocketProcessorBase.run(SocketProcessorBase.java:49)
		at org.apache.tomcat.util.threads.ThreadPoolExecutor.runWorker(ThreadPoolExecutor.java:1191)
		at org.apache.tomcat.util.threads.ThreadPoolExecutor$Worker.run(ThreadPoolExecutor.java:659)
		at org.apache.tomcat.util.threads.TaskThread$WrappingRunnable.run(TaskThread.java:61)
		at java.base/java.lang.Thread.run(Thread.java:834)
29-Oct-2022 15:26:11.491 SEVERE [http-nio-8080-exec-7] org.apache.catalina.core.StandardWrapperValve.invoke Servlet.service() for servlet [springDispatcher] in context with path [/ScadaBR] threw exception [Request processing failed; nested exception is com.serotonin.ShouldNeverHappenException: Invalid submit parameter] with root cause
	com.serotonin.ShouldNeverHappenException: Invalid submit parameter
		at com.serotonin.mango.web.mvc.controller.ViewEditController.onSubmit(ViewEditController.java:191)
		at org.springframework.web.servlet.mvc.SimpleFormController.processFormSubmission(SimpleFormController.java:267)
		at org.springframework.web.servlet.mvc.AbstractFormController.handleRequestInternal(AbstractFormController.java:265)
		at org.springframework.web.servlet.mvc.AbstractController.handleRequest(AbstractController.java:153)
		at org.springframework.web.servlet.mvc.SimpleControllerHandlerAdapter.handle(SimpleControllerHandlerAdapter.java:48)
		at org.springframework.web.servlet.DispatcherServlet.doDispatch(DispatcherServlet.java:875)
		at org.springframework.web.servlet.DispatcherServlet.doService(DispatcherServlet.java:809)
		at org.springframework.web.servlet.FrameworkServlet.processRequest(FrameworkServlet.java:523)
		at org.springframework.web.servlet.FrameworkServlet.doPost(FrameworkServlet.java:463)
		at javax.servlet.http.HttpServlet.service(HttpServlet.java:681)
		at javax.servlet.http.HttpServlet.service(HttpServlet.java:764)
		at org.apache.catalina.core.ApplicationFilterChain.internalDoFilter(ApplicationFilterChain.java:227)
		at org.apache.catalina.core.ApplicationFilterChain.doFilter(ApplicationFilterChain.java:162)
		at org.apache.tomcat.websocket.server.WsFilter.doFilter(WsFilter.java:53)
		at org.apache.catalina.core.ApplicationFilterChain.internalDoFilter(ApplicationFilterChain.java:189)
		at org.apache.catalina.core.ApplicationFilterChain.doFilter(ApplicationFilterChain.java:162)
		at com.serotonin.mango.web.filter.WebContextFilter.doFilter(WebContextFilter.java:57)
		at org.apache.catalina.core.ApplicationFilterChain.internalDoFilter(ApplicationFilterChain.java:189)
		at org.apache.catalina.core.ApplicationFilterChain.doFilter(ApplicationFilterChain.java:162)
		at com.serotonin.mango.web.filter.LoggedInFilter.doFilter(LoggedInFilter.java:75)
		at org.apache.catalina.core.ApplicationFilterChain.internalDoFilter(ApplicationFilterChain.java:189)
		at org.apache.catalina.core.ApplicationFilterChain.doFilter(ApplicationFilterChain.java:162)
		at com.serotonin.web.filter.CharacterSetFilter.doFilter(CharacterSetFilter.java:37)
		at org.apache.catalina.core.ApplicationFilterChain.internalDoFilter(ApplicationFilterChain.java:189)
		at org.apache.catalina.core.ApplicationFilterChain.doFilter(ApplicationFilterChain.java:162)
		at org.apache.catalina.core.StandardWrapperValve.invoke(StandardWrapperValve.java:197)
		at org.apache.catalina.core.StandardContextValve.invoke(StandardContextValve.java:97)
		at org.apache.catalina.authenticator.AuthenticatorBase.invoke(AuthenticatorBase.java:542)
		at org.apache.catalina.core.StandardHostValve.invoke(StandardHostValve.java:135)
		at org.apache.catalina.valves.ErrorReportValve.invoke(ErrorReportValve.java:92)
		at org.apache.catalina.valves.AbstractAccessLogValve.invoke(AbstractAccessLogValve.java:687)
		at org.apache.catalina.core.StandardEngineValve.invoke(StandardEngineValve.java:78)
		at org.apache.catalina.connector.CoyoteAdapter.service(CoyoteAdapter.java:357)
		at org.apache.coyote.http11.Http11Processor.service(Http11Processor.java:382)
		at org.apache.coyote.AbstractProcessorLight.process(AbstractProcessorLight.java:65)
		at org.apache.coyote.AbstractProtocol$ConnectionHandler.process(AbstractProtocol.java:893)
		at org.apache.tomcat.util.net.NioEndpoint$SocketProcessor.doRun(NioEndpoint.java:1726)
		at org.apache.tomcat.util.net.SocketProcessorBase.run(SocketProcessorBase.java:49)
		at org.apache.tomcat.util.threads.ThreadPoolExecutor.runWorker(ThreadPoolExecutor.java:1191)
		at org.apache.tomcat.util.threads.ThreadPoolExecutor$Worker.run(ThreadPoolExecutor.java:659)
		at org.apache.tomcat.util.threads.TaskThread$WrappingRunnable.run(TaskThread.java:61)
		at java.base/java.lang.Thread.run(Thread.java:834)
29-Oct-2022 15:28:56.066 SEVERE [http-nio-8080-exec-5] org.apache.catalina.core.StandardWrapperValve.invoke Servlet.service() for servlet [springDispatcher] in context with path [/ScadaBR] threw exception [Request processing failed; nested exception is com.serotonin.ShouldNeverHappenException: Invalid submit parameter] with root cause
	com.serotonin.ShouldNeverHappenException: Invalid submit parameter
		at com.serotonin.mango.web.mvc.controller.ViewEditController.onSubmit(ViewEditController.java:191)
		at org.springframework.web.servlet.mvc.SimpleFormController.processFormSubmission(SimpleFormController.java:267)
		at org.springframework.web.servlet.mvc.AbstractFormController.handleRequestInternal(AbstractFormController.java:265)
		at org.springframework.web.servlet.mvc.AbstractController.handleRequest(AbstractController.java:153)
		at org.springframework.web.servlet.mvc.SimpleControllerHandlerAdapter.handle(SimpleControllerHandlerAdapter.java:48)
		at org.springframework.web.servlet.DispatcherServlet.doDispatch(DispatcherServlet.java:875)
		at org.springframework.web.servlet.DispatcherServlet.doService(DispatcherServlet.java:809)
		at org.springframework.web.servlet.FrameworkServlet.processRequest(FrameworkServlet.java:523)
		at org.springframework.web.servlet.FrameworkServlet.doPost(FrameworkServlet.java:463)
		at javax.servlet.http.HttpServlet.service(HttpServlet.java:681)
		at javax.servlet.http.HttpServlet.service(HttpServlet.java:764)
		at org.apache.catalina.core.ApplicationFilterChain.internalDoFilter(ApplicationFilterChain.java:227)
		at org.apache.catalina.core.ApplicationFilterChain.doFilter(ApplicationFilterChain.java:162)
		at org.apache.tomcat.websocket.server.WsFilter.doFilter(WsFilter.java:53)
		at org.apache.catalina.core.ApplicationFilterChain.internalDoFilter(ApplicationFilterChain.java:189)
		at org.apache.catalina.core.ApplicationFilterChain.doFilter(ApplicationFilterChain.java:162)
		at com.serotonin.mango.web.filter.WebContextFilter.doFilter(WebContextFilter.java:57)
		at org.apache.catalina.core.ApplicationFilterChain.internalDoFilter(ApplicationFilterChain.java:189)
		at org.apache.catalina.core.ApplicationFilterChain.doFilter(ApplicationFilterChain.java:162)
		at com.serotonin.mango.web.filter.LoggedInFilter.doFilter(LoggedInFilter.java:75)
		at org.apache.catalina.core.ApplicationFilterChain.internalDoFilter(ApplicationFilterChain.java:189)
		at org.apache.catalina.core.ApplicationFilterChain.doFilter(ApplicationFilterChain.java:162)
		at com.serotonin.web.filter.CharacterSetFilter.doFilter(CharacterSetFilter.java:37)
		at org.apache.catalina.core.ApplicationFilterChain.internalDoFilter(ApplicationFilterChain.java:189)
		at org.apache.catalina.core.ApplicationFilterChain.doFilter(ApplicationFilterChain.java:162)
		at org.apache.catalina.core.StandardWrapperValve.invoke(StandardWrapperValve.java:197)
		at org.apache.catalina.core.StandardContextValve.invoke(StandardContextValve.java:97)
		at org.apache.catalina.authenticator.AuthenticatorBase.invoke(AuthenticatorBase.java:542)
		at org.apache.catalina.core.StandardHostValve.invoke(StandardHostValve.java:135)
		at org.apache.catalina.valves.ErrorReportValve.invoke(ErrorReportValve.java:92)
		at org.apache.catalina.valves.AbstractAccessLogValve.invoke(AbstractAccessLogValve.java:687)
		at org.apache.catalina.core.StandardEngineValve.invoke(StandardEngineValve.java:78)
		at org.apache.catalina.connector.CoyoteAdapter.service(CoyoteAdapter.java:357)
		at org.apache.coyote.http11.Http11Processor.service(Http11Processor.java:382)
		at org.apache.coyote.AbstractProcessorLight.process(AbstractProcessorLight.java:65)
		at org.apache.coyote.AbstractProtocol$ConnectionHandler.process(AbstractProtocol.java:893)
		at org.apache.tomcat.util.net.NioEndpoint$SocketProcessor.doRun(NioEndpoint.java:1726)
		at org.apache.tomcat.util.net.SocketProcessorBase.run(SocketProcessorBase.java:49)
		at org.apache.tomcat.util.threads.ThreadPoolExecutor.runWorker(ThreadPoolExecutor.java:1191)
		at org.apache.tomcat.util.threads.ThreadPoolExecutor$Worker.run(ThreadPoolExecutor.java:659)
		at org.apache.tomcat.util.threads.TaskThread$WrappingRunnable.run(TaskThread.java:61)
		at java.base/java.lang.Thread.run(Thread.java:834)
29-Oct-2022 17:38:41.451 INFO [Thread-88] org.apache.catalina.core.ApplicationContext.log SessionListener: contextDestroyed()
29-Oct-2022 17:38:41.451 INFO [Thread-88] org.apache.catalina.core.ApplicationContext.log ContextListener: contextDestroyed()
29-Oct-2022 17:38:44.130 INFO [Thread-88] org.apache.catalina.core.ApplicationContext.log Destroying Spring FrameworkServlet 'springDispatcher'
29-Oct-2022 17:38:44.491 INFO [Thread-88] org.apache.catalina.core.ApplicationContext.log Closing Spring root WebApplicationContext
29-Oct-2022 17:39:08.281 INFO [main] org.apache.catalina.core.ApplicationContext.log Initializing Spring root WebApplicationContext
29-Oct-2022 17:39:14.666 INFO [main] org.apache.catalina.core.ApplicationContext.log Initializing Spring FrameworkServlet 'springDispatcher'
29-Oct-2022 17:39:21.145 INFO [main] org.apache.catalina.core.ApplicationContext.log ContextListener: contextInitialized()
29-Oct-2022 17:39:21.145 INFO [main] org.apache.catalina.core.ApplicationContext.log SessionListener: contextInitialized()
29-Oct-2022 17:39:21.147 INFO [main] org.apache.catalina.core.ApplicationContext.log ContextListener: attributeAdded('StockTicker', 'async.Stockticker@6b8eb7b2')
29-Oct-2022 17:41:06.497 INFO [Thread-19] org.apache.catalina.core.ApplicationContext.log SessionListener: contextDestroyed()
29-Oct-2022 17:41:06.497 INFO [Thread-19] org.apache.catalina.core.ApplicationContext.log ContextListener: contextDestroyed()
29-Oct-2022 17:41:06.514 INFO [Thread-19] org.apache.catalina.core.ApplicationContext.log Destroying Spring FrameworkServlet 'springDispatcher'
29-Oct-2022 17:41:06.649 INFO [Thread-19] org.apache.catalina.core.ApplicationContext.log Closing Spring root WebApplicationContext
29-Oct-2022 17:43:34.753 INFO [main] org.apache.catalina.core.ApplicationContext.log Initializing Spring root WebApplicationContext
29-Oct-2022 17:43:39.006 INFO [main] org.apache.catalina.core.ApplicationContext.log Initializing Spring FrameworkServlet 'springDispatcher'
29-Oct-2022 17:43:43.613 INFO [main] org.apache.catalina.core.ApplicationContext.log ContextListener: contextInitialized()
29-Oct-2022 17:43:43.614 INFO [main] org.apache.catalina.core.ApplicationContext.log SessionListener: contextInitialized()
29-Oct-2022 17:43:43.618 INFO [main] org.apache.catalina.core.ApplicationContext.log ContextListener: attributeAdded('StockTicker', 'async.Stockticker@3e2d5b6')
