
2022-11-16 15:34:00 Apache Commons Daemon procrun stderr initialized.
16-Nov-2022 15:34:03.529 INFO [main] org.apache.catalina.startup.VersionLoggerListener.log Server version name:   Apache Tomcat/9.0.52
16-Nov-2022 15:34:03.533 INFO [main] org.apache.catalina.startup.VersionLoggerListener.log Server built:          Jul 31 2021 04:12:17 UTC
16-Nov-2022 15:34:03.534 INFO [main] org.apache.catalina.startup.VersionLoggerListener.log Server version number: 9.0.52.0
16-Nov-2022 15:34:03.534 INFO [main] org.apache.catalina.startup.VersionLoggerListener.log OS Name:               Windows 10
16-Nov-2022 15:34:03.535 INFO [main] org.apache.catalina.startup.VersionLoggerListener.log OS Version:            10.0
16-Nov-2022 15:34:03.535 INFO [main] org.apache.catalina.startup.VersionLoggerListener.log Architecture:          amd64
16-Nov-2022 15:34:03.535 INFO [main] org.apache.catalina.startup.VersionLoggerListener.log Java Home:             C:\Program Files\Java\jdk-11.0.17
16-Nov-2022 15:34:03.535 INFO [main] org.apache.catalina.startup.VersionLoggerListener.log JVM Version:           11.0.17+10-LTS-269
16-Nov-2022 15:34:03.535 INFO [main] org.apache.catalina.startup.VersionLoggerListener.log JVM Vendor:            Oracle Corporation
16-Nov-2022 15:34:03.535 INFO [main] org.apache.catalina.startup.VersionLoggerListener.log CATALINA_BASE:         C:\Program Files\ScadaBR\tomcat
16-Nov-2022 15:34:03.536 INFO [main] org.apache.catalina.startup.VersionLoggerListener.log CATALINA_HOME:         C:\Program Files\ScadaBR\tomcat
16-Nov-2022 15:34:03.565 INFO [main] org.apache.catalina.startup.VersionLoggerListener.log Command line argument: -Dfile.encoding=UTF-8
16-Nov-2022 15:34:03.565 INFO [main] org.apache.catalina.startup.VersionLoggerListener.log Command line argument: -Djavax.servlet.request.encoding=UTF-8
16-Nov-2022 15:34:03.565 INFO [main] org.apache.catalina.startup.VersionLoggerListener.log Command line argument: -Dcatalina.home=C:\Program Files\ScadaBR\tomcat
16-Nov-2022 15:34:03.565 INFO [main] org.apache.catalina.startup.VersionLoggerListener.log Command line argument: -Dcatalina.base=C:\Program Files\ScadaBR\tomcat
16-Nov-2022 15:34:03.566 INFO [main] org.apache.catalina.startup.VersionLoggerListener.log Command line argument: -Djava.io.tmpdir=C:\Program Files\ScadaBR\tomcat\temp
16-Nov-2022 15:34:03.566 INFO [main] org.apache.catalina.startup.VersionLoggerListener.log Command line argument: -Djava.util.logging.manager=org.apache.juli.ClassLoaderLogManager
16-Nov-2022 15:34:03.567 INFO [main] org.apache.catalina.startup.VersionLoggerListener.log Command line argument: -Djava.util.logging.config.file=C:\Program Files\ScadaBR\tomcat\conf\logging.properties
16-Nov-2022 15:34:03.567 INFO [main] org.apache.catalina.startup.VersionLoggerListener.log Command line argument: --add-opens=java.base/java.lang=ALL-UNNAMED
16-Nov-2022 15:34:03.567 INFO [main] org.apache.catalina.startup.VersionLoggerListener.log Command line argument: --add-opens=java.base/java.io=ALL-UNNAMED
16-Nov-2022 15:34:03.567 INFO [main] org.apache.catalina.startup.VersionLoggerListener.log Command line argument: --add-opens=java.base/java.util=ALL-UNNAMED
16-Nov-2022 15:34:03.567 INFO [main] org.apache.catalina.startup.VersionLoggerListener.log Command line argument: --add-opens=java.base/java.util.concurrent=ALL-UNNAMED
16-Nov-2022 15:34:03.567 INFO [main] org.apache.catalina.startup.VersionLoggerListener.log Command line argument: --add-opens=java.rmi/sun.rmi.transport=ALL-UNNAMED
16-Nov-2022 15:34:03.568 INFO [main] org.apache.catalina.startup.VersionLoggerListener.log Command line argument: exit
16-Nov-2022 15:34:03.568 INFO [main] org.apache.catalina.startup.VersionLoggerListener.log Command line argument: abort
16-Nov-2022 15:34:03.569 INFO [main] org.apache.catalina.startup.VersionLoggerListener.log Command line argument: -Xms128m
16-Nov-2022 15:34:03.569 INFO [main] org.apache.catalina.startup.VersionLoggerListener.log Command line argument: -Xmx256m
16-Nov-2022 15:34:03.600 INFO [main] org.apache.catalina.core.AprLifecycleListener.lifecycleEvent Loaded Apache Tomcat Native library [1.2.30] using APR version [1.7.0].
16-Nov-2022 15:34:03.600 INFO [main] org.apache.catalina.core.AprLifecycleListener.lifecycleEvent APR capabilities: IPv6 [true], sendfile [true], accept filters [false], random [true], UDS [true].
16-Nov-2022 15:34:03.600 INFO [main] org.apache.catalina.core.AprLifecycleListener.lifecycleEvent APR/OpenSSL configuration: useAprConnector [false], useOpenSSL [true]
16-Nov-2022 15:34:03.619 INFO [main] org.apache.catalina.core.AprLifecycleListener.initializeSSL OpenSSL successfully initialized [OpenSSL 1.1.1k  25 Mar 2021]
16-Nov-2022 15:34:04.113 INFO [main] org.apache.coyote.AbstractProtocol.init Initializing ProtocolHandler ["http-nio-8080"]
16-Nov-2022 15:34:04.155 INFO [main] org.apache.catalina.startup.Catalina.load Server initialization in [1037] milliseconds
16-Nov-2022 15:34:04.259 INFO [main] org.apache.catalina.core.StandardService.startInternal Starting service [Catalina]
16-Nov-2022 15:34:04.259 INFO [main] org.apache.catalina.core.StandardEngine.startInternal Starting Servlet engine: [Apache Tomcat/9.0.52]
16-Nov-2022 15:34:04.296 INFO [main] org.apache.catalina.startup.HostConfig.deployWAR Deploying web application archive [C:\Program Files\ScadaBR\tomcat\webapps\ScadaBR.war]
16-Nov-2022 15:34:19.122 INFO [main] org.apache.jasper.servlet.TldScanner.scanJars At least one JAR was scanned for TLDs yet contained no TLDs. Enable debug logging for this logger for a complete list of JARs that were scanned but no TLDs were found in them. Skipping unneeded JARs during scanning can improve startup time and JSP compilation time.
16-Nov-2022 15:34:26.205 WARNING [main] org.apache.catalina.util.SessionIdGeneratorBase.createSecureRandom Creation of SecureRandom instance for session ID generation using [SHA1PRNG] took [214] milliseconds.
16-Nov-2022 15:34:27.636 INFO [main] org.apache.catalina.startup.HostConfig.deployWAR Deployment of web application archive [C:\Program Files\ScadaBR\tomcat\webapps\ScadaBR.war] has finished in [23.340] ms
16-Nov-2022 15:34:27.638 INFO [main] org.apache.catalina.startup.HostConfig.deployDirectory Diretório de instalação da aplicação web [C:\Program Files\ScadaBR\tomcat\webapps\docs]
16-Nov-2022 15:34:27.683 INFO [main] org.apache.catalina.startup.HostConfig.deployDirectory Deployment of web application directory [C:\Program Files\ScadaBR\tomcat\webapps\docs] has finished in [45] ms
16-Nov-2022 15:34:27.684 INFO [main] org.apache.catalina.startup.HostConfig.deployDirectory Diretório de instalação da aplicação web [C:\Program Files\ScadaBR\tomcat\webapps\examples]
16-Nov-2022 15:34:29.203 INFO [main] org.apache.catalina.startup.HostConfig.deployDirectory Deployment of web application directory [C:\Program Files\ScadaBR\tomcat\webapps\examples] has finished in [1.518] ms
16-Nov-2022 15:34:29.204 INFO [main] org.apache.catalina.startup.HostConfig.deployDirectory Diretório de instalação da aplicação web [C:\Program Files\ScadaBR\tomcat\webapps\host-manager]
16-Nov-2022 15:34:29.267 INFO [main] org.apache.catalina.startup.HostConfig.deployDirectory Deployment of web application directory [C:\Program Files\ScadaBR\tomcat\webapps\host-manager] has finished in [63] ms
16-Nov-2022 15:34:29.268 INFO [main] org.apache.catalina.startup.HostConfig.deployDirectory Diretório de instalação da aplicação web [C:\Program Files\ScadaBR\tomcat\webapps\manager]
16-Nov-2022 15:34:29.326 INFO [main] org.apache.catalina.startup.HostConfig.deployDirectory Deployment of web application directory [C:\Program Files\ScadaBR\tomcat\webapps\manager] has finished in [58] ms
16-Nov-2022 15:34:29.327 INFO [main] org.apache.catalina.startup.HostConfig.deployDirectory Diretório de instalação da aplicação web [C:\Program Files\ScadaBR\tomcat\webapps\ROOT]
16-Nov-2022 15:34:29.366 INFO [main] org.apache.catalina.startup.HostConfig.deployDirectory Deployment of web application directory [C:\Program Files\ScadaBR\tomcat\webapps\ROOT] has finished in [39] ms
16-Nov-2022 15:34:29.373 INFO [main] org.apache.coyote.AbstractProtocol.start Starting ProtocolHandler ["http-nio-8080"]
16-Nov-2022 15:34:29.654 INFO [main] org.apache.catalina.startup.Catalina.start Server startup in [25497] milliseconds
Exception in thread "Serotonin Timer" java.util.concurrent.RejectedExecutionException: Task com.serotonin.mango.util.timeout.TimeoutTask@63fb90b rejected from java.util.concurrent.ThreadPoolExecutor@6523ef0e[Running, pool size = 1000, active threads = 994, queued tasks = 0, completed tasks = 3170]
	at java.base/java.util.concurrent.ThreadPoolExecutor$AbortPolicy.rejectedExecution(ThreadPoolExecutor.java:2055)
	at java.base/java.util.concurrent.ThreadPoolExecutor.reject(ThreadPoolExecutor.java:825)
	at java.base/java.util.concurrent.ThreadPoolExecutor.execute(ThreadPoolExecutor.java:1355)
	at com.serotonin.timer.TimerThread.mainLoop(TimerThread.java:90)
	at com.serotonin.timer.TimerThread.run(TimerThread.java:29)
Exception in thread "pool-1-thread-2398" java.lang.IllegalStateException: Timer already cancelled.
	at com.serotonin.timer.RealTimeTimer.scheduleImpl(RealTimeTimer.java:76)
	at com.serotonin.timer.AbstractTimer.schedule(AbstractTimer.java:15)
	at com.serotonin.mango.rt.dataSource.meta.MetaPointLocatorRT$ScheduledUpdateTimeout.<init>(MetaPointLocatorRT.java:186)
	at com.serotonin.mango.rt.dataSource.meta.MetaPointLocatorRT$ScheduledUpdateTimeout.run(MetaPointLocatorRT.java:197)
	at com.serotonin.timer.TimerTask.run(TimerTask.java:78)
	at java.base/java.util.concurrent.ThreadPoolExecutor.runWorker(ThreadPoolExecutor.java:1128)
	at java.base/java.util.concurrent.ThreadPoolExecutor$Worker.run(ThreadPoolExecutor.java:628)
	at java.base/java.lang.Thread.run(Thread.java:834)
17-Nov-2022 18:16:52.667 INFO [Thread-23] org.apache.coyote.AbstractProtocol.pause Pausing ProtocolHandler ["http-nio-8080"]
17-Nov-2022 18:16:52.891 INFO [Thread-23] org.apache.catalina.core.StandardService.stopInternal Stopping service [Catalina]
17-Nov-2022 18:16:53.201 INFO [Thread-23] org.apache.catalina.core.StandardWrapper.unload Waiting for [1] instance(s) to be deallocated for Servlet [dwr-invoker]
17-Nov-2022 18:16:54.272 INFO [Thread-23] org.apache.catalina.core.StandardWrapper.unload Waiting for [1] instance(s) to be deallocated for Servlet [dwr-invoker]
17-Nov-2022 18:16:55.326 INFO [Thread-23] org.apache.catalina.core.StandardWrapper.unload Waiting for [1] instance(s) to be deallocated for Servlet [dwr-invoker]
17-Nov-2022 18:16:57.734 WARNING [Thread-23] org.apache.catalina.loader.WebappClassLoaderBase.clearReferencesJdbc The web application [ScadaBR] registered the JDBC driver [org.apache.derby.jdbc.AutoloadedDriver] but failed to unregister it when the web application was stopped. To prevent a memory leak, the JDBC Driver has been forcibly unregistered.
17-Nov-2022 18:16:57.734 WARNING [Thread-23] org.apache.catalina.loader.WebappClassLoaderBase.clearReferencesJdbc The web application [ScadaBR] registered the JDBC driver [com.mysql.jdbc.Driver] but failed to unregister it when the web application was stopped. To prevent a memory leak, the JDBC Driver has been forcibly unregistered.
17-Nov-2022 18:16:57.734 WARNING [Thread-23] org.apache.catalina.loader.WebappClassLoaderBase.clearReferencesJdbc The web application [ScadaBR] registered the JDBC driver [com.mysql.jdbc.Driver] but failed to unregister it when the web application was stopped. To prevent a memory leak, the JDBC Driver has been forcibly unregistered.
17-Nov-2022 18:16:57.734 WARNING [Thread-23] org.apache.catalina.loader.WebappClassLoaderBase.clearReferencesThreads The web application [ScadaBR] appears to have started a thread named [Dispatcher-Thread-2] but has failed to stop it. This is very likely to create a memory leak. Stack trace of thread:
 java.base@11.0.17/java.lang.Object.wait(Native Method)
 java.base@11.0.17/java.lang.Object.wait(Object.java:328)
 org.apache.log4j.AsyncAppender$Dispatcher.run(AsyncAppender.java:540)
 java.base@11.0.17/java.lang.Thread.run(Thread.java:834)
17-Nov-2022 18:16:57.734 WARNING [Thread-23] org.apache.catalina.loader.WebappClassLoaderBase.clearReferencesThreads The web application [ScadaBR] appears to have started a thread named [Dispatcher-Thread-3] but has failed to stop it. This is very likely to create a memory leak. Stack trace of thread:
 java.base@11.0.17/java.lang.Object.wait(Native Method)
 java.base@11.0.17/java.lang.Object.wait(Object.java:328)
 org.apache.log4j.AsyncAppender$Dispatcher.run(AsyncAppender.java:540)
 java.base@11.0.17/java.lang.Thread.run(Thread.java:834)
17-Nov-2022 18:16:57.734 WARNING [Thread-23] org.apache.catalina.loader.WebappClassLoaderBase.clearReferencesThreads The web application [ScadaBR] appears to have started a thread named [MySQL Statement Cancellation Timer] but has failed to stop it. This is very likely to create a memory leak. Stack trace of thread:
 java.base@11.0.17/java.lang.Object.wait(Native Method)
 java.base@11.0.17/java.lang.Object.wait(Object.java:328)
 java.base@11.0.17/java.util.TimerThread.mainLoop(Timer.java:527)
 java.base@11.0.17/java.util.TimerThread.run(Timer.java:506)
17-Nov-2022 18:16:57.734 WARNING [Thread-23] org.apache.catalina.loader.WebappClassLoaderBase.clearReferencesThreads The web application [ScadaBR] is still processing a request that has yet to finish. This is very likely to create a memory leak. You can control the time allowed for requests to finish by using the unloadDelay attribute of the standard Context implementation. Stack trace of request processing thread:[
 java.base@11.0.17/java.lang.Object.wait(Native Method)
 com.serotonin.mango.web.dwr.MiscDwr.doLongPoll(MiscDwr.java:479)
 jdk.internal.reflect.GeneratedMethodAccessor171.invoke(Unknown Source)
 java.base@11.0.17/jdk.internal.reflect.DelegatingMethodAccessorImpl.invoke(DelegatingMethodAccessorImpl.java:43)
 java.base@11.0.17/java.lang.reflect.Method.invoke(Method.java:566)
 org.directwebremoting.impl.ExecuteAjaxFilter.doFilter(ExecuteAjaxFilter.java:34)
 org.directwebremoting.impl.DefaultRemoter$1.doFilter(DefaultRemoter.java:428)
 com.serotonin.mango.web.dwr.util.LoggedInAjaxMethodFilter.doFilter(LoggedInAjaxMethodFilter.java:52)
 org.directwebremoting.impl.DefaultRemoter$1.doFilter(DefaultRemoter.java:428)
 com.serotonin.web.dwr.LocalizationFilter.doFilter(LocalizationFilter.java:42)
 org.directwebremoting.impl.DefaultRemoter$1.doFilter(DefaultRemoter.java:428)
 com.serotonin.mango.web.filter.ExceptionDetectionFilter.doFilter(ExceptionDetectionFilter.java:40)
 org.directwebremoting.impl.DefaultRemoter$1.doFilter(DefaultRemoter.java:428)
 org.directwebremoting.impl.DefaultRemoter.execute(DefaultRemoter.java:431)
 org.directwebremoting.impl.DefaultRemoter.execute(DefaultRemoter.java:283)
 org.directwebremoting.servlet.PlainCallHandler.handle(PlainCallHandler.java:52)
 org.directwebremoting.servlet.UrlProcessor.handle(UrlProcessor.java:101)
 org.directwebremoting.servlet.DwrServlet.doPost(DwrServlet.java:146)
 javax.servlet.http.HttpServlet.service(HttpServlet.java:681)
 javax.servlet.http.HttpServlet.service(HttpServlet.java:764)
 org.apache.catalina.core.ApplicationFilterChain.internalDoFilter(ApplicationFilterChain.java:227)
 org.apache.catalina.core.ApplicationFilterChain.doFilter(ApplicationFilterChain.java:162)
 org.apache.tomcat.websocket.server.WsFilter.doFilter(WsFilter.java:53)
 org.apache.catalina.core.ApplicationFilterChain.internalDoFilter(ApplicationFilterChain.java:189)
 org.apache.catalina.core.ApplicationFilterChain.doFilter(ApplicationFilterChain.java:162)
 org.apache.catalina.core.StandardWrapperValve.invoke(StandardWrapperValve.java:197)
 org.apache.catalina.core.StandardContextValve.invoke(StandardContextValve.java:97)
 org.apache.catalina.authenticator.AuthenticatorBase.invoke(AuthenticatorBase.java:542)
 org.apache.catalina.core.StandardHostValve.invoke(StandardHostValve.java:135)
 org.apache.catalina.valves.ErrorReportValve.invoke(ErrorReportValve.java:92)
 org.apache.catalina.valves.AbstractAccessLogValve.invoke(AbstractAccessLogValve.java:687)
 org.apache.catalina.core.StandardEngineValve.invoke(StandardEngineValve.java:78)
 org.apache.catalina.connector.CoyoteAdapter.service(CoyoteAdapter.java:357)
 org.apache.coyote.http11.Http11Processor.service(Http11Processor.java:382)
 org.apache.coyote.AbstractProcessorLight.process(AbstractProcessorLight.java:65)
 org.apache.coyote.AbstractProtocol$ConnectionHandler.process(AbstractProtocol.java:893)
 org.apache.tomcat.util.net.NioEndpoint$SocketProcessor.doRun(NioEndpoint.java:1726)
 org.apache.tomcat.util.net.SocketProcessorBase.run(SocketProcessorBase.java:49)
 org.apache.tomcat.util.threads.ThreadPoolExecutor.runWorker(ThreadPoolExecutor.java:1191)
 org.apache.tomcat.util.threads.ThreadPoolExecutor$Worker.run(ThreadPoolExecutor.java:659)
 org.apache.tomcat.util.threads.TaskThread$WrappingRunnable.run(TaskThread.java:61)
 java.base@11.0.17/java.lang.Thread.run(Thread.java:834)]
17-Nov-2022 18:16:57.742 SEVERE [Thread-23] org.apache.catalina.loader.WebappClassLoaderBase.checkThreadLocalMapForLeaks The web application [ScadaBR] created a ThreadLocal with key of type [java.lang.ThreadLocal] (value [java.lang.ThreadLocal@310720fc]) and a value of type [org.directwebremoting.servlet.DwrServlet] (value [org.directwebremoting.servlet.DwrServlet@4f2acaa8]) but failed to remove it when the web application was stopped. Threads are going to be renewed over time to try and avoid a probable memory leak.
17-Nov-2022 18:16:57.742 SEVERE [Thread-23] org.apache.catalina.loader.WebappClassLoaderBase.checkThreadLocalMapForLeaks The web application [ScadaBR] created a ThreadLocal with key of type [java.lang.ThreadLocal] (value [java.lang.ThreadLocal@b71dd8a]) and a value of type [org.directwebremoting.impl.DefaultWebContext] (value [org.directwebremoting.impl.DefaultWebContext@93c923d]) but failed to remove it when the web application was stopped. Threads are going to be renewed over time to try and avoid a probable memory leak.
17-Nov-2022 18:16:57.758 INFO [Thread-23] org.apache.coyote.AbstractProtocol.stop Stopping ProtocolHandler ["http-nio-8080"]
17-Nov-2022 18:17:02.799 WARNING [Thread-23] org.apache.tomcat.util.net.AbstractEndpoint.shutdownExecutor The executor associated with thread pool [http-nio-8080] has not fully shutdown. Some application threads may still be running.
17-Nov-2022 18:17:02.925 INFO [Thread-23] org.apache.coyote.AbstractProtocol.destroy Destroying ProtocolHandler ["http-nio-8080"]
