
2022-11-17 18:31:57 Apache Commons Daemon procrun stderr initialized.
17-Nov-2022 18:31:59.888 INFO [main] org.apache.catalina.startup.VersionLoggerListener.log Server version name:   Apache Tomcat/9.0.52
17-Nov-2022 18:31:59.896 INFO [main] org.apache.catalina.startup.VersionLoggerListener.log Server built:          Jul 31 2021 04:12:17 UTC
17-Nov-2022 18:31:59.896 INFO [main] org.apache.catalina.startup.VersionLoggerListener.log Server version number: 9.0.52.0
17-Nov-2022 18:31:59.896 INFO [main] org.apache.catalina.startup.VersionLoggerListener.log OS Name:               Windows 10
17-Nov-2022 18:31:59.896 INFO [main] org.apache.catalina.startup.VersionLoggerListener.log OS Version:            10.0
17-Nov-2022 18:31:59.896 INFO [main] org.apache.catalina.startup.VersionLoggerListener.log Architecture:          amd64
17-Nov-2022 18:31:59.896 INFO [main] org.apache.catalina.startup.VersionLoggerListener.log Java Home:             C:\Program Files\Java\jdk-11.0.17
17-Nov-2022 18:31:59.896 INFO [main] org.apache.catalina.startup.VersionLoggerListener.log JVM Version:           11.0.17+10-LTS-269
17-Nov-2022 18:31:59.896 INFO [main] org.apache.catalina.startup.VersionLoggerListener.log JVM Vendor:            Oracle Corporation
17-Nov-2022 18:31:59.896 INFO [main] org.apache.catalina.startup.VersionLoggerListener.log CATALINA_BASE:         C:\Program Files\ScadaBR\tomcat
17-Nov-2022 18:31:59.896 INFO [main] org.apache.catalina.startup.VersionLoggerListener.log CATALINA_HOME:         C:\Program Files\ScadaBR\tomcat
17-Nov-2022 18:31:59.929 INFO [main] org.apache.catalina.startup.VersionLoggerListener.log Command line argument: -Dfile.encoding=UTF-8
17-Nov-2022 18:31:59.929 INFO [main] org.apache.catalina.startup.VersionLoggerListener.log Command line argument: -Djavax.servlet.request.encoding=UTF-8
17-Nov-2022 18:31:59.929 INFO [main] org.apache.catalina.startup.VersionLoggerListener.log Command line argument: -Dcatalina.home=C:\Program Files\ScadaBR\tomcat
17-Nov-2022 18:31:59.929 INFO [main] org.apache.catalina.startup.VersionLoggerListener.log Command line argument: -Dcatalina.base=C:\Program Files\ScadaBR\tomcat
17-Nov-2022 18:31:59.929 INFO [main] org.apache.catalina.startup.VersionLoggerListener.log Command line argument: -Djava.io.tmpdir=C:\Program Files\ScadaBR\tomcat\temp
17-Nov-2022 18:31:59.929 INFO [main] org.apache.catalina.startup.VersionLoggerListener.log Command line argument: -Djava.util.logging.manager=org.apache.juli.ClassLoaderLogManager
17-Nov-2022 18:31:59.929 INFO [main] org.apache.catalina.startup.VersionLoggerListener.log Command line argument: -Djava.util.logging.config.file=C:\Program Files\ScadaBR\tomcat\conf\logging.properties
17-Nov-2022 18:31:59.929 INFO [main] org.apache.catalina.startup.VersionLoggerListener.log Command line argument: --add-opens=java.base/java.lang=ALL-UNNAMED
17-Nov-2022 18:31:59.929 INFO [main] org.apache.catalina.startup.VersionLoggerListener.log Command line argument: --add-opens=java.base/java.io=ALL-UNNAMED
17-Nov-2022 18:31:59.929 INFO [main] org.apache.catalina.startup.VersionLoggerListener.log Command line argument: --add-opens=java.base/java.util=ALL-UNNAMED
17-Nov-2022 18:31:59.929 INFO [main] org.apache.catalina.startup.VersionLoggerListener.log Command line argument: --add-opens=java.base/java.util.concurrent=ALL-UNNAMED
17-Nov-2022 18:31:59.929 INFO [main] org.apache.catalina.startup.VersionLoggerListener.log Command line argument: --add-opens=java.rmi/sun.rmi.transport=ALL-UNNAMED
17-Nov-2022 18:31:59.929 INFO [main] org.apache.catalina.startup.VersionLoggerListener.log Command line argument: exit
17-Nov-2022 18:31:59.929 INFO [main] org.apache.catalina.startup.VersionLoggerListener.log Command line argument: abort
17-Nov-2022 18:31:59.929 INFO [main] org.apache.catalina.startup.VersionLoggerListener.log Command line argument: -Xms128m
17-Nov-2022 18:31:59.929 INFO [main] org.apache.catalina.startup.VersionLoggerListener.log Command line argument: -Xmx256m
17-Nov-2022 18:31:59.975 INFO [main] org.apache.catalina.core.AprLifecycleListener.lifecycleEvent Loaded Apache Tomcat Native library [1.2.30] using APR version [1.7.0].
17-Nov-2022 18:31:59.975 INFO [main] org.apache.catalina.core.AprLifecycleListener.lifecycleEvent APR capabilities: IPv6 [true], sendfile [true], accept filters [false], random [true], UDS [true].
17-Nov-2022 18:31:59.975 INFO [main] org.apache.catalina.core.AprLifecycleListener.lifecycleEvent APR/OpenSSL configuration: useAprConnector [false], useOpenSSL [true]
17-Nov-2022 18:31:59.983 INFO [main] org.apache.catalina.core.AprLifecycleListener.initializeSSL OpenSSL successfully initialized [OpenSSL 1.1.1k  25 Mar 2021]
17-Nov-2022 18:32:00.445 INFO [main] org.apache.coyote.AbstractProtocol.init Initializing ProtocolHandler ["http-nio-8080"]
17-Nov-2022 18:32:00.496 INFO [main] org.apache.catalina.startup.Catalina.load Server initialization in [954] milliseconds
17-Nov-2022 18:32:00.587 INFO [main] org.apache.catalina.core.StandardService.startInternal Starting service [Catalina]
17-Nov-2022 18:32:00.587 INFO [main] org.apache.catalina.core.StandardEngine.startInternal Starting Servlet engine: [Apache Tomcat/9.0.52]
17-Nov-2022 18:32:00.636 INFO [main] org.apache.catalina.startup.HostConfig.deployWAR Deploying web application archive [C:\Program Files\ScadaBR\tomcat\webapps\ScadaBR.war]
17-Nov-2022 18:32:13.210 INFO [main] org.apache.jasper.servlet.TldScanner.scanJars At least one JAR was scanned for TLDs yet contained no TLDs. Enable debug logging for this logger for a complete list of JARs that were scanned but no TLDs were found in them. Skipping unneeded JARs during scanning can improve startup time and JSP compilation time.
17-Nov-2022 18:32:21.021 WARNING [main] org.apache.catalina.util.SessionIdGeneratorBase.createSecureRandom Creation of SecureRandom instance for session ID generation using [SHA1PRNG] took [375] milliseconds.
17-Nov-2022 18:32:22.504 INFO [main] org.apache.catalina.startup.HostConfig.deployWAR Deployment of web application archive [C:\Program Files\ScadaBR\tomcat\webapps\ScadaBR.war] has finished in [21.868] ms
17-Nov-2022 18:32:22.504 INFO [main] org.apache.catalina.startup.HostConfig.deployDirectory Diretório de instalação da aplicação web [C:\Program Files\ScadaBR\tomcat\webapps\docs]
17-Nov-2022 18:32:22.592 INFO [main] org.apache.catalina.startup.HostConfig.deployDirectory Deployment of web application directory [C:\Program Files\ScadaBR\tomcat\webapps\docs] has finished in [88] ms
17-Nov-2022 18:32:22.592 INFO [main] org.apache.catalina.startup.HostConfig.deployDirectory Diretório de instalação da aplicação web [C:\Program Files\ScadaBR\tomcat\webapps\examples]
17-Nov-2022 18:32:23.909 INFO [main] org.apache.catalina.startup.HostConfig.deployDirectory Deployment of web application directory [C:\Program Files\ScadaBR\tomcat\webapps\examples] has finished in [1.317] ms
17-Nov-2022 18:32:23.909 INFO [main] org.apache.catalina.startup.HostConfig.deployDirectory Diretório de instalação da aplicação web [C:\Program Files\ScadaBR\tomcat\webapps\host-manager]
17-Nov-2022 18:32:24.014 INFO [main] org.apache.catalina.startup.HostConfig.deployDirectory Deployment of web application directory [C:\Program Files\ScadaBR\tomcat\webapps\host-manager] has finished in [105] ms
17-Nov-2022 18:32:24.014 INFO [main] org.apache.catalina.startup.HostConfig.deployDirectory Diretório de instalação da aplicação web [C:\Program Files\ScadaBR\tomcat\webapps\manager]
17-Nov-2022 18:32:24.064 INFO [main] org.apache.catalina.startup.HostConfig.deployDirectory Deployment of web application directory [C:\Program Files\ScadaBR\tomcat\webapps\manager] has finished in [50] ms
17-Nov-2022 18:32:24.064 INFO [main] org.apache.catalina.startup.HostConfig.deployDirectory Diretório de instalação da aplicação web [C:\Program Files\ScadaBR\tomcat\webapps\ROOT]
17-Nov-2022 18:32:24.107 INFO [main] org.apache.catalina.startup.HostConfig.deployDirectory Deployment of web application directory [C:\Program Files\ScadaBR\tomcat\webapps\ROOT] has finished in [43] ms
17-Nov-2022 18:32:24.117 INFO [main] org.apache.coyote.AbstractProtocol.start Starting ProtocolHandler ["http-nio-8080"]
17-Nov-2022 18:32:24.358 INFO [main] org.apache.catalina.startup.Catalina.start Server startup in [23865] milliseconds
java.net.SocketException: Socket closed
	at java.base/java.net.PlainSocketImpl.checkAndReturnNativeFD(PlainSocketImpl.java:307)
	at java.base/java.net.PlainSocketImpl.socketAvailable(PlainSocketImpl.java:185)
	at java.base/java.net.AbstractPlainSocketImpl.available(AbstractPlainSocketImpl.java:555)
	at java.base/java.net.SocketInputStream.available(SocketInputStream.java:235)
	at com.serotonin.modbus4j.messaging.InputStreamListener.run(InputStreamListener.java:63)
	at java.base/java.lang.Thread.run(Thread.java:834)
java.net.SocketException: Socket closed
	at java.base/java.net.PlainSocketImpl.checkAndReturnNativeFD(PlainSocketImpl.java:307)
	at java.base/java.net.PlainSocketImpl.socketAvailable(PlainSocketImpl.java:185)
	at java.base/java.net.AbstractPlainSocketImpl.available(AbstractPlainSocketImpl.java:555)
	at java.base/java.net.SocketInputStream.available(SocketInputStream.java:235)
	at com.serotonin.modbus4j.messaging.InputStreamListener.run(InputStreamListener.java:63)
	at java.base/java.lang.Thread.run(Thread.java:834)
java.net.SocketException: Socket closed
	at java.base/java.net.SocketInputStream.socketRead0(Native Method)
	at java.base/java.net.SocketInputStream.socketRead(SocketInputStream.java:115)
	at java.base/java.net.SocketInputStream.read(SocketInputStream.java:168)
	at java.base/java.net.SocketInputStream.read(SocketInputStream.java:140)
	at java.base/java.net.SocketInputStream.read(SocketInputStream.java:126)
	at com.serotonin.modbus4j.messaging.InputStreamListener.run(InputStreamListener.java:75)
	at java.base/java.lang.Thread.run(Thread.java:834)
Exception in thread "Serotonin Timer" Exception in thread "pool-1-thread-11153" java.lang.IllegalStateException: Timer already cancelled.
	at com.serotonin.timer.RealTimeTimer.scheduleImpl(RealTimeTimer.java:76)
	at com.serotonin.timer.AbstractTimer.schedule(AbstractTimer.java:15)
	at com.serotonin.mango.rt.dataSource.meta.MetaPointLocatorRT$ScheduledUpdateTimeout.<init>(MetaPointLocatorRT.java:186)
	at com.serotonin.mango.rt.dataSource.meta.MetaPointLocatorRT$ScheduledUpdateTimeout.run(MetaPointLocatorRT.java:197)
	at com.serotonin.timer.TimerTask.run(TimerTask.java:78)
	at java.base/java.util.concurrent.ThreadPoolExecutor.runWorker(ThreadPoolExecutor.java:1128)
	at java.base/java.util.concurrent.ThreadPoolExecutor$Worker.run(ThreadPoolExecutor.java:628)
	at java.base/java.lang.Thread.run(Thread.java:834)
java.util.concurrent.RejectedExecutionException: Task com.serotonin.mango.util.timeout.TimeoutTask@4ca3fdcc rejected from java.util.concurrent.ThreadPoolExecutor@62a6ff69[Running, pool size = 1000, active threads = 1000, queued tasks = 0, completed tasks = 17745]
	at java.base/java.util.concurrent.ThreadPoolExecutor$AbortPolicy.rejectedExecution(ThreadPoolExecutor.java:2055)
	at java.base/java.util.concurrent.ThreadPoolExecutor.reject(ThreadPoolExecutor.java:825)
	at java.base/java.util.concurrent.ThreadPoolExecutor.execute(ThreadPoolExecutor.java:1355)
	at com.serotonin.timer.TimerThread.mainLoop(TimerThread.java:90)
	at com.serotonin.timer.TimerThread.run(TimerThread.java:29)
