
2022-11-08 19:11:05 Apache Commons Daemon procrun stderr initialized.
08-Nov-2022 19:11:07.785 INFO [main] org.apache.catalina.startup.VersionLoggerListener.log Server version name:   Apache Tomcat/9.0.52
08-Nov-2022 19:11:07.790 INFO [main] org.apache.catalina.startup.VersionLoggerListener.log Server built:          Jul 31 2021 04:12:17 UTC
08-Nov-2022 19:11:07.790 INFO [main] org.apache.catalina.startup.VersionLoggerListener.log Server version number: 9.0.52.0
08-Nov-2022 19:11:07.790 INFO [main] org.apache.catalina.startup.VersionLoggerListener.log OS Name:               Windows 10
08-Nov-2022 19:11:07.791 INFO [main] org.apache.catalina.startup.VersionLoggerListener.log OS Version:            10.0
08-Nov-2022 19:11:07.791 INFO [main] org.apache.catalina.startup.VersionLoggerListener.log Architecture:          amd64
08-Nov-2022 19:11:07.791 INFO [main] org.apache.catalina.startup.VersionLoggerListener.log Java Home:             C:\Program Files\Java\jdk-11.0.17
08-Nov-2022 19:11:07.791 INFO [main] org.apache.catalina.startup.VersionLoggerListener.log JVM Version:           11.0.17+10-LTS-269
08-Nov-2022 19:11:07.791 INFO [main] org.apache.catalina.startup.VersionLoggerListener.log JVM Vendor:            Oracle Corporation
08-Nov-2022 19:11:07.791 INFO [main] org.apache.catalina.startup.VersionLoggerListener.log CATALINA_BASE:         C:\Program Files\ScadaBR\tomcat
08-Nov-2022 19:11:07.792 INFO [main] org.apache.catalina.startup.VersionLoggerListener.log CATALINA_HOME:         C:\Program Files\ScadaBR\tomcat
08-Nov-2022 19:11:07.817 INFO [main] org.apache.catalina.startup.VersionLoggerListener.log Command line argument: -Dfile.encoding=UTF-8
08-Nov-2022 19:11:07.817 INFO [main] org.apache.catalina.startup.VersionLoggerListener.log Command line argument: -Djavax.servlet.request.encoding=UTF-8
08-Nov-2022 19:11:07.817 INFO [main] org.apache.catalina.startup.VersionLoggerListener.log Command line argument: -Dcatalina.home=C:\Program Files\ScadaBR\tomcat
08-Nov-2022 19:11:07.818 INFO [main] org.apache.catalina.startup.VersionLoggerListener.log Command line argument: -Dcatalina.base=C:\Program Files\ScadaBR\tomcat
08-Nov-2022 19:11:07.818 INFO [main] org.apache.catalina.startup.VersionLoggerListener.log Command line argument: -Djava.io.tmpdir=C:\Program Files\ScadaBR\tomcat\temp
08-Nov-2022 19:11:07.818 INFO [main] org.apache.catalina.startup.VersionLoggerListener.log Command line argument: -Djava.util.logging.manager=org.apache.juli.ClassLoaderLogManager
08-Nov-2022 19:11:07.818 INFO [main] org.apache.catalina.startup.VersionLoggerListener.log Command line argument: -Djava.util.logging.config.file=C:\Program Files\ScadaBR\tomcat\conf\logging.properties
08-Nov-2022 19:11:07.819 INFO [main] org.apache.catalina.startup.VersionLoggerListener.log Command line argument: --add-opens=java.base/java.lang=ALL-UNNAMED
08-Nov-2022 19:11:07.819 INFO [main] org.apache.catalina.startup.VersionLoggerListener.log Command line argument: --add-opens=java.base/java.io=ALL-UNNAMED
08-Nov-2022 19:11:07.819 INFO [main] org.apache.catalina.startup.VersionLoggerListener.log Command line argument: --add-opens=java.base/java.util=ALL-UNNAMED
08-Nov-2022 19:11:07.819 INFO [main] org.apache.catalina.startup.VersionLoggerListener.log Command line argument: --add-opens=java.base/java.util.concurrent=ALL-UNNAMED
08-Nov-2022 19:11:07.819 INFO [main] org.apache.catalina.startup.VersionLoggerListener.log Command line argument: --add-opens=java.rmi/sun.rmi.transport=ALL-UNNAMED
08-Nov-2022 19:11:07.819 INFO [main] org.apache.catalina.startup.VersionLoggerListener.log Command line argument: exit
08-Nov-2022 19:11:07.819 INFO [main] org.apache.catalina.startup.VersionLoggerListener.log Command line argument: abort
08-Nov-2022 19:11:07.819 INFO [main] org.apache.catalina.startup.VersionLoggerListener.log Command line argument: -Xms128m
08-Nov-2022 19:11:07.820 INFO [main] org.apache.catalina.startup.VersionLoggerListener.log Command line argument: -Xmx256m
08-Nov-2022 19:11:07.850 INFO [main] org.apache.catalina.core.AprLifecycleListener.lifecycleEvent Loaded Apache Tomcat Native library [1.2.30] using APR version [1.7.0].
08-Nov-2022 19:11:07.850 INFO [main] org.apache.catalina.core.AprLifecycleListener.lifecycleEvent APR capabilities: IPv6 [true], sendfile [true], accept filters [false], random [true], UDS [true].
08-Nov-2022 19:11:07.851 INFO [main] org.apache.catalina.core.AprLifecycleListener.lifecycleEvent APR/OpenSSL configuration: useAprConnector [false], useOpenSSL [true]
08-Nov-2022 19:11:07.871 INFO [main] org.apache.catalina.core.AprLifecycleListener.initializeSSL OpenSSL successfully initialized [OpenSSL 1.1.1k  25 Mar 2021]
08-Nov-2022 19:11:08.353 INFO [main] org.apache.coyote.AbstractProtocol.init Initializing ProtocolHandler ["http-nio-8080"]
08-Nov-2022 19:11:08.393 INFO [main] org.apache.catalina.startup.Catalina.load Server initialization in [1000] milliseconds
08-Nov-2022 19:11:08.495 INFO [main] org.apache.catalina.core.StandardService.startInternal Starting service [Catalina]
08-Nov-2022 19:11:08.496 INFO [main] org.apache.catalina.core.StandardEngine.startInternal Starting Servlet engine: [Apache Tomcat/9.0.52]
08-Nov-2022 19:11:08.539 INFO [main] org.apache.catalina.startup.HostConfig.deployWAR Deploying web application archive [C:\Program Files\ScadaBR\tomcat\webapps\ScadaBR.war]
08-Nov-2022 19:11:27.876 INFO [main] org.apache.jasper.servlet.TldScanner.scanJars At least one JAR was scanned for TLDs yet contained no TLDs. Enable debug logging for this logger for a complete list of JARs that were scanned but no TLDs were found in them. Skipping unneeded JARs during scanning can improve startup time and JSP compilation time.
08-Nov-2022 19:11:33.843 WARNING [main] org.apache.catalina.util.SessionIdGeneratorBase.createSecureRandom Creation of SecureRandom instance for session ID generation using [SHA1PRNG] took [258] milliseconds.
08-Nov-2022 19:11:36.370 INFO [main] org.apache.catalina.startup.HostConfig.deployWAR Deployment of web application archive [C:\Program Files\ScadaBR\tomcat\webapps\ScadaBR.war] has finished in [27.830] ms
08-Nov-2022 19:11:36.371 INFO [main] org.apache.catalina.startup.HostConfig.deployDirectory Diretório de instalação da aplicação web [C:\Program Files\ScadaBR\tomcat\webapps\docs]
08-Nov-2022 19:11:36.438 INFO [main] org.apache.catalina.startup.HostConfig.deployDirectory Deployment of web application directory [C:\Program Files\ScadaBR\tomcat\webapps\docs] has finished in [67] ms
08-Nov-2022 19:11:36.439 INFO [main] org.apache.catalina.startup.HostConfig.deployDirectory Diretório de instalação da aplicação web [C:\Program Files\ScadaBR\tomcat\webapps\examples]
08-Nov-2022 19:11:39.610 INFO [main] org.apache.catalina.startup.HostConfig.deployDirectory Deployment of web application directory [C:\Program Files\ScadaBR\tomcat\webapps\examples] has finished in [3.171] ms
08-Nov-2022 19:11:39.613 INFO [main] org.apache.catalina.startup.HostConfig.deployDirectory Diretório de instalação da aplicação web [C:\Program Files\ScadaBR\tomcat\webapps\host-manager]
08-Nov-2022 19:11:39.708 INFO [main] org.apache.catalina.startup.HostConfig.deployDirectory Deployment of web application directory [C:\Program Files\ScadaBR\tomcat\webapps\host-manager] has finished in [95] ms
08-Nov-2022 19:11:39.710 INFO [main] org.apache.catalina.startup.HostConfig.deployDirectory Diretório de instalação da aplicação web [C:\Program Files\ScadaBR\tomcat\webapps\manager]
08-Nov-2022 19:11:39.860 INFO [main] org.apache.catalina.startup.HostConfig.deployDirectory Deployment of web application directory [C:\Program Files\ScadaBR\tomcat\webapps\manager] has finished in [151] ms
08-Nov-2022 19:11:39.861 INFO [main] org.apache.catalina.startup.HostConfig.deployDirectory Diretório de instalação da aplicação web [C:\Program Files\ScadaBR\tomcat\webapps\ROOT]
08-Nov-2022 19:11:39.944 INFO [main] org.apache.catalina.startup.HostConfig.deployDirectory Deployment of web application directory [C:\Program Files\ScadaBR\tomcat\webapps\ROOT] has finished in [83] ms
08-Nov-2022 19:11:39.950 INFO [main] org.apache.coyote.AbstractProtocol.start Starting ProtocolHandler ["http-nio-8080"]
08-Nov-2022 19:11:40.381 INFO [main] org.apache.catalina.startup.Catalina.start Server startup in [31987] milliseconds
Exception in thread "Serotonin Timer" java.util.concurrent.RejectedExecutionException: Task com.serotonin.mango.util.timeout.TimeoutTask@1cc304d rejected from java.util.concurrent.ThreadPoolExecutor@78b418b4[Running, pool size = 1000, active threads = 999, queued tasks = 0, completed tasks = 28979]
	at java.base/java.util.concurrent.ThreadPoolExecutor$AbortPolicy.rejectedExecution(ThreadPoolExecutor.java:2055)
	at java.base/java.util.concurrent.ThreadPoolExecutor.reject(ThreadPoolExecutor.java:825)
	at java.base/java.util.concurrent.ThreadPoolExecutor.execute(ThreadPoolExecutor.java:1355)
	at com.serotonin.timer.TimerThread.mainLoop(TimerThread.java:90)
	at com.serotonin.timer.TimerThread.run(TimerThread.java:29)
Exception in thread "pool-1-thread-29115" java.lang.IllegalStateException: Timer already cancelled.
	at com.serotonin.timer.RealTimeTimer.scheduleImpl(RealTimeTimer.java:76)
	at com.serotonin.timer.AbstractTimer.schedule(AbstractTimer.java:15)
	at com.serotonin.mango.rt.dataSource.meta.MetaPointLocatorRT$ScheduledUpdateTimeout.<init>(MetaPointLocatorRT.java:186)
	at com.serotonin.mango.rt.dataSource.meta.MetaPointLocatorRT$ScheduledUpdateTimeout.run(MetaPointLocatorRT.java:197)
	at com.serotonin.timer.TimerTask.run(TimerTask.java:78)
	at java.base/java.util.concurrent.ThreadPoolExecutor.runWorker(ThreadPoolExecutor.java:1128)
	at java.base/java.util.concurrent.ThreadPoolExecutor$Worker.run(ThreadPoolExecutor.java:628)
	at java.base/java.lang.Thread.run(Thread.java:834)
09-Nov-2022 14:06:30.433 INFO [Thread-268] org.apache.coyote.AbstractProtocol.pause Pausing ProtocolHandler ["http-nio-8080"]
09-Nov-2022 14:06:30.683 INFO [Thread-268] org.apache.catalina.core.StandardService.stopInternal Stopping service [Catalina]
09-Nov-2022 14:06:30.962 INFO [Thread-268] org.apache.catalina.core.StandardWrapper.unload Waiting for [1] instance(s) to be deallocated for Servlet [dwr-invoker]
09-Nov-2022 14:06:32.009 INFO [Thread-268] org.apache.catalina.core.StandardWrapper.unload Waiting for [1] instance(s) to be deallocated for Servlet [dwr-invoker]
09-Nov-2022 14:06:34.841 WARNING [Thread-268] org.apache.catalina.loader.WebappClassLoaderBase.clearReferencesJdbc The web application [ScadaBR] registered the JDBC driver [org.apache.derby.jdbc.AutoloadedDriver] but failed to unregister it when the web application was stopped. To prevent a memory leak, the JDBC Driver has been forcibly unregistered.
09-Nov-2022 14:06:34.841 WARNING [Thread-268] org.apache.catalina.loader.WebappClassLoaderBase.clearReferencesJdbc The web application [ScadaBR] registered the JDBC driver [com.mysql.jdbc.Driver] but failed to unregister it when the web application was stopped. To prevent a memory leak, the JDBC Driver has been forcibly unregistered.
09-Nov-2022 14:06:34.841 WARNING [Thread-268] org.apache.catalina.loader.WebappClassLoaderBase.clearReferencesJdbc The web application [ScadaBR] registered the JDBC driver [com.mysql.jdbc.Driver] but failed to unregister it when the web application was stopped. To prevent a memory leak, the JDBC Driver has been forcibly unregistered.
09-Nov-2022 14:06:34.841 WARNING [Thread-268] org.apache.catalina.loader.WebappClassLoaderBase.clearReferencesThreads The web application [ScadaBR] appears to have started a thread named [Dispatcher-Thread-2] but has failed to stop it. This is very likely to create a memory leak. Stack trace of thread:
 java.base@11.0.17/java.lang.Object.wait(Native Method)
 java.base@11.0.17/java.lang.Object.wait(Object.java:328)
 org.apache.log4j.AsyncAppender$Dispatcher.run(AsyncAppender.java:540)
 java.base@11.0.17/java.lang.Thread.run(Thread.java:834)
09-Nov-2022 14:06:34.849 WARNING [Thread-268] org.apache.catalina.loader.WebappClassLoaderBase.clearReferencesThreads The web application [ScadaBR] appears to have started a thread named [Dispatcher-Thread-3] but has failed to stop it. This is very likely to create a memory leak. Stack trace of thread:
 java.base@11.0.17/java.lang.Object.wait(Native Method)
 java.base@11.0.17/java.lang.Object.wait(Object.java:328)
 org.apache.log4j.AsyncAppender$Dispatcher.run(AsyncAppender.java:540)
 java.base@11.0.17/java.lang.Thread.run(Thread.java:834)
09-Nov-2022 14:06:34.849 WARNING [Thread-268] org.apache.catalina.loader.WebappClassLoaderBase.clearReferencesThreads The web application [ScadaBR] appears to have started a thread named [MySQL Statement Cancellation Timer] but has failed to stop it. This is very likely to create a memory leak. Stack trace of thread:
 java.base@11.0.17/java.lang.Object.wait(Native Method)
 java.base@11.0.17/java.lang.Object.wait(Object.java:328)
 java.base@11.0.17/java.util.TimerThread.mainLoop(Timer.java:527)
 java.base@11.0.17/java.util.TimerThread.run(Timer.java:506)
09-Nov-2022 14:06:34.849 WARNING [Thread-268] org.apache.catalina.loader.WebappClassLoaderBase.clearReferencesThreads The web application [ScadaBR] appears to have started a thread named [File Reaper] but has failed to stop it. This is very likely to create a memory leak. Stack trace of thread:
 java.base@11.0.17/java.lang.Object.wait(Native Method)
 java.base@11.0.17/java.lang.ref.ReferenceQueue.remove(ReferenceQueue.java:155)
 java.base@11.0.17/java.lang.ref.ReferenceQueue.remove(ReferenceQueue.java:176)
 org.apache.commons.io.FileCleaner$1.run(FileCleaner.java:62)
09-Nov-2022 14:06:34.866 INFO [Thread-268] org.apache.coyote.AbstractProtocol.stop Stopping ProtocolHandler ["http-nio-8080"]
09-Nov-2022 14:06:34.874 INFO [Thread-268] org.apache.coyote.AbstractProtocol.destroy Destroying ProtocolHandler ["http-nio-8080"]
