
2022-11-09 14:06:37 Apache Commons Daemon procrun stdout initialized.
INFO  2022-11-09 14:06:54,275 (com.serotonin.mango.MangoContextListener.contextInitialized:85) - Mango context starting 
INFO  2022-11-09 14:06:54,307 (com.serotonin.mango.MangoContextListener.contextInitialized:95) - Max threads: 1000 
INFO  2022-11-09 14:06:58,385 (com.serotonin.mango.MangoContextListener.contextInitialized:140) - Mango context started 
ERROR 2022-11-10 16:32:09,231 (com.serotonin.mango.web.filter.ExceptionDetectionFilter.doFilter:52) - DWR invocation exception 
java.lang.IllegalStateException: Timer already cancelled.
	at com.serotonin.timer.RealTimeTimer.scheduleImpl(RealTimeTimer.java:76)
	at com.serotonin.timer.AbstractTimer.schedule(AbstractTimer.java:15)
	at com.serotonin.mango.util.timeout.TimeoutTask.<init>(TimeoutTask.java:24)
	at com.serotonin.mango.rt.dataSource.PollingDataSource.beginPolling(PollingDataSource.java:113)
	at com.serotonin.mango.rt.RuntimeManager.startDataSourcePolling(RuntimeManager.java:366)
	at com.serotonin.mango.rt.RuntimeManager.saveDataSource(RuntimeManager.java:321)
	at com.serotonin.mango.web.dwr.DataSourceListDwr.toggleDataSource(DataSourceListDwr.java:72)
	at java.base/jdk.internal.reflect.NativeMethodAccessorImpl.invoke0(Native Method)
	at java.base/jdk.internal.reflect.NativeMethodAccessorImpl.invoke(NativeMethodAccessorImpl.java:62)
	at java.base/jdk.internal.reflect.DelegatingMethodAccessorImpl.invoke(DelegatingMethodAccessorImpl.java:43)
	at java.base/java.lang.reflect.Method.invoke(Method.java:566)
	at org.directwebremoting.impl.ExecuteAjaxFilter.doFilter(ExecuteAjaxFilter.java:34)
	at org.directwebremoting.impl.DefaultRemoter$1.doFilter(DefaultRemoter.java:428)
	at com.serotonin.mango.web.dwr.util.LoggedInAjaxFilter.doFilter(LoggedInAjaxFilter.java:39)
	at org.directwebremoting.impl.DefaultRemoter$1.doFilter(DefaultRemoter.java:428)
	at com.serotonin.web.dwr.LocalizationFilter.doFilter(LocalizationFilter.java:42)
	at org.directwebremoting.impl.DefaultRemoter$1.doFilter(DefaultRemoter.java:428)
	at com.serotonin.mango.web.filter.ExceptionDetectionFilter.doFilter(ExceptionDetectionFilter.java:40)
	at org.directwebremoting.impl.DefaultRemoter$1.doFilter(DefaultRemoter.java:428)
	at org.directwebremoting.impl.DefaultRemoter.execute(DefaultRemoter.java:431)
	at org.directwebremoting.impl.DefaultRemoter.execute(DefaultRemoter.java:283)
	at org.directwebremoting.servlet.PlainCallHandler.handle(PlainCallHandler.java:52)
	at org.directwebremoting.servlet.UrlProcessor.handle(UrlProcessor.java:101)
	at org.directwebremoting.servlet.DwrServlet.doPost(DwrServlet.java:146)
	at javax.servlet.http.HttpServlet.service(HttpServlet.java:681)
	at javax.servlet.http.HttpServlet.service(HttpServlet.java:764)
	at org.apache.catalina.core.ApplicationFilterChain.internalDoFilter(ApplicationFilterChain.java:227)
	at org.apache.catalina.core.ApplicationFilterChain.doFilter(ApplicationFilterChain.java:162)
	at org.apache.tomcat.websocket.server.WsFilter.doFilter(WsFilter.java:53)
	at org.apache.catalina.core.ApplicationFilterChain.internalDoFilter(ApplicationFilterChain.java:189)
	at org.apache.catalina.core.ApplicationFilterChain.doFilter(ApplicationFilterChain.java:162)
	at org.apache.catalina.core.StandardWrapperValve.invoke(StandardWrapperValve.java:197)
	at org.apache.catalina.core.StandardContextValve.invoke(StandardContextValve.java:97)
	at org.apache.catalina.authenticator.AuthenticatorBase.invoke(AuthenticatorBase.java:542)
	at org.apache.catalina.core.StandardHostValve.invoke(StandardHostValve.java:135)
	at org.apache.catalina.valves.ErrorReportValve.invoke(ErrorReportValve.java:92)
	at org.apache.catalina.valves.AbstractAccessLogValve.invoke(AbstractAccessLogValve.java:687)
	at org.apache.catalina.core.StandardEngineValve.invoke(StandardEngineValve.java:78)
	at org.apache.catalina.connector.CoyoteAdapter.service(CoyoteAdapter.java:357)
	at org.apache.coyote.http11.Http11Processor.service(Http11Processor.java:382)
	at org.apache.coyote.AbstractProcessorLight.process(AbstractProcessorLight.java:65)
	at org.apache.coyote.AbstractProtocol$ConnectionHandler.process(AbstractProtocol.java:893)
	at org.apache.tomcat.util.net.NioEndpoint$SocketProcessor.doRun(NioEndpoint.java:1726)
	at org.apache.tomcat.util.net.SocketProcessorBase.run(SocketProcessorBase.java:49)
	at org.apache.tomcat.util.threads.ThreadPoolExecutor.runWorker(ThreadPoolExecutor.java:1191)
	at org.apache.tomcat.util.threads.ThreadPoolExecutor$Worker.run(ThreadPoolExecutor.java:659)
	at org.apache.tomcat.util.threads.TaskThread$WrappingRunnable.run(TaskThread.java:61)
	at java.base/java.lang.Thread.run(Thread.java:834)
ERROR 2022-11-10 16:36:45,822 (com.serotonin.mango.web.filter.ExceptionDetectionFilter.doFilter:52) - DWR invocation exception 
java.lang.IllegalStateException: Timer already cancelled.
	at com.serotonin.timer.RealTimeTimer.scheduleImpl(RealTimeTimer.java:76)
	at com.serotonin.timer.AbstractTimer.schedule(AbstractTimer.java:15)
	at com.serotonin.mango.util.timeout.TimeoutTask.<init>(TimeoutTask.java:24)
	at com.serotonin.mango.rt.dataSource.PollingDataSource.beginPolling(PollingDataSource.java:113)
	at com.serotonin.mango.rt.RuntimeManager.startDataSourcePolling(RuntimeManager.java:366)
	at com.serotonin.mango.rt.RuntimeManager.saveDataSource(RuntimeManager.java:321)
	at com.serotonin.mango.web.dwr.DataSourceEditDwr.tryDataSourceSave(DataSourceEditDwr.java:246)
	at com.serotonin.mango.web.dwr.DataSourceEditDwr.saveModbusIpDataSource(DataSourceEditDwr.java:669)
	at java.base/jdk.internal.reflect.NativeMethodAccessorImpl.invoke0(Native Method)
	at java.base/jdk.internal.reflect.NativeMethodAccessorImpl.invoke(NativeMethodAccessorImpl.java:62)
	at java.base/jdk.internal.reflect.DelegatingMethodAccessorImpl.invoke(DelegatingMethodAccessorImpl.java:43)
	at java.base/java.lang.reflect.Method.invoke(Method.java:566)
	at org.directwebremoting.impl.ExecuteAjaxFilter.doFilter(ExecuteAjaxFilter.java:34)
	at org.directwebremoting.impl.DefaultRemoter$1.doFilter(DefaultRemoter.java:428)
	at com.serotonin.mango.web.dwr.util.LoggedInAjaxFilter.doFilter(LoggedInAjaxFilter.java:39)
	at org.directwebremoting.impl.DefaultRemoter$1.doFilter(DefaultRemoter.java:428)
	at com.serotonin.web.dwr.LocalizationFilter.doFilter(LocalizationFilter.java:42)
	at org.directwebremoting.impl.DefaultRemoter$1.doFilter(DefaultRemoter.java:428)
	at com.serotonin.mango.web.filter.ExceptionDetectionFilter.doFilter(ExceptionDetectionFilter.java:40)
	at org.directwebremoting.impl.DefaultRemoter$1.doFilter(DefaultRemoter.java:428)
	at org.directwebremoting.impl.DefaultRemoter.execute(DefaultRemoter.java:431)
	at org.directwebremoting.impl.DefaultRemoter.execute(DefaultRemoter.java:283)
	at org.directwebremoting.servlet.PlainCallHandler.handle(PlainCallHandler.java:52)
	at org.directwebremoting.servlet.UrlProcessor.handle(UrlProcessor.java:101)
	at org.directwebremoting.servlet.DwrServlet.doPost(DwrServlet.java:146)
	at javax.servlet.http.HttpServlet.service(HttpServlet.java:681)
	at javax.servlet.http.HttpServlet.service(HttpServlet.java:764)
	at org.apache.catalina.core.ApplicationFilterChain.internalDoFilter(ApplicationFilterChain.java:227)
	at org.apache.catalina.core.ApplicationFilterChain.doFilter(ApplicationFilterChain.java:162)
	at org.apache.tomcat.websocket.server.WsFilter.doFilter(WsFilter.java:53)
	at org.apache.catalina.core.ApplicationFilterChain.internalDoFilter(ApplicationFilterChain.java:189)
	at org.apache.catalina.core.ApplicationFilterChain.doFilter(ApplicationFilterChain.java:162)
	at org.apache.catalina.core.StandardWrapperValve.invoke(StandardWrapperValve.java:197)
	at org.apache.catalina.core.StandardContextValve.invoke(StandardContextValve.java:97)
	at org.apache.catalina.authenticator.AuthenticatorBase.invoke(AuthenticatorBase.java:542)
	at org.apache.catalina.core.StandardHostValve.invoke(StandardHostValve.java:135)
	at org.apache.catalina.valves.ErrorReportValve.invoke(ErrorReportValve.java:92)
	at org.apache.catalina.valves.AbstractAccessLogValve.invoke(AbstractAccessLogValve.java:687)
	at org.apache.catalina.core.StandardEngineValve.invoke(StandardEngineValve.java:78)
	at org.apache.catalina.connector.CoyoteAdapter.service(CoyoteAdapter.java:357)
	at org.apache.coyote.http11.Http11Processor.service(Http11Processor.java:382)
	at org.apache.coyote.AbstractProcessorLight.process(AbstractProcessorLight.java:65)
	at org.apache.coyote.AbstractProtocol$ConnectionHandler.process(AbstractProtocol.java:893)
	at org.apache.tomcat.util.net.NioEndpoint$SocketProcessor.doRun(NioEndpoint.java:1726)
	at org.apache.tomcat.util.net.SocketProcessorBase.run(SocketProcessorBase.java:49)
	at org.apache.tomcat.util.threads.ThreadPoolExecutor.runWorker(ThreadPoolExecutor.java:1191)
	at org.apache.tomcat.util.threads.ThreadPoolExecutor$Worker.run(ThreadPoolExecutor.java:659)
	at org.apache.tomcat.util.threads.TaskThread$WrappingRunnable.run(TaskThread.java:61)
	at java.base/java.lang.Thread.run(Thread.java:834)
ERROR 2022-11-10 16:36:48,355 (com.serotonin.mango.web.filter.ExceptionDetectionFilter.doFilter:52) - DWR invocation exception 
java.lang.IllegalStateException: Timer already cancelled.
	at com.serotonin.timer.RealTimeTimer.scheduleImpl(RealTimeTimer.java:76)
	at com.serotonin.timer.AbstractTimer.schedule(AbstractTimer.java:15)
	at com.serotonin.mango.util.timeout.TimeoutTask.<init>(TimeoutTask.java:24)
	at com.serotonin.mango.rt.dataSource.PollingDataSource.beginPolling(PollingDataSource.java:113)
	at com.serotonin.mango.rt.RuntimeManager.startDataSourcePolling(RuntimeManager.java:366)
	at com.serotonin.mango.rt.RuntimeManager.saveDataSource(RuntimeManager.java:321)
	at com.serotonin.mango.web.dwr.DataSourceEditDwr.tryDataSourceSave(DataSourceEditDwr.java:246)
	at com.serotonin.mango.web.dwr.DataSourceEditDwr.saveModbusIpDataSource(DataSourceEditDwr.java:669)
	at java.base/jdk.internal.reflect.NativeMethodAccessorImpl.invoke0(Native Method)
	at java.base/jdk.internal.reflect.NativeMethodAccessorImpl.invoke(NativeMethodAccessorImpl.java:62)
	at java.base/jdk.internal.reflect.DelegatingMethodAccessorImpl.invoke(DelegatingMethodAccessorImpl.java:43)
	at java.base/java.lang.reflect.Method.invoke(Method.java:566)
	at org.directwebremoting.impl.ExecuteAjaxFilter.doFilter(ExecuteAjaxFilter.java:34)
	at org.directwebremoting.impl.DefaultRemoter$1.doFilter(DefaultRemoter.java:428)
	at com.serotonin.mango.web.dwr.util.LoggedInAjaxFilter.doFilter(LoggedInAjaxFilter.java:39)
	at org.directwebremoting.impl.DefaultRemoter$1.doFilter(DefaultRemoter.java:428)
	at com.serotonin.web.dwr.LocalizationFilter.doFilter(LocalizationFilter.java:42)
	at org.directwebremoting.impl.DefaultRemoter$1.doFilter(DefaultRemoter.java:428)
	at com.serotonin.mango.web.filter.ExceptionDetectionFilter.doFilter(ExceptionDetectionFilter.java:40)
	at org.directwebremoting.impl.DefaultRemoter$1.doFilter(DefaultRemoter.java:428)
	at org.directwebremoting.impl.DefaultRemoter.execute(DefaultRemoter.java:431)
	at org.directwebremoting.impl.DefaultRemoter.execute(DefaultRemoter.java:283)
	at org.directwebremoting.servlet.PlainCallHandler.handle(PlainCallHandler.java:52)
	at org.directwebremoting.servlet.UrlProcessor.handle(UrlProcessor.java:101)
	at org.directwebremoting.servlet.DwrServlet.doPost(DwrServlet.java:146)
	at javax.servlet.http.HttpServlet.service(HttpServlet.java:681)
	at javax.servlet.http.HttpServlet.service(HttpServlet.java:764)
	at org.apache.catalina.core.ApplicationFilterChain.internalDoFilter(ApplicationFilterChain.java:227)
	at org.apache.catalina.core.ApplicationFilterChain.doFilter(ApplicationFilterChain.java:162)
	at org.apache.tomcat.websocket.server.WsFilter.doFilter(WsFilter.java:53)
	at org.apache.catalina.core.ApplicationFilterChain.internalDoFilter(ApplicationFilterChain.java:189)
	at org.apache.catalina.core.ApplicationFilterChain.doFilter(ApplicationFilterChain.java:162)
	at org.apache.catalina.core.StandardWrapperValve.invoke(StandardWrapperValve.java:197)
	at org.apache.catalina.core.StandardContextValve.invoke(StandardContextValve.java:97)
	at org.apache.catalina.authenticator.AuthenticatorBase.invoke(AuthenticatorBase.java:542)
	at org.apache.catalina.core.StandardHostValve.invoke(StandardHostValve.java:135)
	at org.apache.catalina.valves.ErrorReportValve.invoke(ErrorReportValve.java:92)
	at org.apache.catalina.valves.AbstractAccessLogValve.invoke(AbstractAccessLogValve.java:687)
	at org.apache.catalina.core.StandardEngineValve.invoke(StandardEngineValve.java:78)
	at org.apache.catalina.connector.CoyoteAdapter.service(CoyoteAdapter.java:357)
	at org.apache.coyote.http11.Http11Processor.service(Http11Processor.java:382)
	at org.apache.coyote.AbstractProcessorLight.process(AbstractProcessorLight.java:65)
	at org.apache.coyote.AbstractProtocol$ConnectionHandler.process(AbstractProtocol.java:893)
	at org.apache.tomcat.util.net.NioEndpoint$SocketProcessor.doRun(NioEndpoint.java:1726)
	at org.apache.tomcat.util.net.SocketProcessorBase.run(SocketProcessorBase.java:49)
	at org.apache.tomcat.util.threads.ThreadPoolExecutor.runWorker(ThreadPoolExecutor.java:1191)
	at org.apache.tomcat.util.threads.ThreadPoolExecutor$Worker.run(ThreadPoolExecutor.java:659)
	at org.apache.tomcat.util.threads.TaskThread$WrappingRunnable.run(TaskThread.java:61)
	at java.base/java.lang.Thread.run(Thread.java:834)
WARN  2022-11-10 16:40:10,370 (com.serotonin.mango.web.dwr.MiscDwr.jsError:194) - Javascript error
   Description: Uncaught ReferenceError: WatchListDwr is not defined
   Page: http://localhost:8080/ScadaBR/view_edit.shtm?viewId=6
   Line: 1
   Browser name: Chrome
   Browser version: 105
   osName: Windows
   location: http://localhost:8080/ScadaBR/view_edit.shtm?viewId=6 
WARN  2022-11-10 16:40:11,095 (com.serotonin.mango.web.dwr.MiscDwr.jsError:194) - Javascript error
   Description: Uncaught ReferenceError: WatchListDwr is not defined
   Page: http://localhost:8080/ScadaBR/view_edit.shtm?viewId=6
   Line: 1
   Browser name: Chrome
   Browser version: 105
   osName: Windows
   location: http://localhost:8080/ScadaBR/view_edit.shtm?viewId=6 
WARN  2022-11-10 16:40:11,344 (com.serotonin.mango.web.dwr.MiscDwr.jsError:194) - Javascript error
   Description: Uncaught ReferenceError: WatchListDwr is not defined
   Page: http://localhost:8080/ScadaBR/view_edit.shtm?viewId=6
   Line: 1
   Browser name: Chrome
   Browser version: 105
   osName: Windows
   location: http://localhost:8080/ScadaBR/view_edit.shtm?viewId=6 
WARN  2022-11-10 16:40:11,525 (com.serotonin.mango.web.dwr.MiscDwr.jsError:194) - Javascript error
   Description: Uncaught ReferenceError: WatchListDwr is not defined
   Page: http://localhost:8080/ScadaBR/view_edit.shtm?viewId=6
   Line: 1
   Browser name: Chrome
   Browser version: 105
   osName: Windows
   location: http://localhost:8080/ScadaBR/view_edit.shtm?viewId=6 
WARN  2022-11-10 16:40:12,086 (com.serotonin.mango.web.dwr.MiscDwr.jsError:194) - Javascript error
   Description: Uncaught ReferenceError: WatchListDwr is not defined
   Page: http://localhost:8080/ScadaBR/view_edit.shtm?viewId=6
   Line: 1
   Browser name: Chrome
   Browser version: 105
   osName: Windows
   location: http://localhost:8080/ScadaBR/view_edit.shtm?viewId=6 
WARN  2022-11-10 16:40:12,237 (com.serotonin.mango.web.dwr.MiscDwr.jsError:194) - Javascript error
   Description: Uncaught ReferenceError: WatchListDwr is not defined
   Page: http://localhost:8080/ScadaBR/view_edit.shtm?viewId=6
   Line: 1
   Browser name: Chrome
   Browser version: 105
   osName: Windows
   location: http://localhost:8080/ScadaBR/view_edit.shtm?viewId=6 
WARN  2022-11-10 16:40:12,381 (com.serotonin.mango.web.dwr.MiscDwr.jsError:194) - Javascript error
   Description: Uncaught ReferenceError: WatchListDwr is not defined
   Page: http://localhost:8080/ScadaBR/view_edit.shtm?viewId=6
   Line: 1
   Browser name: Chrome
   Browser version: 105
   osName: Windows
   location: http://localhost:8080/ScadaBR/view_edit.shtm?viewId=6 
ERROR 2022-11-10 17:12:10,073 (com.serotonin.mango.web.filter.ExceptionDetectionFilter.doFilter:52) - DWR invocation exception 
java.lang.IllegalStateException: Timer already cancelled.
	at com.serotonin.timer.RealTimeTimer.scheduleImpl(RealTimeTimer.java:76)
	at com.serotonin.timer.AbstractTimer.schedule(AbstractTimer.java:15)
	at com.serotonin.mango.util.timeout.TimeoutTask.<init>(TimeoutTask.java:24)
	at com.serotonin.mango.rt.dataSource.PollingDataSource.beginPolling(PollingDataSource.java:113)
	at com.serotonin.mango.rt.RuntimeManager.startDataSourcePolling(RuntimeManager.java:366)
	at com.serotonin.mango.rt.RuntimeManager.saveDataSource(RuntimeManager.java:321)
	at com.serotonin.mango.web.dwr.DataSourceListDwr.toggleDataSource(DataSourceListDwr.java:72)
	at com.serotonin.mango.web.dwr.DataSourceEditDwr.toggleEditDataSource(DataSourceEditDwr.java:364)
	at java.base/jdk.internal.reflect.NativeMethodAccessorImpl.invoke0(Native Method)
	at java.base/jdk.internal.reflect.NativeMethodAccessorImpl.invoke(NativeMethodAccessorImpl.java:62)
	at java.base/jdk.internal.reflect.DelegatingMethodAccessorImpl.invoke(DelegatingMethodAccessorImpl.java:43)
	at java.base/java.lang.reflect.Method.invoke(Method.java:566)
	at org.directwebremoting.impl.ExecuteAjaxFilter.doFilter(ExecuteAjaxFilter.java:34)
	at org.directwebremoting.impl.DefaultRemoter$1.doFilter(DefaultRemoter.java:428)
	at com.serotonin.mango.web.dwr.util.LoggedInAjaxFilter.doFilter(LoggedInAjaxFilter.java:39)
	at org.directwebremoting.impl.DefaultRemoter$1.doFilter(DefaultRemoter.java:428)
	at com.serotonin.web.dwr.LocalizationFilter.doFilter(LocalizationFilter.java:42)
	at org.directwebremoting.impl.DefaultRemoter$1.doFilter(DefaultRemoter.java:428)
	at com.serotonin.mango.web.filter.ExceptionDetectionFilter.doFilter(ExceptionDetectionFilter.java:40)
	at org.directwebremoting.impl.DefaultRemoter$1.doFilter(DefaultRemoter.java:428)
	at org.directwebremoting.impl.DefaultRemoter.execute(DefaultRemoter.java:431)
	at org.directwebremoting.impl.DefaultRemoter.execute(DefaultRemoter.java:283)
	at org.directwebremoting.servlet.PlainCallHandler.handle(PlainCallHandler.java:52)
	at org.directwebremoting.servlet.UrlProcessor.handle(UrlProcessor.java:101)
	at org.directwebremoting.servlet.DwrServlet.doPost(DwrServlet.java:146)
	at javax.servlet.http.HttpServlet.service(HttpServlet.java:681)
	at javax.servlet.http.HttpServlet.service(HttpServlet.java:764)
	at org.apache.catalina.core.ApplicationFilterChain.internalDoFilter(ApplicationFilterChain.java:227)
	at org.apache.catalina.core.ApplicationFilterChain.doFilter(ApplicationFilterChain.java:162)
	at org.apache.tomcat.websocket.server.WsFilter.doFilter(WsFilter.java:53)
	at org.apache.catalina.core.ApplicationFilterChain.internalDoFilter(ApplicationFilterChain.java:189)
	at org.apache.catalina.core.ApplicationFilterChain.doFilter(ApplicationFilterChain.java:162)
	at org.apache.catalina.core.StandardWrapperValve.invoke(StandardWrapperValve.java:197)
	at org.apache.catalina.core.StandardContextValve.invoke(StandardContextValve.java:97)
	at org.apache.catalina.authenticator.AuthenticatorBase.invoke(AuthenticatorBase.java:542)
	at org.apache.catalina.core.StandardHostValve.invoke(StandardHostValve.java:135)
	at org.apache.catalina.valves.ErrorReportValve.invoke(ErrorReportValve.java:92)
	at org.apache.catalina.valves.AbstractAccessLogValve.invoke(AbstractAccessLogValve.java:687)
	at org.apache.catalina.core.StandardEngineValve.invoke(StandardEngineValve.java:78)
	at org.apache.catalina.connector.CoyoteAdapter.service(CoyoteAdapter.java:357)
	at org.apache.coyote.http11.Http11Processor.service(Http11Processor.java:382)
	at org.apache.coyote.AbstractProcessorLight.process(AbstractProcessorLight.java:65)
	at org.apache.coyote.AbstractProtocol$ConnectionHandler.process(AbstractProtocol.java:893)
	at org.apache.tomcat.util.net.NioEndpoint$SocketProcessor.doRun(NioEndpoint.java:1726)
	at org.apache.tomcat.util.net.SocketProcessorBase.run(SocketProcessorBase.java:49)
	at org.apache.tomcat.util.threads.ThreadPoolExecutor.runWorker(ThreadPoolExecutor.java:1191)
	at org.apache.tomcat.util.threads.ThreadPoolExecutor$Worker.run(ThreadPoolExecutor.java:659)
	at org.apache.tomcat.util.threads.TaskThread$WrappingRunnable.run(TaskThread.java:61)
	at java.base/java.lang.Thread.run(Thread.java:834)
ERROR 2022-11-10 17:20:31,154 (com.serotonin.mango.web.filter.ExceptionDetectionFilter.doFilter:52) - DWR invocation exception 
java.lang.IllegalStateException: Timer already cancelled.
	at com.serotonin.timer.RealTimeTimer.scheduleImpl(RealTimeTimer.java:76)
	at com.serotonin.timer.AbstractTimer.schedule(AbstractTimer.java:15)
	at com.serotonin.mango.util.timeout.TimeoutTask.<init>(TimeoutTask.java:24)
	at com.serotonin.mango.rt.dataSource.PollingDataSource.beginPolling(PollingDataSource.java:113)
	at com.serotonin.mango.rt.RuntimeManager.startDataSourcePolling(RuntimeManager.java:366)
	at com.serotonin.mango.rt.RuntimeManager.saveDataSource(RuntimeManager.java:321)
	at com.serotonin.mango.web.dwr.DataSourceListDwr.toggleDataSource(DataSourceListDwr.java:72)
	at java.base/jdk.internal.reflect.NativeMethodAccessorImpl.invoke0(Native Method)
	at java.base/jdk.internal.reflect.NativeMethodAccessorImpl.invoke(NativeMethodAccessorImpl.java:62)
	at java.base/jdk.internal.reflect.DelegatingMethodAccessorImpl.invoke(DelegatingMethodAccessorImpl.java:43)
	at java.base/java.lang.reflect.Method.invoke(Method.java:566)
	at org.directwebremoting.impl.ExecuteAjaxFilter.doFilter(ExecuteAjaxFilter.java:34)
	at org.directwebremoting.impl.DefaultRemoter$1.doFilter(DefaultRemoter.java:428)
	at com.serotonin.mango.web.dwr.util.LoggedInAjaxFilter.doFilter(LoggedInAjaxFilter.java:39)
	at org.directwebremoting.impl.DefaultRemoter$1.doFilter(DefaultRemoter.java:428)
	at com.serotonin.web.dwr.LocalizationFilter.doFilter(LocalizationFilter.java:42)
	at org.directwebremoting.impl.DefaultRemoter$1.doFilter(DefaultRemoter.java:428)
	at com.serotonin.mango.web.filter.ExceptionDetectionFilter.doFilter(ExceptionDetectionFilter.java:40)
	at org.directwebremoting.impl.DefaultRemoter$1.doFilter(DefaultRemoter.java:428)
	at org.directwebremoting.impl.DefaultRemoter.execute(DefaultRemoter.java:431)
	at org.directwebremoting.impl.DefaultRemoter.execute(DefaultRemoter.java:283)
	at org.directwebremoting.servlet.PlainCallHandler.handle(PlainCallHandler.java:52)
	at org.directwebremoting.servlet.UrlProcessor.handle(UrlProcessor.java:101)
	at org.directwebremoting.servlet.DwrServlet.doPost(DwrServlet.java:146)
	at javax.servlet.http.HttpServlet.service(HttpServlet.java:681)
	at javax.servlet.http.HttpServlet.service(HttpServlet.java:764)
	at org.apache.catalina.core.ApplicationFilterChain.internalDoFilter(ApplicationFilterChain.java:227)
	at org.apache.catalina.core.ApplicationFilterChain.doFilter(ApplicationFilterChain.java:162)
	at org.apache.tomcat.websocket.server.WsFilter.doFilter(WsFilter.java:53)
	at org.apache.catalina.core.ApplicationFilterChain.internalDoFilter(ApplicationFilterChain.java:189)
	at org.apache.catalina.core.ApplicationFilterChain.doFilter(ApplicationFilterChain.java:162)
	at org.apache.catalina.core.StandardWrapperValve.invoke(StandardWrapperValve.java:197)
	at org.apache.catalina.core.StandardContextValve.invoke(StandardContextValve.java:97)
	at org.apache.catalina.authenticator.AuthenticatorBase.invoke(AuthenticatorBase.java:542)
	at org.apache.catalina.core.StandardHostValve.invoke(StandardHostValve.java:135)
	at org.apache.catalina.valves.ErrorReportValve.invoke(ErrorReportValve.java:92)
	at org.apache.catalina.valves.AbstractAccessLogValve.invoke(AbstractAccessLogValve.java:687)
	at org.apache.catalina.core.StandardEngineValve.invoke(StandardEngineValve.java:78)
	at org.apache.catalina.connector.CoyoteAdapter.service(CoyoteAdapter.java:357)
	at org.apache.coyote.http11.Http11Processor.service(Http11Processor.java:382)
	at org.apache.coyote.AbstractProcessorLight.process(AbstractProcessorLight.java:65)
	at org.apache.coyote.AbstractProtocol$ConnectionHandler.process(AbstractProtocol.java:893)
	at org.apache.tomcat.util.net.NioEndpoint$SocketProcessor.doRun(NioEndpoint.java:1726)
	at org.apache.tomcat.util.net.SocketProcessorBase.run(SocketProcessorBase.java:49)
	at org.apache.tomcat.util.threads.ThreadPoolExecutor.runWorker(ThreadPoolExecutor.java:1191)
	at org.apache.tomcat.util.threads.ThreadPoolExecutor$Worker.run(ThreadPoolExecutor.java:659)
	at org.apache.tomcat.util.threads.TaskThread$WrappingRunnable.run(TaskThread.java:61)
	at java.base/java.lang.Thread.run(Thread.java:834)
ERROR 2022-11-10 17:20:39,801 (com.serotonin.mango.web.filter.ExceptionDetectionFilter.doFilter:52) - DWR invocation exception 
java.lang.IllegalStateException: Timer already cancelled.
	at com.serotonin.timer.RealTimeTimer.scheduleImpl(RealTimeTimer.java:76)
	at com.serotonin.timer.AbstractTimer.schedule(AbstractTimer.java:15)
	at com.serotonin.mango.util.timeout.TimeoutTask.<init>(TimeoutTask.java:24)
	at com.serotonin.mango.rt.dataSource.PollingDataSource.beginPolling(PollingDataSource.java:113)
	at com.serotonin.mango.rt.RuntimeManager.startDataSourcePolling(RuntimeManager.java:366)
	at com.serotonin.mango.rt.RuntimeManager.saveDataSource(RuntimeManager.java:321)
	at com.serotonin.mango.web.dwr.DataSourceEditDwr.tryDataSourceSave(DataSourceEditDwr.java:246)
	at com.serotonin.mango.web.dwr.DataSourceEditDwr.saveModbusIpDataSource(DataSourceEditDwr.java:669)
	at java.base/jdk.internal.reflect.NativeMethodAccessorImpl.invoke0(Native Method)
	at java.base/jdk.internal.reflect.NativeMethodAccessorImpl.invoke(NativeMethodAccessorImpl.java:62)
	at java.base/jdk.internal.reflect.DelegatingMethodAccessorImpl.invoke(DelegatingMethodAccessorImpl.java:43)
	at java.base/java.lang.reflect.Method.invoke(Method.java:566)
	at org.directwebremoting.impl.ExecuteAjaxFilter.doFilter(ExecuteAjaxFilter.java:34)
	at org.directwebremoting.impl.DefaultRemoter$1.doFilter(DefaultRemoter.java:428)
	at com.serotonin.mango.web.dwr.util.LoggedInAjaxFilter.doFilter(LoggedInAjaxFilter.java:39)
	at org.directwebremoting.impl.DefaultRemoter$1.doFilter(DefaultRemoter.java:428)
	at com.serotonin.web.dwr.LocalizationFilter.doFilter(LocalizationFilter.java:42)
	at org.directwebremoting.impl.DefaultRemoter$1.doFilter(DefaultRemoter.java:428)
	at com.serotonin.mango.web.filter.ExceptionDetectionFilter.doFilter(ExceptionDetectionFilter.java:40)
	at org.directwebremoting.impl.DefaultRemoter$1.doFilter(DefaultRemoter.java:428)
	at org.directwebremoting.impl.DefaultRemoter.execute(DefaultRemoter.java:431)
	at org.directwebremoting.impl.DefaultRemoter.execute(DefaultRemoter.java:283)
	at org.directwebremoting.servlet.PlainCallHandler.handle(PlainCallHandler.java:52)
	at org.directwebremoting.servlet.UrlProcessor.handle(UrlProcessor.java:101)
	at org.directwebremoting.servlet.DwrServlet.doPost(DwrServlet.java:146)
	at javax.servlet.http.HttpServlet.service(HttpServlet.java:681)
	at javax.servlet.http.HttpServlet.service(HttpServlet.java:764)
	at org.apache.catalina.core.ApplicationFilterChain.internalDoFilter(ApplicationFilterChain.java:227)
	at org.apache.catalina.core.ApplicationFilterChain.doFilter(ApplicationFilterChain.java:162)
	at org.apache.tomcat.websocket.server.WsFilter.doFilter(WsFilter.java:53)
	at org.apache.catalina.core.ApplicationFilterChain.internalDoFilter(ApplicationFilterChain.java:189)
	at org.apache.catalina.core.ApplicationFilterChain.doFilter(ApplicationFilterChain.java:162)
	at org.apache.catalina.core.StandardWrapperValve.invoke(StandardWrapperValve.java:197)
	at org.apache.catalina.core.StandardContextValve.invoke(StandardContextValve.java:97)
	at org.apache.catalina.authenticator.AuthenticatorBase.invoke(AuthenticatorBase.java:542)
	at org.apache.catalina.core.StandardHostValve.invoke(StandardHostValve.java:135)
	at org.apache.catalina.valves.ErrorReportValve.invoke(ErrorReportValve.java:92)
	at org.apache.catalina.valves.AbstractAccessLogValve.invoke(AbstractAccessLogValve.java:687)
	at org.apache.catalina.core.StandardEngineValve.invoke(StandardEngineValve.java:78)
	at org.apache.catalina.connector.CoyoteAdapter.service(CoyoteAdapter.java:357)
	at org.apache.coyote.http11.Http11Processor.service(Http11Processor.java:382)
	at org.apache.coyote.AbstractProcessorLight.process(AbstractProcessorLight.java:65)
	at org.apache.coyote.AbstractProtocol$ConnectionHandler.process(AbstractProtocol.java:893)
	at org.apache.tomcat.util.net.NioEndpoint$SocketProcessor.doRun(NioEndpoint.java:1726)
	at org.apache.tomcat.util.net.SocketProcessorBase.run(SocketProcessorBase.java:49)
	at org.apache.tomcat.util.threads.ThreadPoolExecutor.runWorker(ThreadPoolExecutor.java:1191)
	at org.apache.tomcat.util.threads.ThreadPoolExecutor$Worker.run(ThreadPoolExecutor.java:659)
	at org.apache.tomcat.util.threads.TaskThread$WrappingRunnable.run(TaskThread.java:61)
	at java.base/java.lang.Thread.run(Thread.java:834)
ERROR 2022-11-10 17:20:56,920 (com.serotonin.mango.web.filter.ExceptionDetectionFilter.doFilter:52) - DWR invocation exception 
java.lang.IllegalStateException: Timer already cancelled.
	at com.serotonin.timer.RealTimeTimer.scheduleImpl(RealTimeTimer.java:76)
	at com.serotonin.timer.AbstractTimer.schedule(AbstractTimer.java:15)
	at com.serotonin.mango.util.timeout.TimeoutTask.<init>(TimeoutTask.java:24)
	at com.serotonin.mango.rt.dataSource.PollingDataSource.beginPolling(PollingDataSource.java:113)
	at com.serotonin.mango.rt.RuntimeManager.startDataSourcePolling(RuntimeManager.java:366)
	at com.serotonin.mango.rt.RuntimeManager.saveDataSource(RuntimeManager.java:321)
	at com.serotonin.mango.web.dwr.DataSourceListDwr.toggleDataSource(DataSourceListDwr.java:72)
	at com.serotonin.mango.web.dwr.DataSourceEditDwr.toggleEditDataSource(DataSourceEditDwr.java:364)
	at java.base/jdk.internal.reflect.NativeMethodAccessorImpl.invoke0(Native Method)
	at java.base/jdk.internal.reflect.NativeMethodAccessorImpl.invoke(NativeMethodAccessorImpl.java:62)
	at java.base/jdk.internal.reflect.DelegatingMethodAccessorImpl.invoke(DelegatingMethodAccessorImpl.java:43)
	at java.base/java.lang.reflect.Method.invoke(Method.java:566)
	at org.directwebremoting.impl.ExecuteAjaxFilter.doFilter(ExecuteAjaxFilter.java:34)
	at org.directwebremoting.impl.DefaultRemoter$1.doFilter(DefaultRemoter.java:428)
	at com.serotonin.mango.web.dwr.util.LoggedInAjaxFilter.doFilter(LoggedInAjaxFilter.java:39)
	at org.directwebremoting.impl.DefaultRemoter$1.doFilter(DefaultRemoter.java:428)
	at com.serotonin.web.dwr.LocalizationFilter.doFilter(LocalizationFilter.java:42)
	at org.directwebremoting.impl.DefaultRemoter$1.doFilter(DefaultRemoter.java:428)
	at com.serotonin.mango.web.filter.ExceptionDetectionFilter.doFilter(ExceptionDetectionFilter.java:40)
	at org.directwebremoting.impl.DefaultRemoter$1.doFilter(DefaultRemoter.java:428)
	at org.directwebremoting.impl.DefaultRemoter.execute(DefaultRemoter.java:431)
	at org.directwebremoting.impl.DefaultRemoter.execute(DefaultRemoter.java:283)
	at org.directwebremoting.servlet.PlainCallHandler.handle(PlainCallHandler.java:52)
	at org.directwebremoting.servlet.UrlProcessor.handle(UrlProcessor.java:101)
	at org.directwebremoting.servlet.DwrServlet.doPost(DwrServlet.java:146)
	at javax.servlet.http.HttpServlet.service(HttpServlet.java:681)
	at javax.servlet.http.HttpServlet.service(HttpServlet.java:764)
	at org.apache.catalina.core.ApplicationFilterChain.internalDoFilter(ApplicationFilterChain.java:227)
	at org.apache.catalina.core.ApplicationFilterChain.doFilter(ApplicationFilterChain.java:162)
	at org.apache.tomcat.websocket.server.WsFilter.doFilter(WsFilter.java:53)
	at org.apache.catalina.core.ApplicationFilterChain.internalDoFilter(ApplicationFilterChain.java:189)
	at org.apache.catalina.core.ApplicationFilterChain.doFilter(ApplicationFilterChain.java:162)
	at org.apache.catalina.core.StandardWrapperValve.invoke(StandardWrapperValve.java:197)
	at org.apache.catalina.core.StandardContextValve.invoke(StandardContextValve.java:97)
	at org.apache.catalina.authenticator.AuthenticatorBase.invoke(AuthenticatorBase.java:542)
	at org.apache.catalina.core.StandardHostValve.invoke(StandardHostValve.java:135)
	at org.apache.catalina.valves.ErrorReportValve.invoke(ErrorReportValve.java:92)
	at org.apache.catalina.valves.AbstractAccessLogValve.invoke(AbstractAccessLogValve.java:687)
	at org.apache.catalina.core.StandardEngineValve.invoke(StandardEngineValve.java:78)
	at org.apache.catalina.connector.CoyoteAdapter.service(CoyoteAdapter.java:357)
	at org.apache.coyote.http11.Http11Processor.service(Http11Processor.java:382)
	at org.apache.coyote.AbstractProcessorLight.process(AbstractProcessorLight.java:65)
	at org.apache.coyote.AbstractProtocol$ConnectionHandler.process(AbstractProtocol.java:893)
	at org.apache.tomcat.util.net.NioEndpoint$SocketProcessor.doRun(NioEndpoint.java:1726)
	at org.apache.tomcat.util.net.SocketProcessorBase.run(SocketProcessorBase.java:49)
	at org.apache.tomcat.util.threads.ThreadPoolExecutor.runWorker(ThreadPoolExecutor.java:1191)
	at org.apache.tomcat.util.threads.ThreadPoolExecutor$Worker.run(ThreadPoolExecutor.java:659)
	at org.apache.tomcat.util.threads.TaskThread$WrappingRunnable.run(TaskThread.java:61)
	at java.base/java.lang.Thread.run(Thread.java:834)
INFO  2022-11-10 17:21:47,879 (com.serotonin.mango.MangoContextListener.contextDestroyed:145) - Mango context terminating 
INFO  2022-11-10 17:21:47,968 (com.serotonin.mango.MangoContextListener.contextDestroyed:168) - Mango context terminated 
